<?xml version="1.0" encoding="UTF-8"?>
<!-- Generated by org.testng.reporters.JUnitReportReporter -->
<testsuite hostname="INBANGNBLENO10" name="com.chkpoint.TestLifecycleUnknownValid" tests="7" failures="0" timestamp="31 Oct 2018 04:34:23 GMT" time="98.084" errors="0">
  <testcase name="Test04PutawayItems" time="17.010" classname="com.chkpoint.TestLifecycleUnknownValid"/>
  <testcase name="Test02EncodeItems" time="13.550" classname="com.chkpoint.TestLifecycleUnknownValid"/>
  <testcase name="Test07ReturnItems" time="7.979" classname="com.chkpoint.TestLifecycleUnknownValid"/>
  <testcase name="Test03ReceiveItems" time="8.724" classname="com.chkpoint.TestLifecycleUnknownValid"/>
  <testcase name="Test06RetireItems" time="10.922" classname="com.chkpoint.TestLifecycleUnknownValid"/>
  <testcase name="Test05NormalCycleCountItems" time="17.293" classname="com.chkpoint.TestLifecycleUnknownValid"/>
  <testcase name="Test01ReceiveUnTagItems" time="22.606" classname="com.chkpoint.TestLifecycleUnknownValid"/>
</testsuite> <!-- com.chkpoint.TestLifecycleUnknownValid -->
