<?xml version="1.0" encoding="UTF-8"?>
<!-- Generated by org.testng.reporters.JUnitReportReporter -->
<testsuite hostname="INBANGNBLENO10" name="com.chkpoint.TestLifecycleUnknownInvalid" tests="7" failures="0" timestamp="31 Oct 2018 04:34:23 GMT" time="92.076" errors="0">
  <testcase name="Test02EncodeItems" time="13.766" classname="com.chkpoint.TestLifecycleUnknownInvalid"/>
  <testcase name="Test01ReceiveUnTagItems" time="18.480" classname="com.chkpoint.TestLifecycleUnknownInvalid"/>
  <testcase name="Test05NormalCycleCountItems" time="17.591" classname="com.chkpoint.TestLifecycleUnknownInvalid"/>
  <testcase name="Test03ReceiveItems" time="7.728" classname="com.chkpoint.TestLifecycleUnknownInvalid"/>
  <testcase name="Test06RetireItems" time="10.902" classname="com.chkpoint.TestLifecycleUnknownInvalid"/>
  <testcase name="Test04PutawayItems" time="16.024" classname="com.chkpoint.TestLifecycleUnknownInvalid"/>
  <testcase name="Test07ReturnItems" time="7.585" classname="com.chkpoint.TestLifecycleUnknownInvalid"/>
</testsuite> <!-- com.chkpoint.TestLifecycleUnknownInvalid -->
