<?xml version="1.0" encoding="UTF-8"?>
<!-- Generated by org.testng.reporters.JUnitReportReporter -->
<testsuite hostname="INBANGNBLENO10" name="com.chkpoint.TestLifecycleUnknownValid" tests="7" failures="0" timestamp="24 Oct 2018 11:07:36 GMT" time="132.956" errors="0">
  <testcase name="Test07ReturnItems" time="8.819" classname="com.chkpoint.TestLifecycleUnknownValid"/>
  <testcase name="Test01ReceiveUnTagItems" time="28.329" classname="com.chkpoint.TestLifecycleUnknownValid"/>
  <testcase name="Test02EncodeItems" time="19.385" classname="com.chkpoint.TestLifecycleUnknownValid"/>
  <testcase name="Test06RetireItems" time="16.522" classname="com.chkpoint.TestLifecycleUnknownValid"/>
  <testcase name="Test05NormalCycleCountItems" time="21.725" classname="com.chkpoint.TestLifecycleUnknownValid"/>
  <testcase name="Test03ReceiveItems" time="10.238" classname="com.chkpoint.TestLifecycleUnknownValid"/>
  <testcase name="Test04PutawayItems" time="27.938" classname="com.chkpoint.TestLifecycleUnknownValid"/>
</testsuite> <!-- com.chkpoint.TestLifecycleUnknownValid -->
