<?xml version="1.0" encoding="UTF-8"?>
<!-- Generated by org.testng.reporters.JUnitReportReporter -->
<testsuite hostname="INBANGNBLENO10" name="com.chkpoint.TestLifeCycleKnownValid" tests="7" failures="0" timestamp="24 Oct 2018 11:07:36 GMT" time="129.482" errors="0">
  <testcase name="Test03ReceiveItems" time="10.425" classname="com.chkpoint.TestLifeCycleKnownValid"/>
  <testcase name="Test06RetireItems" time="16.822" classname="com.chkpoint.TestLifeCycleKnownValid"/>
  <testcase name="Test02EncodeItems" time="18.500" classname="com.chkpoint.TestLifeCycleKnownValid"/>
  <testcase name="Test01ReceiveUnTagItems" time="23.974" classname="com.chkpoint.TestLifeCycleKnownValid"/>
  <testcase name="Test05NormalCycleCountItems" time="21.813" classname="com.chkpoint.TestLifeCycleKnownValid"/>
  <testcase name="Test07ReturnItems" time="14.051" classname="com.chkpoint.TestLifeCycleKnownValid"/>
  <testcase name="Test04PutawayItems" time="23.897" classname="com.chkpoint.TestLifeCycleKnownValid"/>
</testsuite> <!-- com.chkpoint.TestLifeCycleKnownValid -->
