<?xml version="1.0" encoding="UTF-8"?>
<!-- Generated by org.testng.reporters.JUnitReportReporter -->
<testsuite hostname="INBANGNBLENO10" name="com.chkpoint.jaytest1.Inventory_Test" tests="4" failures="0" timestamp="24 Oct 2018 10:23:48 GMT" time="242.747" errors="0">
  <testcase name="Test03ReceiveRetireThenReturnAtSameLocation" time="60.943" classname="com.chkpoint.jaytest1.Inventory_Test"/>
  <testcase name="Test01ReceiveRetireThenCycleCountAtSameLocation" time="62.880" classname="com.chkpoint.jaytest1.Inventory_Test"/>
  <testcase name="Test02ReceiveRetireThenPutawayAtSameLocation" time="60.698" classname="com.chkpoint.jaytest1.Inventory_Test"/>
  <testcase name="Test04ReceiveRetireThenRetireAtSameLocation" time="58.226" classname="com.chkpoint.jaytest1.Inventory_Test"/>
</testsuite> <!-- com.chkpoint.jaytest1.Inventory_Test -->
