<?xml version="1.0" encoding="UTF-8"?>
<!-- Generated by org.testng.reporters.JUnitReportReporter -->
<testsuite hostname="INBANGNBLENO10" name="com.chkpoint.TestLifecycleUnknownValid" tests="7" failures="0" timestamp="23 Oct 2018 11:47:18 GMT" time="84.510" errors="0">
  <testcase name="Test01ReceiveUnTagItems" time="22.043" classname="com.chkpoint.TestLifecycleUnknownValid"/>
  <testcase name="Test02EncodeItems" time="11.204" classname="com.chkpoint.TestLifecycleUnknownValid"/>
  <testcase name="Test07ReturnItems" time="6.223" classname="com.chkpoint.TestLifecycleUnknownValid"/>
  <testcase name="Test03ReceiveItems" time="5.033" classname="com.chkpoint.TestLifecycleUnknownValid"/>
  <testcase name="Test04PutawayItems" time="14.664" classname="com.chkpoint.TestLifecycleUnknownValid"/>
  <testcase name="Test06RetireItems" time="9.540" classname="com.chkpoint.TestLifecycleUnknownValid"/>
  <testcase name="Test05NormalCycleCountItems" time="15.803" classname="com.chkpoint.TestLifecycleUnknownValid"/>
</testsuite> <!-- com.chkpoint.TestLifecycleUnknownValid -->
