<?xml version="1.0" encoding="UTF-8"?>
<!-- Generated by org.testng.reporters.JUnitReportReporter -->
<testsuite hostname="INBANGNBLENO10" name="com.chkpoint.TestLifeCycleKnownValid" tests="7" failures="0" timestamp="23 Oct 2018 11:47:18 GMT" time="104.865" errors="0">
  <testcase name="Test05NormalCycleCountItems" time="21.938" classname="com.chkpoint.TestLifeCycleKnownValid"/>
  <testcase name="Test04PutawayItems" time="19.205" classname="com.chkpoint.TestLifeCycleKnownValid"/>
  <testcase name="Test07ReturnItems" time="12.600" classname="com.chkpoint.TestLifeCycleKnownValid"/>
  <testcase name="Test01ReceiveUnTagItems" time="16.451" classname="com.chkpoint.TestLifeCycleKnownValid"/>
  <testcase name="Test02EncodeItems" time="13.261" classname="com.chkpoint.TestLifeCycleKnownValid"/>
  <testcase name="Test06RetireItems" time="15.067" classname="com.chkpoint.TestLifeCycleKnownValid"/>
  <testcase name="Test03ReceiveItems" time="6.343" classname="com.chkpoint.TestLifeCycleKnownValid"/>
</testsuite> <!-- com.chkpoint.TestLifeCycleKnownValid -->
