<?xml version="1.0" encoding="UTF-8"?>
<!-- Generated by org.testng.reporters.JUnitReportReporter -->
<testsuite hostname="INBANGNBLENO10" name="com.chkpoint.TestLifecycleUnknownInvalid" tests="7" failures="0" timestamp="23 Oct 2018 11:47:18 GMT" time="83.585" errors="0">
  <testcase name="Test01ReceiveUnTagItems" time="18.301" classname="com.chkpoint.TestLifecycleUnknownInvalid"/>
  <testcase name="Test03ReceiveItems" time="6.128" classname="com.chkpoint.TestLifecycleUnknownInvalid"/>
  <testcase name="Test07ReturnItems" time="5.337" classname="com.chkpoint.TestLifecycleUnknownInvalid"/>
  <testcase name="Test06RetireItems" time="7.835" classname="com.chkpoint.TestLifecycleUnknownInvalid"/>
  <testcase name="Test02EncodeItems" time="14.210" classname="com.chkpoint.TestLifecycleUnknownInvalid"/>
  <testcase name="Test04PutawayItems" time="17.246" classname="com.chkpoint.TestLifecycleUnknownInvalid"/>
  <testcase name="Test05NormalCycleCountItems" time="14.528" classname="com.chkpoint.TestLifecycleUnknownInvalid"/>
</testsuite> <!-- com.chkpoint.TestLifecycleUnknownInvalid -->
