<?xml version="1.0" encoding="UTF-8"?>
<!-- Generated by org.testng.reporters.JUnitReportReporter -->
<testsuite skipped="0" hostname="INBANGNBLENO10" name="com.oatsystems.test.mv.outoforder.OOO03AtSameLocationWithRecvTagTest" tests="120" failures="0" timestamp="23 Oct 2018 20:35:24 GMT" time="2606.304" errors="0">
  <testcase name="test245_RECV_PA_POS_CC1_CC2" time="23.750" classname="com.oatsystems.test.mv.outoforder.OOO03AtSameLocationWithRecvTagTest"/>
  <testcase name="test248_RECV_CC1_PA_POS_CC2" time="23.300" classname="com.oatsystems.test.mv.outoforder.OOO03AtSameLocationWithRecvTagTest"/>
  <testcase name="test304_CC1_CC2_PA_POS_RECV" time="21.278" classname="com.oatsystems.test.mv.outoforder.OOO03AtSameLocationWithRecvTagTest"/>
  <testcase name="test342_POS_RECV_CC2_CC1_PA" time="21.677" classname="com.oatsystems.test.mv.outoforder.OOO03AtSameLocationWithRecvTagTest"/>
  <testcase name="test263_RECV_POS_CC2_PA_CC1" time="21.764" classname="com.oatsystems.test.mv.outoforder.OOO03AtSameLocationWithRecvTagTest"/>
  <testcase name="test343_POS_PA_RECV_CC1_CC2" time="23.068" classname="com.oatsystems.test.mv.outoforder.OOO03AtSameLocationWithRecvTagTest"/>
  <testcase name="test339_POS_RECV_CC1_PA_CC2" time="22.526" classname="com.oatsystems.test.mv.outoforder.OOO03AtSameLocationWithRecvTagTest"/>
  <testcase name="test302_CC1_CC2_RECV_POS_PA" time="21.816" classname="com.oatsystems.test.mv.outoforder.OOO03AtSameLocationWithRecvTagTest"/>
  <testcase name="test345_POS_PA_CC1_RECV_CC2" time="22.854" classname="com.oatsystems.test.mv.outoforder.OOO03AtSameLocationWithRecvTagTest"/>
  <testcase name="test310_CC1_POS_PA_CC2_RECV" time="21.509" classname="com.oatsystems.test.mv.outoforder.OOO03AtSameLocationWithRecvTagTest"/>
  <testcase name="test356_POS_CC2_RECV_CC1_PA" time="21.022" classname="com.oatsystems.test.mv.outoforder.OOO03AtSameLocationWithRecvTagTest"/>
  <testcase name="test286_PA_POS_CC1_CC2_RECV" time="22.099" classname="com.oatsystems.test.mv.outoforder.OOO03AtSameLocationWithRecvTagTest"/>
  <testcase name="test337_POS_RECV_PA_CC1_CC2" time="22.950" classname="com.oatsystems.test.mv.outoforder.OOO03AtSameLocationWithRecvTagTest"/>
  <testcase name="test321_CC2_PA_CC1_RECV_POS" time="20.627" classname="com.oatsystems.test.mv.outoforder.OOO03AtSameLocationWithRecvTagTest"/>
  <testcase name="test322_CC2_PA_CC1_POS_RECV" time="21.720" classname="com.oatsystems.test.mv.outoforder.OOO03AtSameLocationWithRecvTagTest"/>
  <testcase name="test307_CC1_POS_RECV_PA_CC2" time="20.736" classname="com.oatsystems.test.mv.outoforder.OOO03AtSameLocationWithRecvTagTest"/>
  <testcase name="test333_CC2_POS_PA_RECV_CC1" time="21.147" classname="com.oatsystems.test.mv.outoforder.OOO03AtSameLocationWithRecvTagTest"/>
  <testcase name="test360_POS_CC2_CC1_PA_RECV" time="20.465" classname="com.oatsystems.test.mv.outoforder.OOO03AtSameLocationWithRecvTagTest"/>
  <testcase name="test276_PA_CC1_POS_CC2_RECV" time="22.586" classname="com.oatsystems.test.mv.outoforder.OOO03AtSameLocationWithRecvTagTest"/>
  <testcase name="test259_RECV_POS_PA_CC1_CC2" time="23.410" classname="com.oatsystems.test.mv.outoforder.OOO03AtSameLocationWithRecvTagTest"/>
  <testcase name="test269_PA_RECV_POS_CC1_CC2" time="21.390" classname="com.oatsystems.test.mv.outoforder.OOO03AtSameLocationWithRecvTagTest"/>
  <testcase name="test355_POS_CC2_RECV_PA_CC1" time="21.405" classname="com.oatsystems.test.mv.outoforder.OOO03AtSameLocationWithRecvTagTest"/>
  <testcase name="test353_POS_CC1_CC2_RECV_PA" time="22.193" classname="com.oatsystems.test.mv.outoforder.OOO03AtSameLocationWithRecvTagTest"/>
  <testcase name="test312_CC1_POS_CC2_PA_RECV" time="21.662" classname="com.oatsystems.test.mv.outoforder.OOO03AtSameLocationWithRecvTagTest"/>
  <testcase name="test242_RECV_PA_CC1_POS_CC2" time="22.400" classname="com.oatsystems.test.mv.outoforder.OOO03AtSameLocationWithRecvTagTest"/>
  <testcase name="test265_PA_RECV_CC1_CC2_POS" time="21.714" classname="com.oatsystems.test.mv.outoforder.OOO03AtSameLocationWithRecvTagTest"/>
  <testcase name="test327_CC2_CC1_PA_RECV_POS" time="20.830" classname="com.oatsystems.test.mv.outoforder.OOO03AtSameLocationWithRecvTagTest"/>
  <testcase name="test329_CC2_CC1_POS_RECV_PA" time="20.874" classname="com.oatsystems.test.mv.outoforder.OOO03AtSameLocationWithRecvTagTest"/>
  <testcase name="test335_CC2_POS_CC1_RECV_PA" time="24.862" classname="com.oatsystems.test.mv.outoforder.OOO03AtSameLocationWithRecvTagTest"/>
  <testcase name="test247_RECV_CC1_PA_CC2_POS" time="21.127" classname="com.oatsystems.test.mv.outoforder.OOO03AtSameLocationWithRecvTagTest"/>
  <testcase name="test268_PA_RECV_CC2_POS_CC1" time="22.275" classname="com.oatsystems.test.mv.outoforder.OOO03AtSameLocationWithRecvTagTest"/>
  <testcase name="test336_CC2_POS_CC1_PA_RECV" time="21.511" classname="com.oatsystems.test.mv.outoforder.OOO03AtSameLocationWithRecvTagTest"/>
  <testcase name="test277_PA_CC2_RECV_CC1_POS" time="21.582" classname="com.oatsystems.test.mv.outoforder.OOO03AtSameLocationWithRecvTagTest"/>
  <testcase name="test271_PA_CC1_RECV_CC2_POS" time="20.952" classname="com.oatsystems.test.mv.outoforder.OOO03AtSameLocationWithRecvTagTest"/>
  <testcase name="test309_CC1_POS_PA_RECV_CC2" time="20.431" classname="com.oatsystems.test.mv.outoforder.OOO03AtSameLocationWithRecvTagTest"/>
  <testcase name="test320_CC2_PA_RECV_POS_CC1" time="21.667" classname="com.oatsystems.test.mv.outoforder.OOO03AtSameLocationWithRecvTagTest"/>
  <testcase name="test338_POS_RECV_PA_CC2_CC1" time="21.460" classname="com.oatsystems.test.mv.outoforder.OOO03AtSameLocationWithRecvTagTest"/>
  <testcase name="test270_PA_RECV_POS_CC2_CC1" time="22.408" classname="com.oatsystems.test.mv.outoforder.OOO03AtSameLocationWithRecvTagTest"/>
  <testcase name="test357_POS_CC2_PA_RECV_CC1" time="21.528" classname="com.oatsystems.test.mv.outoforder.OOO03AtSameLocationWithRecvTagTest"/>
  <testcase name="test290_CC1_RECV_PA_POS_CC2" time="21.768" classname="com.oatsystems.test.mv.outoforder.OOO03AtSameLocationWithRecvTagTest"/>
  <testcase name="test297_CC1_PA_CC2_RECV_POS" time="20.833" classname="com.oatsystems.test.mv.outoforder.OOO03AtSameLocationWithRecvTagTest"/>
  <testcase name="test246_RECV_PA_POS_CC2_CC1" time="23.560" classname="com.oatsystems.test.mv.outoforder.OOO03AtSameLocationWithRecvTagTest"/>
  <testcase name="test331_CC2_POS_RECV_PA_CC1" time="20.837" classname="com.oatsystems.test.mv.outoforder.OOO03AtSameLocationWithRecvTagTest"/>
  <testcase name="test250_RECV_CC1_CC2_POS_PA" time="21.652" classname="com.oatsystems.test.mv.outoforder.OOO03AtSameLocationWithRecvTagTest"/>
  <testcase name="test314_CC2_RECV_PA_POS_CC1" time="21.918" classname="com.oatsystems.test.mv.outoforder.OOO03AtSameLocationWithRecvTagTest"/>
  <testcase name="test253_RECV_CC2_PA_CC1_POS" time="22.479" classname="com.oatsystems.test.mv.outoforder.OOO03AtSameLocationWithRecvTagTest"/>
  <testcase name="test275_PA_CC1_POS_RECV_CC2" time="21.225" classname="com.oatsystems.test.mv.outoforder.OOO03AtSameLocationWithRecvTagTest"/>
  <testcase name="test273_PA_CC1_CC2_RECV_POS" time="22.111" classname="com.oatsystems.test.mv.outoforder.OOO03AtSameLocationWithRecvTagTest"/>
  <testcase name="test281_PA_CC2_POS_RECV_CC1" time="21.896" classname="com.oatsystems.test.mv.outoforder.OOO03AtSameLocationWithRecvTagTest"/>
  <testcase name="test264_RECV_POS_CC2_CC1_PA" time="22.928" classname="com.oatsystems.test.mv.outoforder.OOO03AtSameLocationWithRecvTagTest"/>
  <testcase name="test299_CC1_PA_POS_RECV_CC2" time="20.852" classname="com.oatsystems.test.mv.outoforder.OOO03AtSameLocationWithRecvTagTest"/>
  <testcase name="test285_PA_POS_CC1_RECV_CC2" time="21.456" classname="com.oatsystems.test.mv.outoforder.OOO03AtSameLocationWithRecvTagTest"/>
  <testcase name="test349_POS_CC1_RECV_PA_CC2" time="21.847" classname="com.oatsystems.test.mv.outoforder.OOO03AtSameLocationWithRecvTagTest"/>
  <testcase name="test347_POS_PA_CC2_RECV_CC1" time="22.485" classname="com.oatsystems.test.mv.outoforder.OOO03AtSameLocationWithRecvTagTest"/>
  <testcase name="test323_CC2_PA_POS_RECV_CC1" time="20.562" classname="com.oatsystems.test.mv.outoforder.OOO03AtSameLocationWithRecvTagTest"/>
  <testcase name="test272_PA_CC1_RECV_POS_CC2" time="22.456" classname="com.oatsystems.test.mv.outoforder.OOO03AtSameLocationWithRecvTagTest"/>
  <testcase name="test289_CC1_RECV_PA_CC2_POS" time="21.074" classname="com.oatsystems.test.mv.outoforder.OOO03AtSameLocationWithRecvTagTest"/>
  <testcase name="test344_POS_PA_RECV_CC2_CC1" time="21.562" classname="com.oatsystems.test.mv.outoforder.OOO03AtSameLocationWithRecvTagTest"/>
  <testcase name="test358_POS_CC2_PA_CC1_RECV" time="20.554" classname="com.oatsystems.test.mv.outoforder.OOO03AtSameLocationWithRecvTagTest"/>
  <testcase name="test252_RECV_CC1_POS_CC2_PA" time="20.946" classname="com.oatsystems.test.mv.outoforder.OOO03AtSameLocationWithRecvTagTest"/>
  <testcase name="test351_POS_CC1_PA_RECV_CC2" time="22.043" classname="com.oatsystems.test.mv.outoforder.OOO03AtSameLocationWithRecvTagTest"/>
  <testcase name="test280_PA_CC2_CC1_POS_RECV" time="22.177" classname="com.oatsystems.test.mv.outoforder.OOO03AtSameLocationWithRecvTagTest"/>
  <testcase name="test318_CC2_RECV_POS_CC1_PA" time="21.940" classname="com.oatsystems.test.mv.outoforder.OOO03AtSameLocationWithRecvTagTest"/>
  <testcase name="test294_CC1_RECV_POS_CC2_PA" time="22.439" classname="com.oatsystems.test.mv.outoforder.OOO03AtSameLocationWithRecvTagTest"/>
  <testcase name="test284_PA_POS_RECV_CC2_CC1" time="22.870" classname="com.oatsystems.test.mv.outoforder.OOO03AtSameLocationWithRecvTagTest"/>
  <testcase name="test325_CC2_CC1_RECV_PA_POS" time="20.549" classname="com.oatsystems.test.mv.outoforder.OOO03AtSameLocationWithRecvTagTest"/>
  <testcase name="test278_PA_CC2_RECV_POS_CC1" time="22.098" classname="com.oatsystems.test.mv.outoforder.OOO03AtSameLocationWithRecvTagTest"/>
  <testcase name="test258_RECV_CC2_POS_CC1_PA" time="21.512" classname="com.oatsystems.test.mv.outoforder.OOO03AtSameLocationWithRecvTagTest"/>
  <testcase name="test256_RECV_CC2_CC1_POS_PA" time="21.366" classname="com.oatsystems.test.mv.outoforder.OOO03AtSameLocationWithRecvTagTest"/>
  <testcase name="test319_CC2_PA_RECV_CC1_POS" time="20.414" classname="com.oatsystems.test.mv.outoforder.OOO03AtSameLocationWithRecvTagTest"/>
  <testcase name="test251_RECV_CC1_POS_PA_CC2" time="23.609" classname="com.oatsystems.test.mv.outoforder.OOO03AtSameLocationWithRecvTagTest"/>
  <testcase name="test354_POS_CC1_CC2_PA_RECV" time="20.871" classname="com.oatsystems.test.mv.outoforder.OOO03AtSameLocationWithRecvTagTest"/>
  <testcase name="test348_POS_PA_CC2_CC1_RECV" time="21.364" classname="com.oatsystems.test.mv.outoforder.OOO03AtSameLocationWithRecvTagTest"/>
  <testcase name="test328_CC2_CC1_PA_POS_RECV" time="20.984" classname="com.oatsystems.test.mv.outoforder.OOO03AtSameLocationWithRecvTagTest"/>
  <testcase name="test249_RECV_CC1_CC2_PA_POS" time="22.910" classname="com.oatsystems.test.mv.outoforder.OOO03AtSameLocationWithRecvTagTest"/>
  <testcase name="test254_RECV_CC2_PA_POS_CC1" time="21.439" classname="com.oatsystems.test.mv.outoforder.OOO03AtSameLocationWithRecvTagTest"/>
  <testcase name="test350_POS_CC1_RECV_CC2_PA" time="20.795" classname="com.oatsystems.test.mv.outoforder.OOO03AtSameLocationWithRecvTagTest"/>
  <testcase name="test292_CC1_RECV_CC2_POS_PA" time="22.303" classname="com.oatsystems.test.mv.outoforder.OOO03AtSameLocationWithRecvTagTest"/>
  <testcase name="test291_CC1_RECV_CC2_PA_POS" time="20.525" classname="com.oatsystems.test.mv.outoforder.OOO03AtSameLocationWithRecvTagTest"/>
  <testcase name="test301_CC1_CC2_RECV_PA_POS" time="20.606" classname="com.oatsystems.test.mv.outoforder.OOO03AtSameLocationWithRecvTagTest"/>
  <testcase name="test317_CC2_RECV_POS_PA_CC1" time="20.994" classname="com.oatsystems.test.mv.outoforder.OOO03AtSameLocationWithRecvTagTest"/>
  <testcase name="test308_CC1_POS_RECV_CC2_PA" time="21.567" classname="com.oatsystems.test.mv.outoforder.OOO03AtSameLocationWithRecvTagTest"/>
  <testcase name="test352_POS_CC1_PA_CC2_RECV" time="21.012" classname="com.oatsystems.test.mv.outoforder.OOO03AtSameLocationWithRecvTagTest"/>
  <testcase name="test241_RECV_PA_CC1_CC2_POS" time="23.035" classname="com.oatsystems.test.mv.outoforder.OOO03AtSameLocationWithRecvTagTest"/>
  <testcase name="test313_CC2_RECV_PA_CC1_POS" time="20.821" classname="com.oatsystems.test.mv.outoforder.OOO03AtSameLocationWithRecvTagTest"/>
  <testcase name="test306_CC1_CC2_POS_PA_RECV" time="21.397" classname="com.oatsystems.test.mv.outoforder.OOO03AtSameLocationWithRecvTagTest"/>
  <testcase name="test283_PA_POS_RECV_CC1_CC2" time="21.436" classname="com.oatsystems.test.mv.outoforder.OOO03AtSameLocationWithRecvTagTest"/>
  <testcase name="test303_CC1_CC2_PA_RECV_POS" time="20.768" classname="com.oatsystems.test.mv.outoforder.OOO03AtSameLocationWithRecvTagTest"/>
  <testcase name="test261_RECV_POS_CC1_PA_CC2" time="21.385" classname="com.oatsystems.test.mv.outoforder.OOO03AtSameLocationWithRecvTagTest"/>
  <testcase name="test330_CC2_CC1_POS_PA_RECV" time="21.310" classname="com.oatsystems.test.mv.outoforder.OOO03AtSameLocationWithRecvTagTest"/>
  <testcase name="test315_CC2_RECV_CC1_PA_POS" time="20.955" classname="com.oatsystems.test.mv.outoforder.OOO03AtSameLocationWithRecvTagTest"/>
  <testcase name="test257_RECV_CC2_POS_PA_CC1" time="22.563" classname="com.oatsystems.test.mv.outoforder.OOO03AtSameLocationWithRecvTagTest"/>
  <testcase name="test316_CC2_RECV_CC1_POS_PA" time="21.805" classname="com.oatsystems.test.mv.outoforder.OOO03AtSameLocationWithRecvTagTest"/>
  <testcase name="test243_RECV_PA_CC2_CC1_POS" time="22.753" classname="com.oatsystems.test.mv.outoforder.OOO03AtSameLocationWithRecvTagTest"/>
  <testcase name="test341_POS_RECV_CC2_PA_CC1" time="21.871" classname="com.oatsystems.test.mv.outoforder.OOO03AtSameLocationWithRecvTagTest"/>
  <testcase name="test295_CC1_PA_RECV_CC2_POS" time="20.786" classname="com.oatsystems.test.mv.outoforder.OOO03AtSameLocationWithRecvTagTest"/>
  <testcase name="test262_RECV_POS_CC1_CC2_PA" time="22.698" classname="com.oatsystems.test.mv.outoforder.OOO03AtSameLocationWithRecvTagTest"/>
  <testcase name="test266_PA_RECV_CC1_POS_CC2" time="22.786" classname="com.oatsystems.test.mv.outoforder.OOO03AtSameLocationWithRecvTagTest"/>
  <testcase name="test311_CC1_POS_CC2_RECV_PA" time="19.892" classname="com.oatsystems.test.mv.outoforder.OOO03AtSameLocationWithRecvTagTest"/>
  <testcase name="test267_PA_RECV_CC2_CC1_POS" time="20.963" classname="com.oatsystems.test.mv.outoforder.OOO03AtSameLocationWithRecvTagTest"/>
  <testcase name="test300_CC1_PA_POS_CC2_RECV" time="21.855" classname="com.oatsystems.test.mv.outoforder.OOO03AtSameLocationWithRecvTagTest"/>
  <testcase name="test287_PA_POS_CC2_RECV_CC1" time="20.999" classname="com.oatsystems.test.mv.outoforder.OOO03AtSameLocationWithRecvTagTest"/>
  <testcase name="test260_RECV_POS_PA_CC2_CC1" time="23.246" classname="com.oatsystems.test.mv.outoforder.OOO03AtSameLocationWithRecvTagTest"/>
  <testcase name="test274_PA_CC1_CC2_POS_RECV" time="22.581" classname="com.oatsystems.test.mv.outoforder.OOO03AtSameLocationWithRecvTagTest"/>
  <testcase name="test293_CC1_RECV_POS_PA_CC2" time="20.865" classname="com.oatsystems.test.mv.outoforder.OOO03AtSameLocationWithRecvTagTest"/>
  <testcase name="test244_RECV_PA_CC2_POS_CC1" time="22.522" classname="com.oatsystems.test.mv.outoforder.OOO03AtSameLocationWithRecvTagTest"/>
  <testcase name="test298_CC1_PA_CC2_POS_RECV" time="21.039" classname="com.oatsystems.test.mv.outoforder.OOO03AtSameLocationWithRecvTagTest"/>
  <testcase name="test305_CC1_CC2_POS_RECV_PA" time="20.731" classname="com.oatsystems.test.mv.outoforder.OOO03AtSameLocationWithRecvTagTest"/>
  <testcase name="test255_RECV_CC2_CC1_PA_POS" time="21.927" classname="com.oatsystems.test.mv.outoforder.OOO03AtSameLocationWithRecvTagTest"/>
  <testcase name="test296_CC1_PA_RECV_POS_CC2" time="21.964" classname="com.oatsystems.test.mv.outoforder.OOO03AtSameLocationWithRecvTagTest"/>
  <testcase name="test359_POS_CC2_CC1_RECV_PA" time="21.629" classname="com.oatsystems.test.mv.outoforder.OOO03AtSameLocationWithRecvTagTest"/>
  <testcase name="test288_PA_POS_CC2_CC1_RECV" time="22.315" classname="com.oatsystems.test.mv.outoforder.OOO03AtSameLocationWithRecvTagTest"/>
  <testcase name="test279_PA_CC2_CC1_RECV_POS" time="21.742" classname="com.oatsystems.test.mv.outoforder.OOO03AtSameLocationWithRecvTagTest"/>
  <testcase name="test332_CC2_POS_RECV_CC1_PA" time="21.364" classname="com.oatsystems.test.mv.outoforder.OOO03AtSameLocationWithRecvTagTest"/>
  <testcase name="test346_POS_PA_CC1_CC2_RECV" time="21.752" classname="com.oatsystems.test.mv.outoforder.OOO03AtSameLocationWithRecvTagTest"/>
  <testcase name="test334_CC2_POS_PA_CC1_RECV" time="21.603" classname="com.oatsystems.test.mv.outoforder.OOO03AtSameLocationWithRecvTagTest"/>
  <testcase name="test324_CC2_PA_POS_CC1_RECV" time="21.658" classname="com.oatsystems.test.mv.outoforder.OOO03AtSameLocationWithRecvTagTest"/>
  <testcase name="test326_CC2_CC1_RECV_POS_PA" time="21.226" classname="com.oatsystems.test.mv.outoforder.OOO03AtSameLocationWithRecvTagTest"/>
  <testcase name="test282_PA_CC2_POS_CC1_RECV" time="22.661" classname="com.oatsystems.test.mv.outoforder.OOO03AtSameLocationWithRecvTagTest"/>
  <testcase name="test340_POS_RECV_CC1_CC2_PA" time="21.438" classname="com.oatsystems.test.mv.outoforder.OOO03AtSameLocationWithRecvTagTest"/>
</testsuite> <!-- com.oatsystems.test.mv.outoforder.OOO03AtSameLocationWithRecvTagTest -->
