<?xml version="1.0" encoding="UTF-8"?>
<!-- Generated by org.testng.reporters.JUnitReportReporter -->
<testsuite skipped="0" hostname="INBANGNBLENO10" name="com.oatsystems.test.mv.outoforder.OOO04AtDifferentLocationWithRecvTagTest" tests="120" failures="0" timestamp="23 Oct 2018 20:35:24 GMT" time="2639.620" errors="0">
  <testcase name="test414_CC1_RECV_POS_CC2_PA" time="22.048" classname="com.oatsystems.test.mv.outoforder.OOO04AtDifferentLocationWithRecvTagTest"/>
  <testcase name="test436_CC2_RECV_CC1_POS_PA" time="21.042" classname="com.oatsystems.test.mv.outoforder.OOO04AtDifferentLocationWithRecvTagTest"/>
  <testcase name="test395_PA_CC1_POS_RECV_CC2" time="22.853" classname="com.oatsystems.test.mv.outoforder.OOO04AtDifferentLocationWithRecvTagTest"/>
  <testcase name="test378_RECV_CC2_POS_CC1_PA" time="21.362" classname="com.oatsystems.test.mv.outoforder.OOO04AtDifferentLocationWithRecvTagTest"/>
  <testcase name="test457_POS_RECV_PA_CC1_CC2" time="21.816" classname="com.oatsystems.test.mv.outoforder.OOO04AtDifferentLocationWithRecvTagTest"/>
  <testcase name="test428_CC1_POS_RECV_CC2_PA" time="22.222" classname="com.oatsystems.test.mv.outoforder.OOO04AtDifferentLocationWithRecvTagTest"/>
  <testcase name="test434_CC2_RECV_PA_POS_CC1" time="22.480" classname="com.oatsystems.test.mv.outoforder.OOO04AtDifferentLocationWithRecvTagTest"/>
  <testcase name="test469_POS_CC1_RECV_PA_CC2" time="22.106" classname="com.oatsystems.test.mv.outoforder.OOO04AtDifferentLocationWithRecvTagTest"/>
  <testcase name="test441_CC2_PA_CC1_RECV_POS" time="20.914" classname="com.oatsystems.test.mv.outoforder.OOO04AtDifferentLocationWithRecvTagTest"/>
  <testcase name="test418_CC1_PA_CC2_POS_RECV" time="21.388" classname="com.oatsystems.test.mv.outoforder.OOO04AtDifferentLocationWithRecvTagTest"/>
  <testcase name="test474_POS_CC1_CC2_PA_RECV" time="20.847" classname="com.oatsystems.test.mv.outoforder.OOO04AtDifferentLocationWithRecvTagTest"/>
  <testcase name="test425_CC1_CC2_POS_RECV_PA" time="21.346" classname="com.oatsystems.test.mv.outoforder.OOO04AtDifferentLocationWithRecvTagTest"/>
  <testcase name="test473_POS_CC1_CC2_RECV_PA" time="21.927" classname="com.oatsystems.test.mv.outoforder.OOO04AtDifferentLocationWithRecvTagTest"/>
  <testcase name="test461_POS_RECV_CC2_PA_CC1" time="24.431" classname="com.oatsystems.test.mv.outoforder.OOO04AtDifferentLocationWithRecvTagTest"/>
  <testcase name="test416_CC1_PA_RECV_POS_CC2" time="22.251" classname="com.oatsystems.test.mv.outoforder.OOO04AtDifferentLocationWithRecvTagTest"/>
  <testcase name="test466_POS_PA_CC1_CC2_RECV" time="21.658" classname="com.oatsystems.test.mv.outoforder.OOO04AtDifferentLocationWithRecvTagTest"/>
  <testcase name="test398_PA_CC2_RECV_POS_CC1" time="23.195" classname="com.oatsystems.test.mv.outoforder.OOO04AtDifferentLocationWithRecvTagTest"/>
  <testcase name="test437_CC2_RECV_POS_PA_CC1" time="20.894" classname="com.oatsystems.test.mv.outoforder.OOO04AtDifferentLocationWithRecvTagTest"/>
  <testcase name="test375_RECV_CC2_CC1_PA_POS" time="22.294" classname="com.oatsystems.test.mv.outoforder.OOO04AtDifferentLocationWithRecvTagTest"/>
  <testcase name="test450_CC2_CC1_POS_PA_RECV" time="21.534" classname="com.oatsystems.test.mv.outoforder.OOO04AtDifferentLocationWithRecvTagTest"/>
  <testcase name="test409_CC1_RECV_PA_CC2_POS" time="20.786" classname="com.oatsystems.test.mv.outoforder.OOO04AtDifferentLocationWithRecvTagTest"/>
  <testcase name="test410_CC1_RECV_PA_POS_CC2" time="22.484" classname="com.oatsystems.test.mv.outoforder.OOO04AtDifferentLocationWithRecvTagTest"/>
  <testcase name="test408_PA_POS_CC2_CC1_RECV" time="22.585" classname="com.oatsystems.test.mv.outoforder.OOO04AtDifferentLocationWithRecvTagTest"/>
  <testcase name="test368_RECV_CC1_PA_POS_CC2" time="21.616" classname="com.oatsystems.test.mv.outoforder.OOO04AtDifferentLocationWithRecvTagTest"/>
  <testcase name="test459_POS_RECV_CC1_PA_CC2" time="22.889" classname="com.oatsystems.test.mv.outoforder.OOO04AtDifferentLocationWithRecvTagTest"/>
  <testcase name="test462_POS_RECV_CC2_CC1_PA" time="22.843" classname="com.oatsystems.test.mv.outoforder.OOO04AtDifferentLocationWithRecvTagTest"/>
  <testcase name="test451_CC2_POS_RECV_PA_CC1" time="21.151" classname="com.oatsystems.test.mv.outoforder.OOO04AtDifferentLocationWithRecvTagTest"/>
  <testcase name="test404_PA_POS_RECV_CC2_CC1" time="22.655" classname="com.oatsystems.test.mv.outoforder.OOO04AtDifferentLocationWithRecvTagTest"/>
  <testcase name="test374_RECV_CC2_PA_POS_CC1" time="22.045" classname="com.oatsystems.test.mv.outoforder.OOO04AtDifferentLocationWithRecvTagTest"/>
  <testcase name="test391_PA_CC1_RECV_CC2_POS" time="22.449" classname="com.oatsystems.test.mv.outoforder.OOO04AtDifferentLocationWithRecvTagTest"/>
  <testcase name="test431_CC1_POS_CC2_RECV_PA" time="20.323" classname="com.oatsystems.test.mv.outoforder.OOO04AtDifferentLocationWithRecvTagTest"/>
  <testcase name="test401_PA_CC2_POS_RECV_CC1" time="21.310" classname="com.oatsystems.test.mv.outoforder.OOO04AtDifferentLocationWithRecvTagTest"/>
  <testcase name="test422_CC1_CC2_RECV_POS_PA" time="22.039" classname="com.oatsystems.test.mv.outoforder.OOO04AtDifferentLocationWithRecvTagTest"/>
  <testcase name="test417_CC1_PA_CC2_RECV_POS" time="20.210" classname="com.oatsystems.test.mv.outoforder.OOO04AtDifferentLocationWithRecvTagTest"/>
  <testcase name="test379_RECV_POS_PA_CC1_CC2" time="23.745" classname="com.oatsystems.test.mv.outoforder.OOO04AtDifferentLocationWithRecvTagTest"/>
  <testcase name="test449_CC2_CC1_POS_RECV_PA" time="20.401" classname="com.oatsystems.test.mv.outoforder.OOO04AtDifferentLocationWithRecvTagTest"/>
  <testcase name="test426_CC1_CC2_POS_PA_RECV" time="22.006" classname="com.oatsystems.test.mv.outoforder.OOO04AtDifferentLocationWithRecvTagTest"/>
  <testcase name="test407_PA_POS_CC2_RECV_CC1" time="21.845" classname="com.oatsystems.test.mv.outoforder.OOO04AtDifferentLocationWithRecvTagTest"/>
  <testcase name="test464_POS_PA_RECV_CC2_CC1" time="31.107" classname="com.oatsystems.test.mv.outoforder.OOO04AtDifferentLocationWithRecvTagTest"/>
  <testcase name="test478_POS_CC2_PA_CC1_RECV" time="21.153" classname="com.oatsystems.test.mv.outoforder.OOO04AtDifferentLocationWithRecvTagTest"/>
  <testcase name="test367_RECV_CC1_PA_CC2_POS" time="22.585" classname="com.oatsystems.test.mv.outoforder.OOO04AtDifferentLocationWithRecvTagTest"/>
  <testcase name="test454_CC2_POS_PA_CC1_RECV" time="22.017" classname="com.oatsystems.test.mv.outoforder.OOO04AtDifferentLocationWithRecvTagTest"/>
  <testcase name="test365_RECV_PA_POS_CC1_CC2" time="23.623" classname="com.oatsystems.test.mv.outoforder.OOO04AtDifferentLocationWithRecvTagTest"/>
  <testcase name="test385_PA_RECV_CC1_CC2_POS" time="20.974" classname="com.oatsystems.test.mv.outoforder.OOO04AtDifferentLocationWithRecvTagTest"/>
  <testcase name="test440_CC2_PA_RECV_POS_CC1" time="21.943" classname="com.oatsystems.test.mv.outoforder.OOO04AtDifferentLocationWithRecvTagTest"/>
  <testcase name="test475_POS_CC2_RECV_PA_CC1" time="21.548" classname="com.oatsystems.test.mv.outoforder.OOO04AtDifferentLocationWithRecvTagTest"/>
  <testcase name="test455_CC2_POS_CC1_RECV_PA" time="20.208" classname="com.oatsystems.test.mv.outoforder.OOO04AtDifferentLocationWithRecvTagTest"/>
  <testcase name="test444_CC2_PA_POS_CC1_RECV" time="22.320" classname="com.oatsystems.test.mv.outoforder.OOO04AtDifferentLocationWithRecvTagTest"/>
  <testcase name="test366_RECV_PA_POS_CC2_CC1" time="22.498" classname="com.oatsystems.test.mv.outoforder.OOO04AtDifferentLocationWithRecvTagTest"/>
  <testcase name="test443_CC2_PA_POS_RECV_CC1" time="20.995" classname="com.oatsystems.test.mv.outoforder.OOO04AtDifferentLocationWithRecvTagTest"/>
  <testcase name="test399_PA_CC2_CC1_RECV_POS" time="21.273" classname="com.oatsystems.test.mv.outoforder.OOO04AtDifferentLocationWithRecvTagTest"/>
  <testcase name="test383_RECV_POS_CC2_PA_CC1" time="21.950" classname="com.oatsystems.test.mv.outoforder.OOO04AtDifferentLocationWithRecvTagTest"/>
  <testcase name="test405_PA_POS_CC1_RECV_CC2" time="21.599" classname="com.oatsystems.test.mv.outoforder.OOO04AtDifferentLocationWithRecvTagTest"/>
  <testcase name="test362_RECV_PA_CC1_POS_CC2" time="23.775" classname="com.oatsystems.test.mv.outoforder.OOO04AtDifferentLocationWithRecvTagTest"/>
  <testcase name="test480_POS_CC2_CC1_PA_RECV" time="20.897" classname="com.oatsystems.test.mv.outoforder.OOO04AtDifferentLocationWithRecvTagTest"/>
  <testcase name="test456_CC2_POS_CC1_PA_RECV" time="21.710" classname="com.oatsystems.test.mv.outoforder.OOO04AtDifferentLocationWithRecvTagTest"/>
  <testcase name="test392_PA_CC1_RECV_POS_CC2" time="21.913" classname="com.oatsystems.test.mv.outoforder.OOO04AtDifferentLocationWithRecvTagTest"/>
  <testcase name="test411_CC1_RECV_CC2_PA_POS" time="20.882" classname="com.oatsystems.test.mv.outoforder.OOO04AtDifferentLocationWithRecvTagTest"/>
  <testcase name="test397_PA_CC2_RECV_CC1_POS" time="21.715" classname="com.oatsystems.test.mv.outoforder.OOO04AtDifferentLocationWithRecvTagTest"/>
  <testcase name="test384_RECV_POS_CC2_CC1_PA" time="22.688" classname="com.oatsystems.test.mv.outoforder.OOO04AtDifferentLocationWithRecvTagTest"/>
  <testcase name="test427_CC1_POS_RECV_PA_CC2" time="21.478" classname="com.oatsystems.test.mv.outoforder.OOO04AtDifferentLocationWithRecvTagTest"/>
  <testcase name="test371_RECV_CC1_POS_PA_CC2" time="22.909" classname="com.oatsystems.test.mv.outoforder.OOO04AtDifferentLocationWithRecvTagTest"/>
  <testcase name="test403_PA_POS_RECV_CC1_CC2" time="21.969" classname="com.oatsystems.test.mv.outoforder.OOO04AtDifferentLocationWithRecvTagTest"/>
  <testcase name="test373_RECV_CC2_PA_CC1_POS" time="22.548" classname="com.oatsystems.test.mv.outoforder.OOO04AtDifferentLocationWithRecvTagTest"/>
  <testcase name="test364_RECV_PA_CC2_POS_CC1" time="23.339" classname="com.oatsystems.test.mv.outoforder.OOO04AtDifferentLocationWithRecvTagTest"/>
  <testcase name="test406_PA_POS_CC1_CC2_RECV" time="22.534" classname="com.oatsystems.test.mv.outoforder.OOO04AtDifferentLocationWithRecvTagTest"/>
  <testcase name="test467_POS_PA_CC2_RECV_CC1" time="22.760" classname="com.oatsystems.test.mv.outoforder.OOO04AtDifferentLocationWithRecvTagTest"/>
  <testcase name="test389_PA_RECV_POS_CC1_CC2" time="23.306" classname="com.oatsystems.test.mv.outoforder.OOO04AtDifferentLocationWithRecvTagTest"/>
  <testcase name="test477_POS_CC2_PA_RECV_CC1" time="22.058" classname="com.oatsystems.test.mv.outoforder.OOO04AtDifferentLocationWithRecvTagTest"/>
  <testcase name="test394_PA_CC1_CC2_POS_RECV" time="21.396" classname="com.oatsystems.test.mv.outoforder.OOO04AtDifferentLocationWithRecvTagTest"/>
  <testcase name="test412_CC1_RECV_CC2_POS_PA" time="22.046" classname="com.oatsystems.test.mv.outoforder.OOO04AtDifferentLocationWithRecvTagTest"/>
  <testcase name="test369_RECV_CC1_CC2_PA_POS" time="22.278" classname="com.oatsystems.test.mv.outoforder.OOO04AtDifferentLocationWithRecvTagTest"/>
  <testcase name="test400_PA_CC2_CC1_POS_RECV" time="23.107" classname="com.oatsystems.test.mv.outoforder.OOO04AtDifferentLocationWithRecvTagTest"/>
  <testcase name="test424_CC1_CC2_PA_POS_RECV" time="22.586" classname="com.oatsystems.test.mv.outoforder.OOO04AtDifferentLocationWithRecvTagTest"/>
  <testcase name="test435_CC2_RECV_CC1_PA_POS" time="20.805" classname="com.oatsystems.test.mv.outoforder.OOO04AtDifferentLocationWithRecvTagTest"/>
  <testcase name="test447_CC2_CC1_PA_RECV_POS" time="20.802" classname="com.oatsystems.test.mv.outoforder.OOO04AtDifferentLocationWithRecvTagTest"/>
  <testcase name="test415_CC1_PA_RECV_CC2_POS" time="21.395" classname="com.oatsystems.test.mv.outoforder.OOO04AtDifferentLocationWithRecvTagTest"/>
  <testcase name="test388_PA_RECV_CC2_POS_CC1" time="22.051" classname="com.oatsystems.test.mv.outoforder.OOO04AtDifferentLocationWithRecvTagTest"/>
  <testcase name="test390_PA_RECV_POS_CC2_CC1" time="21.797" classname="com.oatsystems.test.mv.outoforder.OOO04AtDifferentLocationWithRecvTagTest"/>
  <testcase name="test430_CC1_POS_PA_CC2_RECV" time="21.386" classname="com.oatsystems.test.mv.outoforder.OOO04AtDifferentLocationWithRecvTagTest"/>
  <testcase name="test377_RECV_CC2_POS_PA_CC1" time="23.361" classname="com.oatsystems.test.mv.outoforder.OOO04AtDifferentLocationWithRecvTagTest"/>
  <testcase name="test438_CC2_RECV_POS_CC1_PA" time="21.822" classname="com.oatsystems.test.mv.outoforder.OOO04AtDifferentLocationWithRecvTagTest"/>
  <testcase name="test376_RECV_CC2_CC1_POS_PA" time="21.140" classname="com.oatsystems.test.mv.outoforder.OOO04AtDifferentLocationWithRecvTagTest"/>
  <testcase name="test393_PA_CC1_CC2_RECV_POS" time="22.412" classname="com.oatsystems.test.mv.outoforder.OOO04AtDifferentLocationWithRecvTagTest"/>
  <testcase name="test442_CC2_PA_CC1_POS_RECV" time="21.879" classname="com.oatsystems.test.mv.outoforder.OOO04AtDifferentLocationWithRecvTagTest"/>
  <testcase name="test380_RECV_POS_PA_CC2_CC1" time="23.785" classname="com.oatsystems.test.mv.outoforder.OOO04AtDifferentLocationWithRecvTagTest"/>
  <testcase name="test381_RECV_POS_CC1_PA_CC2" time="22.442" classname="com.oatsystems.test.mv.outoforder.OOO04AtDifferentLocationWithRecvTagTest"/>
  <testcase name="test460_POS_RECV_CC1_CC2_PA" time="21.730" classname="com.oatsystems.test.mv.outoforder.OOO04AtDifferentLocationWithRecvTagTest"/>
  <testcase name="test419_CC1_PA_POS_RECV_CC2" time="20.489" classname="com.oatsystems.test.mv.outoforder.OOO04AtDifferentLocationWithRecvTagTest"/>
  <testcase name="test387_PA_RECV_CC2_CC1_POS" time="23.718" classname="com.oatsystems.test.mv.outoforder.OOO04AtDifferentLocationWithRecvTagTest"/>
  <testcase name="test476_POS_CC2_RECV_CC1_PA" time="21.091" classname="com.oatsystems.test.mv.outoforder.OOO04AtDifferentLocationWithRecvTagTest"/>
  <testcase name="test423_CC1_CC2_PA_RECV_POS" time="20.388" classname="com.oatsystems.test.mv.outoforder.OOO04AtDifferentLocationWithRecvTagTest"/>
  <testcase name="test453_CC2_POS_PA_RECV_CC1" time="21.774" classname="com.oatsystems.test.mv.outoforder.OOO04AtDifferentLocationWithRecvTagTest"/>
  <testcase name="test463_POS_PA_RECV_CC1_CC2" time="21.882" classname="com.oatsystems.test.mv.outoforder.OOO04AtDifferentLocationWithRecvTagTest"/>
  <testcase name="test402_PA_CC2_POS_CC1_RECV" time="22.232" classname="com.oatsystems.test.mv.outoforder.OOO04AtDifferentLocationWithRecvTagTest"/>
  <testcase name="test446_CC2_CC1_RECV_POS_PA" time="22.616" classname="com.oatsystems.test.mv.outoforder.OOO04AtDifferentLocationWithRecvTagTest"/>
  <testcase name="test465_POS_PA_CC1_RECV_CC2" time="22.479" classname="com.oatsystems.test.mv.outoforder.OOO04AtDifferentLocationWithRecvTagTest"/>
  <testcase name="test479_POS_CC2_CC1_RECV_PA" time="22.203" classname="com.oatsystems.test.mv.outoforder.OOO04AtDifferentLocationWithRecvTagTest"/>
  <testcase name="test458_POS_RECV_PA_CC2_CC1" time="23.791" classname="com.oatsystems.test.mv.outoforder.OOO04AtDifferentLocationWithRecvTagTest"/>
  <testcase name="test439_CC2_PA_RECV_CC1_POS" time="20.487" classname="com.oatsystems.test.mv.outoforder.OOO04AtDifferentLocationWithRecvTagTest"/>
  <testcase name="test396_PA_CC1_POS_CC2_RECV" time="23.217" classname="com.oatsystems.test.mv.outoforder.OOO04AtDifferentLocationWithRecvTagTest"/>
  <testcase name="test471_POS_CC1_PA_RECV_CC2" time="22.060" classname="com.oatsystems.test.mv.outoforder.OOO04AtDifferentLocationWithRecvTagTest"/>
  <testcase name="test468_POS_PA_CC2_CC1_RECV" time="21.040" classname="com.oatsystems.test.mv.outoforder.OOO04AtDifferentLocationWithRecvTagTest"/>
  <testcase name="test382_RECV_POS_CC1_CC2_PA" time="23.170" classname="com.oatsystems.test.mv.outoforder.OOO04AtDifferentLocationWithRecvTagTest"/>
  <testcase name="test386_PA_RECV_CC1_POS_CC2" time="22.907" classname="com.oatsystems.test.mv.outoforder.OOO04AtDifferentLocationWithRecvTagTest"/>
  <testcase name="test363_RECV_PA_CC2_CC1_POS" time="21.668" classname="com.oatsystems.test.mv.outoforder.OOO04AtDifferentLocationWithRecvTagTest"/>
  <testcase name="test445_CC2_CC1_RECV_PA_POS" time="20.923" classname="com.oatsystems.test.mv.outoforder.OOO04AtDifferentLocationWithRecvTagTest"/>
  <testcase name="test470_POS_CC1_RECV_CC2_PA" time="20.715" classname="com.oatsystems.test.mv.outoforder.OOO04AtDifferentLocationWithRecvTagTest"/>
  <testcase name="test448_CC2_CC1_PA_POS_RECV" time="21.301" classname="com.oatsystems.test.mv.outoforder.OOO04AtDifferentLocationWithRecvTagTest"/>
  <testcase name="test452_CC2_POS_RECV_CC1_PA" time="21.724" classname="com.oatsystems.test.mv.outoforder.OOO04AtDifferentLocationWithRecvTagTest"/>
  <testcase name="test472_POS_CC1_PA_CC2_RECV" time="20.974" classname="com.oatsystems.test.mv.outoforder.OOO04AtDifferentLocationWithRecvTagTest"/>
  <testcase name="test420_CC1_PA_POS_CC2_RECV" time="21.954" classname="com.oatsystems.test.mv.outoforder.OOO04AtDifferentLocationWithRecvTagTest"/>
  <testcase name="test433_CC2_RECV_PA_CC1_POS" time="21.100" classname="com.oatsystems.test.mv.outoforder.OOO04AtDifferentLocationWithRecvTagTest"/>
  <testcase name="test432_CC1_POS_CC2_PA_RECV" time="21.690" classname="com.oatsystems.test.mv.outoforder.OOO04AtDifferentLocationWithRecvTagTest"/>
  <testcase name="test421_CC1_CC2_RECV_PA_POS" time="20.180" classname="com.oatsystems.test.mv.outoforder.OOO04AtDifferentLocationWithRecvTagTest"/>
  <testcase name="test413_CC1_RECV_POS_PA_CC2" time="21.490" classname="com.oatsystems.test.mv.outoforder.OOO04AtDifferentLocationWithRecvTagTest"/>
  <testcase name="test370_RECV_CC1_CC2_POS_PA" time="21.825" classname="com.oatsystems.test.mv.outoforder.OOO04AtDifferentLocationWithRecvTagTest"/>
  <testcase name="test361_RECV_PA_CC1_CC2_POS" time="23.413" classname="com.oatsystems.test.mv.outoforder.OOO04AtDifferentLocationWithRecvTagTest"/>
  <testcase name="test372_RECV_CC1_POS_CC2_PA" time="21.260" classname="com.oatsystems.test.mv.outoforder.OOO04AtDifferentLocationWithRecvTagTest"/>
  <testcase name="test429_CC1_POS_PA_RECV_CC2" time="21.375" classname="com.oatsystems.test.mv.outoforder.OOO04AtDifferentLocationWithRecvTagTest"/>
</testsuite> <!-- com.oatsystems.test.mv.outoforder.OOO04AtDifferentLocationWithRecvTagTest -->
