<?xml version="1.0" encoding="UTF-8"?>
<!-- Generated by org.testng.reporters.JUnitReportReporter -->
<testsuite skipped="0" hostname="INBANGNBLENO10" name="com.oatsystems.test.mv.outoforder.OOO08AtDifferentLocNonAuthCCRecvTagTest" tests="120" failures="0" timestamp="23 Oct 2018 20:35:24 GMT" time="2650.371" errors="0">
  <testcase name="test852_RECV_CC1_POS_CC2_PA" time="21.658" classname="com.oatsystems.test.mv.outoforder.OOO08AtDifferentLocNonAuthCCRecvTagTest"/>
  <testcase name="test897_CC1_PA_CC2_RECV_POS" time="21.207" classname="com.oatsystems.test.mv.outoforder.OOO08AtDifferentLocNonAuthCCRecvTagTest"/>
  <testcase name="test864_RECV_POS_CC2_CC1_PA" time="22.303" classname="com.oatsystems.test.mv.outoforder.OOO08AtDifferentLocNonAuthCCRecvTagTest"/>
  <testcase name="test932_CC2_POS_RECV_CC1_PA" time="22.222" classname="com.oatsystems.test.mv.outoforder.OOO08AtDifferentLocNonAuthCCRecvTagTest"/>
  <testcase name="test913_CC2_RECV_PA_CC1_POS" time="20.989" classname="com.oatsystems.test.mv.outoforder.OOO08AtDifferentLocNonAuthCCRecvTagTest"/>
  <testcase name="test909_CC1_POS_PA_RECV_CC2" time="21.956" classname="com.oatsystems.test.mv.outoforder.OOO08AtDifferentLocNonAuthCCRecvTagTest"/>
  <testcase name="test929_CC2_CC1_POS_RECV_PA" time="20.655" classname="com.oatsystems.test.mv.outoforder.OOO08AtDifferentLocNonAuthCCRecvTagTest"/>
  <testcase name="test944_POS_PA_RECV_CC2_CC1" time="22.529" classname="com.oatsystems.test.mv.outoforder.OOO08AtDifferentLocNonAuthCCRecvTagTest"/>
  <testcase name="test870_PA_RECV_POS_CC2_CC1" time="23.357" classname="com.oatsystems.test.mv.outoforder.OOO08AtDifferentLocNonAuthCCRecvTagTest"/>
  <testcase name="test945_POS_PA_CC1_RECV_CC2" time="21.463" classname="com.oatsystems.test.mv.outoforder.OOO08AtDifferentLocNonAuthCCRecvTagTest"/>
  <testcase name="test910_CC1_POS_PA_CC2_RECV" time="21.994" classname="com.oatsystems.test.mv.outoforder.OOO08AtDifferentLocNonAuthCCRecvTagTest"/>
  <testcase name="test900_CC1_PA_POS_CC2_RECV" time="22.171" classname="com.oatsystems.test.mv.outoforder.OOO08AtDifferentLocNonAuthCCRecvTagTest"/>
  <testcase name="test871_PA_CC1_RECV_CC2_POS" time="22.974" classname="com.oatsystems.test.mv.outoforder.OOO08AtDifferentLocNonAuthCCRecvTagTest"/>
  <testcase name="test858_RECV_CC2_POS_CC1_PA" time="21.388" classname="com.oatsystems.test.mv.outoforder.OOO08AtDifferentLocNonAuthCCRecvTagTest"/>
  <testcase name="test901_CC1_CC2_RECV_PA_POS" time="20.588" classname="com.oatsystems.test.mv.outoforder.OOO08AtDifferentLocNonAuthCCRecvTagTest"/>
  <testcase name="test928_CC2_CC1_PA_POS_RECV" time="21.558" classname="com.oatsystems.test.mv.outoforder.OOO08AtDifferentLocNonAuthCCRecvTagTest"/>
  <testcase name="test854_RECV_CC2_PA_POS_CC1" time="21.725" classname="com.oatsystems.test.mv.outoforder.OOO08AtDifferentLocNonAuthCCRecvTagTest"/>
  <testcase name="test853_RECV_CC2_PA_CC1_POS" time="23.115" classname="com.oatsystems.test.mv.outoforder.OOO08AtDifferentLocNonAuthCCRecvTagTest"/>
  <testcase name="test921_CC2_PA_CC1_RECV_POS" time="21.018" classname="com.oatsystems.test.mv.outoforder.OOO08AtDifferentLocNonAuthCCRecvTagTest"/>
  <testcase name="test879_PA_CC2_CC1_RECV_POS" time="22.446" classname="com.oatsystems.test.mv.outoforder.OOO08AtDifferentLocNonAuthCCRecvTagTest"/>
  <testcase name="test883_PA_POS_RECV_CC1_CC2" time="22.096" classname="com.oatsystems.test.mv.outoforder.OOO08AtDifferentLocNonAuthCCRecvTagTest"/>
  <testcase name="test955_POS_CC2_RECV_PA_CC1" time="20.749" classname="com.oatsystems.test.mv.outoforder.OOO08AtDifferentLocNonAuthCCRecvTagTest"/>
  <testcase name="test866_PA_RECV_CC1_POS_CC2" time="23.520" classname="com.oatsystems.test.mv.outoforder.OOO08AtDifferentLocNonAuthCCRecvTagTest"/>
  <testcase name="test888_PA_POS_CC2_CC1_RECV" time="22.305" classname="com.oatsystems.test.mv.outoforder.OOO08AtDifferentLocNonAuthCCRecvTagTest"/>
  <testcase name="test950_POS_CC1_RECV_CC2_PA" time="22.024" classname="com.oatsystems.test.mv.outoforder.OOO08AtDifferentLocNonAuthCCRecvTagTest"/>
  <testcase name="test947_POS_PA_CC2_RECV_CC1" time="21.407" classname="com.oatsystems.test.mv.outoforder.OOO08AtDifferentLocNonAuthCCRecvTagTest"/>
  <testcase name="test916_CC2_RECV_CC1_POS_PA" time="21.370" classname="com.oatsystems.test.mv.outoforder.OOO08AtDifferentLocNonAuthCCRecvTagTest"/>
  <testcase name="test863_RECV_POS_CC2_PA_CC1" time="21.887" classname="com.oatsystems.test.mv.outoforder.OOO08AtDifferentLocNonAuthCCRecvTagTest"/>
  <testcase name="test861_RECV_POS_CC1_PA_CC2" time="21.888" classname="com.oatsystems.test.mv.outoforder.OOO08AtDifferentLocNonAuthCCRecvTagTest"/>
  <testcase name="test869_PA_RECV_POS_CC1_CC2" time="21.685" classname="com.oatsystems.test.mv.outoforder.OOO08AtDifferentLocNonAuthCCRecvTagTest"/>
  <testcase name="test845_RECV_PA_POS_CC1_CC2" time="24.443" classname="com.oatsystems.test.mv.outoforder.OOO08AtDifferentLocNonAuthCCRecvTagTest"/>
  <testcase name="test880_PA_CC2_CC1_POS_RECV" time="21.571" classname="com.oatsystems.test.mv.outoforder.OOO08AtDifferentLocNonAuthCCRecvTagTest"/>
  <testcase name="test874_PA_CC1_CC2_POS_RECV" time="21.715" classname="com.oatsystems.test.mv.outoforder.OOO08AtDifferentLocNonAuthCCRecvTagTest"/>
  <testcase name="test957_POS_CC2_PA_RECV_CC1" time="21.431" classname="com.oatsystems.test.mv.outoforder.OOO08AtDifferentLocNonAuthCCRecvTagTest"/>
  <testcase name="test865_PA_RECV_CC1_CC2_POS" time="24.030" classname="com.oatsystems.test.mv.outoforder.OOO08AtDifferentLocNonAuthCCRecvTagTest"/>
  <testcase name="test917_CC2_RECV_POS_PA_CC1" time="21.146" classname="com.oatsystems.test.mv.outoforder.OOO08AtDifferentLocNonAuthCCRecvTagTest"/>
  <testcase name="test903_CC1_CC2_PA_RECV_POS" time="20.177" classname="com.oatsystems.test.mv.outoforder.OOO08AtDifferentLocNonAuthCCRecvTagTest"/>
  <testcase name="test884_PA_POS_RECV_CC2_CC1" time="23.177" classname="com.oatsystems.test.mv.outoforder.OOO08AtDifferentLocNonAuthCCRecvTagTest"/>
  <testcase name="test923_CC2_PA_POS_RECV_CC1" time="20.982" classname="com.oatsystems.test.mv.outoforder.OOO08AtDifferentLocNonAuthCCRecvTagTest"/>
  <testcase name="test941_POS_RECV_CC2_PA_CC1" time="23.434" classname="com.oatsystems.test.mv.outoforder.OOO08AtDifferentLocNonAuthCCRecvTagTest"/>
  <testcase name="test943_POS_PA_RECV_CC1_CC2" time="21.886" classname="com.oatsystems.test.mv.outoforder.OOO08AtDifferentLocNonAuthCCRecvTagTest"/>
  <testcase name="test927_CC2_CC1_PA_RECV_POS" time="20.874" classname="com.oatsystems.test.mv.outoforder.OOO08AtDifferentLocNonAuthCCRecvTagTest"/>
  <testcase name="test926_CC2_CC1_RECV_POS_PA" time="21.398" classname="com.oatsystems.test.mv.outoforder.OOO08AtDifferentLocNonAuthCCRecvTagTest"/>
  <testcase name="test914_CC2_RECV_PA_POS_CC1" time="22.502" classname="com.oatsystems.test.mv.outoforder.OOO08AtDifferentLocNonAuthCCRecvTagTest"/>
  <testcase name="test954_POS_CC1_CC2_PA_RECV" time="21.838" classname="com.oatsystems.test.mv.outoforder.OOO08AtDifferentLocNonAuthCCRecvTagTest"/>
  <testcase name="test958_POS_CC2_PA_CC1_RECV" time="21.366" classname="com.oatsystems.test.mv.outoforder.OOO08AtDifferentLocNonAuthCCRecvTagTest"/>
  <testcase name="test953_POS_CC1_CC2_RECV_PA" time="20.940" classname="com.oatsystems.test.mv.outoforder.OOO08AtDifferentLocNonAuthCCRecvTagTest"/>
  <testcase name="test911_CC1_POS_CC2_RECV_PA" time="21.519" classname="com.oatsystems.test.mv.outoforder.OOO08AtDifferentLocNonAuthCCRecvTagTest"/>
  <testcase name="test886_PA_POS_CC1_CC2_RECV" time="22.399" classname="com.oatsystems.test.mv.outoforder.OOO08AtDifferentLocNonAuthCCRecvTagTest"/>
  <testcase name="test960_POS_CC2_CC1_PA_RECV" time="21.974" classname="com.oatsystems.test.mv.outoforder.OOO08AtDifferentLocNonAuthCCRecvTagTest"/>
  <testcase name="test844_RECV_PA_CC2_POS_CC1" time="23.495" classname="com.oatsystems.test.mv.outoforder.OOO08AtDifferentLocNonAuthCCRecvTagTest"/>
  <testcase name="test850_RECV_CC1_CC2_POS_PA" time="21.632" classname="com.oatsystems.test.mv.outoforder.OOO08AtDifferentLocNonAuthCCRecvTagTest"/>
  <testcase name="test873_PA_CC1_CC2_RECV_POS" time="22.185" classname="com.oatsystems.test.mv.outoforder.OOO08AtDifferentLocNonAuthCCRecvTagTest"/>
  <testcase name="test855_RECV_CC2_CC1_PA_POS" time="22.160" classname="com.oatsystems.test.mv.outoforder.OOO08AtDifferentLocNonAuthCCRecvTagTest"/>
  <testcase name="test908_CC1_POS_RECV_CC2_PA" time="21.494" classname="com.oatsystems.test.mv.outoforder.OOO08AtDifferentLocNonAuthCCRecvTagTest"/>
  <testcase name="test878_PA_CC2_RECV_POS_CC1" time="22.114" classname="com.oatsystems.test.mv.outoforder.OOO08AtDifferentLocNonAuthCCRecvTagTest"/>
  <testcase name="test920_CC2_PA_RECV_POS_CC1" time="22.555" classname="com.oatsystems.test.mv.outoforder.OOO08AtDifferentLocNonAuthCCRecvTagTest"/>
  <testcase name="test862_RECV_POS_CC1_CC2_PA" time="22.441" classname="com.oatsystems.test.mv.outoforder.OOO08AtDifferentLocNonAuthCCRecvTagTest"/>
  <testcase name="test877_PA_CC2_RECV_CC1_POS" time="22.658" classname="com.oatsystems.test.mv.outoforder.OOO08AtDifferentLocNonAuthCCRecvTagTest"/>
  <testcase name="test924_CC2_PA_POS_CC1_RECV" time="22.019" classname="com.oatsystems.test.mv.outoforder.OOO08AtDifferentLocNonAuthCCRecvTagTest"/>
  <testcase name="test843_RECV_PA_CC2_CC1_POS" time="27.877" classname="com.oatsystems.test.mv.outoforder.OOO08AtDifferentLocNonAuthCCRecvTagTest"/>
  <testcase name="test890_CC1_RECV_PA_POS_CC2" time="21.741" classname="com.oatsystems.test.mv.outoforder.OOO08AtDifferentLocNonAuthCCRecvTagTest"/>
  <testcase name="test875_PA_CC1_POS_RECV_CC2" time="23.325" classname="com.oatsystems.test.mv.outoforder.OOO08AtDifferentLocNonAuthCCRecvTagTest"/>
  <testcase name="test872_PA_CC1_RECV_POS_CC2" time="21.547" classname="com.oatsystems.test.mv.outoforder.OOO08AtDifferentLocNonAuthCCRecvTagTest"/>
  <testcase name="test919_CC2_PA_RECV_CC1_POS" time="21.032" classname="com.oatsystems.test.mv.outoforder.OOO08AtDifferentLocNonAuthCCRecvTagTest"/>
  <testcase name="test949_POS_CC1_RECV_PA_CC2" time="21.269" classname="com.oatsystems.test.mv.outoforder.OOO08AtDifferentLocNonAuthCCRecvTagTest"/>
  <testcase name="test956_POS_CC2_RECV_CC1_PA" time="21.435" classname="com.oatsystems.test.mv.outoforder.OOO08AtDifferentLocNonAuthCCRecvTagTest"/>
  <testcase name="test889_CC1_RECV_PA_CC2_POS" time="20.561" classname="com.oatsystems.test.mv.outoforder.OOO08AtDifferentLocNonAuthCCRecvTagTest"/>
  <testcase name="test959_POS_CC2_CC1_RECV_PA" time="20.309" classname="com.oatsystems.test.mv.outoforder.OOO08AtDifferentLocNonAuthCCRecvTagTest"/>
  <testcase name="test899_CC1_PA_POS_RECV_CC2" time="21.654" classname="com.oatsystems.test.mv.outoforder.OOO08AtDifferentLocNonAuthCCRecvTagTest"/>
  <testcase name="test925_CC2_CC1_RECV_PA_POS" time="20.991" classname="com.oatsystems.test.mv.outoforder.OOO08AtDifferentLocNonAuthCCRecvTagTest"/>
  <testcase name="test896_CC1_PA_RECV_POS_CC2" time="22.545" classname="com.oatsystems.test.mv.outoforder.OOO08AtDifferentLocNonAuthCCRecvTagTest"/>
  <testcase name="test951_POS_CC1_PA_RECV_CC2" time="21.101" classname="com.oatsystems.test.mv.outoforder.OOO08AtDifferentLocNonAuthCCRecvTagTest"/>
  <testcase name="test893_CC1_RECV_POS_PA_CC2" time="20.922" classname="com.oatsystems.test.mv.outoforder.OOO08AtDifferentLocNonAuthCCRecvTagTest"/>
  <testcase name="test937_POS_RECV_PA_CC1_CC2" time="22.337" classname="com.oatsystems.test.mv.outoforder.OOO08AtDifferentLocNonAuthCCRecvTagTest"/>
  <testcase name="test935_CC2_POS_CC1_RECV_PA" time="20.793" classname="com.oatsystems.test.mv.outoforder.OOO08AtDifferentLocNonAuthCCRecvTagTest"/>
  <testcase name="test939_POS_RECV_CC1_PA_CC2" time="22.811" classname="com.oatsystems.test.mv.outoforder.OOO08AtDifferentLocNonAuthCCRecvTagTest"/>
  <testcase name="test898_CC1_PA_CC2_POS_RECV" time="22.047" classname="com.oatsystems.test.mv.outoforder.OOO08AtDifferentLocNonAuthCCRecvTagTest"/>
  <testcase name="test876_PA_CC1_POS_CC2_RECV" time="21.255" classname="com.oatsystems.test.mv.outoforder.OOO08AtDifferentLocNonAuthCCRecvTagTest"/>
  <testcase name="test887_PA_POS_CC2_RECV_CC1" time="22.119" classname="com.oatsystems.test.mv.outoforder.OOO08AtDifferentLocNonAuthCCRecvTagTest"/>
  <testcase name="test846_RECV_PA_POS_CC2_CC1" time="23.998" classname="com.oatsystems.test.mv.outoforder.OOO08AtDifferentLocNonAuthCCRecvTagTest"/>
  <testcase name="test922_CC2_PA_CC1_POS_RECV" time="21.646" classname="com.oatsystems.test.mv.outoforder.OOO08AtDifferentLocNonAuthCCRecvTagTest"/>
  <testcase name="test849_RECV_CC1_CC2_PA_POS" time="22.898" classname="com.oatsystems.test.mv.outoforder.OOO08AtDifferentLocNonAuthCCRecvTagTest"/>
  <testcase name="test934_CC2_POS_PA_CC1_RECV" time="23.479" classname="com.oatsystems.test.mv.outoforder.OOO08AtDifferentLocNonAuthCCRecvTagTest"/>
  <testcase name="test931_CC2_POS_RECV_PA_CC1" time="21.331" classname="com.oatsystems.test.mv.outoforder.OOO08AtDifferentLocNonAuthCCRecvTagTest"/>
  <testcase name="test907_CC1_POS_RECV_PA_CC2" time="21.310" classname="com.oatsystems.test.mv.outoforder.OOO08AtDifferentLocNonAuthCCRecvTagTest"/>
  <testcase name="test918_CC2_RECV_POS_CC1_PA" time="21.854" classname="com.oatsystems.test.mv.outoforder.OOO08AtDifferentLocNonAuthCCRecvTagTest"/>
  <testcase name="test930_CC2_CC1_POS_PA_RECV" time="21.783" classname="com.oatsystems.test.mv.outoforder.OOO08AtDifferentLocNonAuthCCRecvTagTest"/>
  <testcase name="test841_RECV_PA_CC1_CC2_POS" time="23.355" classname="com.oatsystems.test.mv.outoforder.OOO08AtDifferentLocNonAuthCCRecvTagTest"/>
  <testcase name="test894_CC1_RECV_POS_CC2_PA" time="22.211" classname="com.oatsystems.test.mv.outoforder.OOO08AtDifferentLocNonAuthCCRecvTagTest"/>
  <testcase name="test857_RECV_CC2_POS_PA_CC1" time="22.664" classname="com.oatsystems.test.mv.outoforder.OOO08AtDifferentLocNonAuthCCRecvTagTest"/>
  <testcase name="test904_CC1_CC2_PA_POS_RECV" time="21.579" classname="com.oatsystems.test.mv.outoforder.OOO08AtDifferentLocNonAuthCCRecvTagTest"/>
  <testcase name="test885_PA_POS_CC1_RECV_CC2" time="21.726" classname="com.oatsystems.test.mv.outoforder.OOO08AtDifferentLocNonAuthCCRecvTagTest"/>
  <testcase name="test952_POS_CC1_PA_CC2_RECV" time="22.107" classname="com.oatsystems.test.mv.outoforder.OOO08AtDifferentLocNonAuthCCRecvTagTest"/>
  <testcase name="test848_RECV_CC1_PA_POS_CC2" time="21.982" classname="com.oatsystems.test.mv.outoforder.OOO08AtDifferentLocNonAuthCCRecvTagTest"/>
  <testcase name="test936_CC2_POS_CC1_PA_RECV" time="21.269" classname="com.oatsystems.test.mv.outoforder.OOO08AtDifferentLocNonAuthCCRecvTagTest"/>
  <testcase name="test940_POS_RECV_CC1_CC2_PA" time="21.124" classname="com.oatsystems.test.mv.outoforder.OOO08AtDifferentLocNonAuthCCRecvTagTest"/>
  <testcase name="test915_CC2_RECV_CC1_PA_POS" time="20.285" classname="com.oatsystems.test.mv.outoforder.OOO08AtDifferentLocNonAuthCCRecvTagTest"/>
  <testcase name="test882_PA_CC2_POS_CC1_RECV" time="23.136" classname="com.oatsystems.test.mv.outoforder.OOO08AtDifferentLocNonAuthCCRecvTagTest"/>
  <testcase name="test859_RECV_POS_PA_CC1_CC2" time="29.631" classname="com.oatsystems.test.mv.outoforder.OOO08AtDifferentLocNonAuthCCRecvTagTest"/>
  <testcase name="test906_CC1_CC2_POS_PA_RECV" time="21.293" classname="com.oatsystems.test.mv.outoforder.OOO08AtDifferentLocNonAuthCCRecvTagTest"/>
  <testcase name="test938_POS_RECV_PA_CC2_CC1" time="23.649" classname="com.oatsystems.test.mv.outoforder.OOO08AtDifferentLocNonAuthCCRecvTagTest"/>
  <testcase name="test860_RECV_POS_PA_CC2_CC1" time="23.769" classname="com.oatsystems.test.mv.outoforder.OOO08AtDifferentLocNonAuthCCRecvTagTest"/>
  <testcase name="test867_PA_RECV_CC2_CC1_POS" time="21.593" classname="com.oatsystems.test.mv.outoforder.OOO08AtDifferentLocNonAuthCCRecvTagTest"/>
  <testcase name="test868_PA_RECV_CC2_POS_CC1" time="22.657" classname="com.oatsystems.test.mv.outoforder.OOO08AtDifferentLocNonAuthCCRecvTagTest"/>
  <testcase name="test933_CC2_POS_PA_RECV_CC1" time="21.969" classname="com.oatsystems.test.mv.outoforder.OOO08AtDifferentLocNonAuthCCRecvTagTest"/>
  <testcase name="test891_CC1_RECV_CC2_PA_POS" time="20.348" classname="com.oatsystems.test.mv.outoforder.OOO08AtDifferentLocNonAuthCCRecvTagTest"/>
  <testcase name="test946_POS_PA_CC1_CC2_RECV" time="22.929" classname="com.oatsystems.test.mv.outoforder.OOO08AtDifferentLocNonAuthCCRecvTagTest"/>
  <testcase name="test847_RECV_CC1_PA_CC2_POS" time="22.749" classname="com.oatsystems.test.mv.outoforder.OOO08AtDifferentLocNonAuthCCRecvTagTest"/>
  <testcase name="test948_POS_PA_CC2_CC1_RECV" time="22.766" classname="com.oatsystems.test.mv.outoforder.OOO08AtDifferentLocNonAuthCCRecvTagTest"/>
  <testcase name="test942_POS_RECV_CC2_CC1_PA" time="23.198" classname="com.oatsystems.test.mv.outoforder.OOO08AtDifferentLocNonAuthCCRecvTagTest"/>
  <testcase name="test851_RECV_CC1_POS_PA_CC2" time="23.005" classname="com.oatsystems.test.mv.outoforder.OOO08AtDifferentLocNonAuthCCRecvTagTest"/>
  <testcase name="test842_RECV_PA_CC1_POS_CC2" time="22.605" classname="com.oatsystems.test.mv.outoforder.OOO08AtDifferentLocNonAuthCCRecvTagTest"/>
  <testcase name="test895_CC1_PA_RECV_CC2_POS" time="20.492" classname="com.oatsystems.test.mv.outoforder.OOO08AtDifferentLocNonAuthCCRecvTagTest"/>
  <testcase name="test902_CC1_CC2_RECV_POS_PA" time="22.520" classname="com.oatsystems.test.mv.outoforder.OOO08AtDifferentLocNonAuthCCRecvTagTest"/>
  <testcase name="test856_RECV_CC2_CC1_POS_PA" time="21.555" classname="com.oatsystems.test.mv.outoforder.OOO08AtDifferentLocNonAuthCCRecvTagTest"/>
  <testcase name="test905_CC1_CC2_POS_RECV_PA" time="20.213" classname="com.oatsystems.test.mv.outoforder.OOO08AtDifferentLocNonAuthCCRecvTagTest"/>
  <testcase name="test912_CC1_POS_CC2_PA_RECV" time="22.091" classname="com.oatsystems.test.mv.outoforder.OOO08AtDifferentLocNonAuthCCRecvTagTest"/>
  <testcase name="test881_PA_CC2_POS_RECV_CC1" time="23.605" classname="com.oatsystems.test.mv.outoforder.OOO08AtDifferentLocNonAuthCCRecvTagTest"/>
  <testcase name="test892_CC1_RECV_CC2_POS_PA" time="22.524" classname="com.oatsystems.test.mv.outoforder.OOO08AtDifferentLocNonAuthCCRecvTagTest"/>
</testsuite> <!-- com.oatsystems.test.mv.outoforder.OOO08AtDifferentLocNonAuthCCRecvTagTest -->
