<?xml version="1.0" encoding="UTF-8"?>
<!-- Generated by org.testng.reporters.JUnitReportReporter -->
<testsuite skipped="0" hostname="INBANGNBLENO10" name="com.oatsystems.test.mv.hhmsgs.MF03_MultipleParallelMsgTest" tests="8" failures="3" timestamp="23 Oct 2018 20:35:25 GMT" time="89.002" errors="0">
  <testcase name="test07_Retirement" time="11.410" classname="com.oatsystems.test.mv.hhmsgs.MF03_MultipleParallelMsgTest">
    <failure type="java.lang.AssertionError" message="Business location mismatch for the epc:3034186A940B960000000808, Expected:null,Actual:StoreMFT1_ShippingArea">
      <![CDATA[java.lang.AssertionError: Business location mismatch for the epc:3034186A940B960000000808, Expected:null,Actual:StoreMFT1_ShippingArea
at org.junit.Assert.fail(Assert.java:88)
at com.oatsystems.test.mv.hhmsgs.MVHHMsgCommon.verifiyEPCInfo(MVHHMsgCommon.java:334)
at com.oatsystems.test.mv.hhmsgs.MVHHMsgCommon.verifyData(MVHHMsgCommon.java:318)
at com.oatsystems.test.mv.hhmsgs.MF03_MultipleParallelMsgTest.test07_Retirement(MF03_MultipleParallelMsgTest.java:169)
at sun.reflect.NativeMethodAccessorImpl.invoke0(Native Method)
at sun.reflect.NativeMethodAccessorImpl.invoke(Unknown Source)
at sun.reflect.DelegatingMethodAccessorImpl.invoke(Unknown Source)
at java.lang.reflect.Method.invoke(Unknown Source)
at org.testng.internal.MethodInvocationHelper.invokeMethod(MethodInvocationHelper.java:124)
at org.testng.internal.Invoker.invokeMethod(Invoker.java:583)
at org.testng.internal.Invoker.invokeTestMethod(Invoker.java:719)
at org.testng.internal.Invoker.invokeTestMethods(Invoker.java:989)
at org.testng.internal.TestMethodWorker.invokeTestMethods(TestMethodWorker.java:125)
at org.testng.internal.TestMethodWorker.run(TestMethodWorker.java:109)
at org.testng.TestRunner.privateRun(TestRunner.java:648)
at org.testng.TestRunner.run(TestRunner.java:505)
at org.testng.SuiteRunner.runTest(SuiteRunner.java:455)
at org.testng.SuiteRunner.runSequentially(SuiteRunner.java:450)
at org.testng.SuiteRunner.privateRun(SuiteRunner.java:415)
at org.testng.SuiteRunner.run(SuiteRunner.java:364)
at org.testng.SuiteRunnerWorker.runSuite(SuiteRunnerWorker.java:52)
at org.testng.SuiteRunnerWorker.run(SuiteRunnerWorker.java:84)
at org.testng.TestNG.runSuitesSequentially(TestNG.java:1208)
at org.testng.TestNG.runSuitesLocally(TestNG.java:1137)
at org.testng.TestNG.runSuites(TestNG.java:1049)
at org.testng.TestNG.run(TestNG.java:1017)
at org.testng.remote.AbstractRemoteTestNG.run(AbstractRemoteTestNG.java:114)
at org.testng.remote.RemoteTestNG.initAndRun(RemoteTestNG.java:251)
at org.testng.remote.RemoteTestNG.main(RemoteTestNG.java:77)
]]>
    </failure>
  </testcase> <!-- test07_Retirement -->
  <testcase name="test08_EncodeItems" time="6.229" classname="com.oatsystems.test.mv.hhmsgs.MF03_MultipleParallelMsgTest">
    <failure type="java.lang.AssertionError" message="Number of EPCs mismatch expected:&lt;12&gt; but was:&lt;0&gt;">
      <![CDATA[java.lang.AssertionError: Number of EPCs mismatch expected:<12> but was:<0>
at org.junit.Assert.fail(Assert.java:88)
at org.junit.Assert.failNotEquals(Assert.java:834)
at org.junit.Assert.assertEquals(Assert.java:645)
at com.oatsystems.test.mv.hhmsgs.MVHHMsgCommon.verifiyEPCInfo(MVHHMsgCommon.java:322)
at com.oatsystems.test.mv.hhmsgs.MVHHMsgCommon.verifyData(MVHHMsgCommon.java:318)
at com.oatsystems.test.mv.hhmsgs.MF03_MultipleParallelMsgTest.test08_EncodeItems(MF03_MultipleParallelMsgTest.java:188)
at sun.reflect.NativeMethodAccessorImpl.invoke0(Native Method)
at sun.reflect.NativeMethodAccessorImpl.invoke(Unknown Source)
at sun.reflect.DelegatingMethodAccessorImpl.invoke(Unknown Source)
at java.lang.reflect.Method.invoke(Unknown Source)
at org.testng.internal.MethodInvocationHelper.invokeMethod(MethodInvocationHelper.java:124)
at org.testng.internal.Invoker.invokeMethod(Invoker.java:583)
at org.testng.internal.Invoker.invokeTestMethod(Invoker.java:719)
at org.testng.internal.Invoker.invokeTestMethods(Invoker.java:989)
at org.testng.internal.TestMethodWorker.invokeTestMethods(TestMethodWorker.java:125)
at org.testng.internal.TestMethodWorker.run(TestMethodWorker.java:109)
at org.testng.TestRunner.privateRun(TestRunner.java:648)
at org.testng.TestRunner.run(TestRunner.java:505)
at org.testng.SuiteRunner.runTest(SuiteRunner.java:455)
at org.testng.SuiteRunner.runSequentially(SuiteRunner.java:450)
at org.testng.SuiteRunner.privateRun(SuiteRunner.java:415)
at org.testng.SuiteRunner.run(SuiteRunner.java:364)
at org.testng.SuiteRunnerWorker.runSuite(SuiteRunnerWorker.java:52)
at org.testng.SuiteRunnerWorker.run(SuiteRunnerWorker.java:84)
at org.testng.TestNG.runSuitesSequentially(TestNG.java:1208)
at org.testng.TestNG.runSuitesLocally(TestNG.java:1137)
at org.testng.TestNG.runSuites(TestNG.java:1049)
at org.testng.TestNG.run(TestNG.java:1017)
at org.testng.remote.AbstractRemoteTestNG.run(AbstractRemoteTestNG.java:114)
at org.testng.remote.RemoteTestNG.initAndRun(RemoteTestNG.java:251)
at org.testng.remote.RemoteTestNG.main(RemoteTestNG.java:77)
]]>
    </failure>
  </testcase> <!-- test08_EncodeItems -->
  <testcase name="test05_FilteredCycleCountNonStream" time="12.784" classname="com.oatsystems.test.mv.hhmsgs.MF03_MultipleParallelMsgTest"/>
  <testcase name="test03_PutAway" time="11.039" classname="com.oatsystems.test.mv.hhmsgs.MF03_MultipleParallelMsgTest"/>
  <testcase name="test02_ReceivingTagged" time="11.009" classname="com.oatsystems.test.mv.hhmsgs.MF03_MultipleParallelMsgTest"/>
  <testcase name="test04_CycleCountNonStream" time="13.282" classname="com.oatsystems.test.mv.hhmsgs.MF03_MultipleParallelMsgTest"/>
  <testcase name="test06_EnterSoldItems" time="11.225" classname="com.oatsystems.test.mv.hhmsgs.MF03_MultipleParallelMsgTest">
    <failure type="java.lang.AssertionError" message="Business location mismatch for the epc:3034186A940B9600000007FC, Expected:null,Actual:StoreMFT1_ShippingArea">
      <![CDATA[java.lang.AssertionError: Business location mismatch for the epc:3034186A940B9600000007FC, Expected:null,Actual:StoreMFT1_ShippingArea
at org.junit.Assert.fail(Assert.java:88)
at com.oatsystems.test.mv.hhmsgs.MVHHMsgCommon.verifiyEPCInfo(MVHHMsgCommon.java:334)
at com.oatsystems.test.mv.hhmsgs.MVHHMsgCommon.verifyData(MVHHMsgCommon.java:318)
at com.oatsystems.test.mv.hhmsgs.MF03_MultipleParallelMsgTest.test06_EnterSoldItems(MF03_MultipleParallelMsgTest.java:152)
at sun.reflect.NativeMethodAccessorImpl.invoke0(Native Method)
at sun.reflect.NativeMethodAccessorImpl.invoke(Unknown Source)
at sun.reflect.DelegatingMethodAccessorImpl.invoke(Unknown Source)
at java.lang.reflect.Method.invoke(Unknown Source)
at org.testng.internal.MethodInvocationHelper.invokeMethod(MethodInvocationHelper.java:124)
at org.testng.internal.Invoker.invokeMethod(Invoker.java:583)
at org.testng.internal.Invoker.invokeTestMethod(Invoker.java:719)
at org.testng.internal.Invoker.invokeTestMethods(Invoker.java:989)
at org.testng.internal.TestMethodWorker.invokeTestMethods(TestMethodWorker.java:125)
at org.testng.internal.TestMethodWorker.run(TestMethodWorker.java:109)
at org.testng.TestRunner.privateRun(TestRunner.java:648)
at org.testng.TestRunner.run(TestRunner.java:505)
at org.testng.SuiteRunner.runTest(SuiteRunner.java:455)
at org.testng.SuiteRunner.runSequentially(SuiteRunner.java:450)
at org.testng.SuiteRunner.privateRun(SuiteRunner.java:415)
at org.testng.SuiteRunner.run(SuiteRunner.java:364)
at org.testng.SuiteRunnerWorker.runSuite(SuiteRunnerWorker.java:52)
at org.testng.SuiteRunnerWorker.run(SuiteRunnerWorker.java:84)
at org.testng.TestNG.runSuitesSequentially(TestNG.java:1208)
at org.testng.TestNG.runSuitesLocally(TestNG.java:1137)
at org.testng.TestNG.runSuites(TestNG.java:1049)
at org.testng.TestNG.run(TestNG.java:1017)
at org.testng.remote.AbstractRemoteTestNG.run(AbstractRemoteTestNG.java:114)
at org.testng.remote.RemoteTestNG.initAndRun(RemoteTestNG.java:251)
at org.testng.remote.RemoteTestNG.main(RemoteTestNG.java:77)
]]>
    </failure>
  </testcase> <!-- test06_EnterSoldItems -->
  <testcase name="test01_ReceivingUnTagged" time="12.024" classname="com.oatsystems.test.mv.hhmsgs.MF03_MultipleParallelMsgTest"/>
</testsuite> <!-- com.oatsystems.test.mv.hhmsgs.MF03_MultipleParallelMsgTest -->
