<?xml version="1.0" encoding="UTF-8"?>
<!-- Generated by org.testng.reporters.JUnitReportReporter -->
<testsuite skipped="0" hostname="INBANGNBLENO10" name="com.oatsystems.test.mv.outoforder.OOO07AtSameLocNonAuthCCRecvTagTest" tests="120" failures="0" timestamp="23 Oct 2018 20:35:24 GMT" time="2598.052" errors="0">
  <testcase name="test813_CC2_POS_PA_RECV_CC1" time="21.056" classname="com.oatsystems.test.mv.outoforder.OOO07AtSameLocNonAuthCCRecvTagTest"/>
  <testcase name="test818_POS_RECV_PA_CC2_CC1" time="23.585" classname="com.oatsystems.test.mv.outoforder.OOO07AtSameLocNonAuthCCRecvTagTest"/>
  <testcase name="test735_RECV_CC2_CC1_PA_POS" time="20.550" classname="com.oatsystems.test.mv.outoforder.OOO07AtSameLocNonAuthCCRecvTagTest"/>
  <testcase name="test768_PA_POS_CC2_CC1_RECV" time="21.727" classname="com.oatsystems.test.mv.outoforder.OOO07AtSameLocNonAuthCCRecvTagTest"/>
  <testcase name="test834_POS_CC1_CC2_PA_RECV" time="22.005" classname="com.oatsystems.test.mv.outoforder.OOO07AtSameLocNonAuthCCRecvTagTest"/>
  <testcase name="test822_POS_RECV_CC2_CC1_PA" time="20.977" classname="com.oatsystems.test.mv.outoforder.OOO07AtSameLocNonAuthCCRecvTagTest"/>
  <testcase name="test802_CC2_PA_CC1_POS_RECV" time="21.599" classname="com.oatsystems.test.mv.outoforder.OOO07AtSameLocNonAuthCCRecvTagTest"/>
  <testcase name="test785_CC1_CC2_POS_RECV_PA" time="20.095" classname="com.oatsystems.test.mv.outoforder.OOO07AtSameLocNonAuthCCRecvTagTest"/>
  <testcase name="test743_RECV_POS_CC2_PA_CC1" time="22.437" classname="com.oatsystems.test.mv.outoforder.OOO07AtSameLocNonAuthCCRecvTagTest"/>
  <testcase name="test837_POS_CC2_PA_RECV_CC1" time="20.899" classname="com.oatsystems.test.mv.outoforder.OOO07AtSameLocNonAuthCCRecvTagTest"/>
  <testcase name="test742_RECV_POS_CC1_CC2_PA" time="21.062" classname="com.oatsystems.test.mv.outoforder.OOO07AtSameLocNonAuthCCRecvTagTest"/>
  <testcase name="test751_PA_CC1_RECV_CC2_POS" time="22.218" classname="com.oatsystems.test.mv.outoforder.OOO07AtSameLocNonAuthCCRecvTagTest"/>
  <testcase name="test790_CC1_POS_PA_CC2_RECV" time="21.517" classname="com.oatsystems.test.mv.outoforder.OOO07AtSameLocNonAuthCCRecvTagTest"/>
  <testcase name="test736_RECV_CC2_CC1_POS_PA" time="21.349" classname="com.oatsystems.test.mv.outoforder.OOO07AtSameLocNonAuthCCRecvTagTest"/>
  <testcase name="test780_CC1_PA_POS_CC2_RECV" time="21.887" classname="com.oatsystems.test.mv.outoforder.OOO07AtSameLocNonAuthCCRecvTagTest"/>
  <testcase name="test836_POS_CC2_RECV_CC1_PA" time="21.216" classname="com.oatsystems.test.mv.outoforder.OOO07AtSameLocNonAuthCCRecvTagTest"/>
  <testcase name="test797_CC2_RECV_POS_PA_CC1" time="20.522" classname="com.oatsystems.test.mv.outoforder.OOO07AtSameLocNonAuthCCRecvTagTest"/>
  <testcase name="test799_CC2_PA_RECV_CC1_POS" time="20.559" classname="com.oatsystems.test.mv.outoforder.OOO07AtSameLocNonAuthCCRecvTagTest"/>
  <testcase name="test794_CC2_RECV_PA_POS_CC1" time="21.910" classname="com.oatsystems.test.mv.outoforder.OOO07AtSameLocNonAuthCCRecvTagTest"/>
  <testcase name="test803_CC2_PA_POS_RECV_CC1" time="20.380" classname="com.oatsystems.test.mv.outoforder.OOO07AtSameLocNonAuthCCRecvTagTest"/>
  <testcase name="test761_PA_CC2_POS_RECV_CC1" time="22.138" classname="com.oatsystems.test.mv.outoforder.OOO07AtSameLocNonAuthCCRecvTagTest"/>
  <testcase name="test812_CC2_POS_RECV_CC1_PA" time="21.529" classname="com.oatsystems.test.mv.outoforder.OOO07AtSameLocNonAuthCCRecvTagTest"/>
  <testcase name="test829_POS_CC1_RECV_PA_CC2" time="21.781" classname="com.oatsystems.test.mv.outoforder.OOO07AtSameLocNonAuthCCRecvTagTest"/>
  <testcase name="test725_RECV_PA_POS_CC1_CC2" time="21.863" classname="com.oatsystems.test.mv.outoforder.OOO07AtSameLocNonAuthCCRecvTagTest"/>
  <testcase name="test839_POS_CC2_CC1_RECV_PA" time="19.975" classname="com.oatsystems.test.mv.outoforder.OOO07AtSameLocNonAuthCCRecvTagTest"/>
  <testcase name="test737_RECV_CC2_POS_PA_CC1" time="20.896" classname="com.oatsystems.test.mv.outoforder.OOO07AtSameLocNonAuthCCRecvTagTest"/>
  <testcase name="test771_CC1_RECV_CC2_PA_POS" time="20.318" classname="com.oatsystems.test.mv.outoforder.OOO07AtSameLocNonAuthCCRecvTagTest"/>
  <testcase name="test773_CC1_RECV_POS_PA_CC2" time="20.394" classname="com.oatsystems.test.mv.outoforder.OOO07AtSameLocNonAuthCCRecvTagTest"/>
  <testcase name="test750_PA_RECV_POS_CC2_CC1" time="20.701" classname="com.oatsystems.test.mv.outoforder.OOO07AtSameLocNonAuthCCRecvTagTest"/>
  <testcase name="test820_POS_RECV_CC1_CC2_PA" time="21.234" classname="com.oatsystems.test.mv.outoforder.OOO07AtSameLocNonAuthCCRecvTagTest"/>
  <testcase name="test832_POS_CC1_PA_CC2_RECV" time="21.767" classname="com.oatsystems.test.mv.outoforder.OOO07AtSameLocNonAuthCCRecvTagTest"/>
  <testcase name="test795_CC2_RECV_CC1_PA_POS" time="19.932" classname="com.oatsystems.test.mv.outoforder.OOO07AtSameLocNonAuthCCRecvTagTest"/>
  <testcase name="test740_RECV_POS_PA_CC2_CC1" time="23.294" classname="com.oatsystems.test.mv.outoforder.OOO07AtSameLocNonAuthCCRecvTagTest"/>
  <testcase name="test721_RECV_PA_CC1_CC2_POS" time="22.815" classname="com.oatsystems.test.mv.outoforder.OOO07AtSameLocNonAuthCCRecvTagTest"/>
  <testcase name="test807_CC2_CC1_PA_RECV_POS" time="20.758" classname="com.oatsystems.test.mv.outoforder.OOO07AtSameLocNonAuthCCRecvTagTest"/>
  <testcase name="test755_PA_CC1_POS_RECV_CC2" time="22.641" classname="com.oatsystems.test.mv.outoforder.OOO07AtSameLocNonAuthCCRecvTagTest"/>
  <testcase name="test756_PA_CC1_POS_CC2_RECV" time="20.896" classname="com.oatsystems.test.mv.outoforder.OOO07AtSameLocNonAuthCCRecvTagTest"/>
  <testcase name="test741_RECV_POS_CC1_PA_CC2" time="22.617" classname="com.oatsystems.test.mv.outoforder.OOO07AtSameLocNonAuthCCRecvTagTest"/>
  <testcase name="test833_POS_CC1_CC2_RECV_PA" time="20.239" classname="com.oatsystems.test.mv.outoforder.OOO07AtSameLocNonAuthCCRecvTagTest"/>
  <testcase name="test744_RECV_POS_CC2_CC1_PA" time="21.446" classname="com.oatsystems.test.mv.outoforder.OOO07AtSameLocNonAuthCCRecvTagTest"/>
  <testcase name="test827_POS_PA_CC2_RECV_CC1" time="22.538" classname="com.oatsystems.test.mv.outoforder.OOO07AtSameLocNonAuthCCRecvTagTest"/>
  <testcase name="test806_CC2_CC1_RECV_POS_PA" time="21.269" classname="com.oatsystems.test.mv.outoforder.OOO07AtSameLocNonAuthCCRecvTagTest"/>
  <testcase name="test819_POS_RECV_CC1_PA_CC2" time="22.981" classname="com.oatsystems.test.mv.outoforder.OOO07AtSameLocNonAuthCCRecvTagTest"/>
  <testcase name="test728_RECV_CC1_PA_POS_CC2" time="22.738" classname="com.oatsystems.test.mv.outoforder.OOO07AtSameLocNonAuthCCRecvTagTest"/>
  <testcase name="test777_CC1_PA_CC2_RECV_POS" time="19.879" classname="com.oatsystems.test.mv.outoforder.OOO07AtSameLocNonAuthCCRecvTagTest"/>
  <testcase name="test788_CC1_POS_RECV_CC2_PA" time="20.731" classname="com.oatsystems.test.mv.outoforder.OOO07AtSameLocNonAuthCCRecvTagTest"/>
  <testcase name="test753_PA_CC1_CC2_RECV_POS" time="21.526" classname="com.oatsystems.test.mv.outoforder.OOO07AtSameLocNonAuthCCRecvTagTest"/>
  <testcase name="test754_PA_CC1_CC2_POS_RECV" time="21.433" classname="com.oatsystems.test.mv.outoforder.OOO07AtSameLocNonAuthCCRecvTagTest"/>
  <testcase name="test779_CC1_PA_POS_RECV_CC2" time="20.294" classname="com.oatsystems.test.mv.outoforder.OOO07AtSameLocNonAuthCCRecvTagTest"/>
  <testcase name="test757_PA_CC2_RECV_CC1_POS" time="22.374" classname="com.oatsystems.test.mv.outoforder.OOO07AtSameLocNonAuthCCRecvTagTest"/>
  <testcase name="test821_POS_RECV_CC2_PA_CC1" time="22.501" classname="com.oatsystems.test.mv.outoforder.OOO07AtSameLocNonAuthCCRecvTagTest"/>
  <testcase name="test796_CC2_RECV_CC1_POS_PA" time="21.269" classname="com.oatsystems.test.mv.outoforder.OOO07AtSameLocNonAuthCCRecvTagTest"/>
  <testcase name="test732_RECV_CC1_POS_CC2_PA" time="22.455" classname="com.oatsystems.test.mv.outoforder.OOO07AtSameLocNonAuthCCRecvTagTest"/>
  <testcase name="test776_CC1_PA_RECV_POS_CC2" time="21.874" classname="com.oatsystems.test.mv.outoforder.OOO07AtSameLocNonAuthCCRecvTagTest"/>
  <testcase name="test724_RECV_PA_CC2_POS_CC1" time="22.886" classname="com.oatsystems.test.mv.outoforder.OOO07AtSameLocNonAuthCCRecvTagTest"/>
  <testcase name="test835_POS_CC2_RECV_PA_CC1" time="21.067" classname="com.oatsystems.test.mv.outoforder.OOO07AtSameLocNonAuthCCRecvTagTest"/>
  <testcase name="test816_CC2_POS_CC1_PA_RECV" time="21.728" classname="com.oatsystems.test.mv.outoforder.OOO07AtSameLocNonAuthCCRecvTagTest"/>
  <testcase name="test805_CC2_CC1_RECV_PA_POS" time="20.403" classname="com.oatsystems.test.mv.outoforder.OOO07AtSameLocNonAuthCCRecvTagTest"/>
  <testcase name="test781_CC1_CC2_RECV_PA_POS" time="20.425" classname="com.oatsystems.test.mv.outoforder.OOO07AtSameLocNonAuthCCRecvTagTest"/>
  <testcase name="test789_CC1_POS_PA_RECV_CC2" time="20.171" classname="com.oatsystems.test.mv.outoforder.OOO07AtSameLocNonAuthCCRecvTagTest"/>
  <testcase name="test727_RECV_CC1_PA_CC2_POS" time="21.134" classname="com.oatsystems.test.mv.outoforder.OOO07AtSameLocNonAuthCCRecvTagTest"/>
  <testcase name="test763_PA_POS_RECV_CC1_CC2" time="21.313" classname="com.oatsystems.test.mv.outoforder.OOO07AtSameLocNonAuthCCRecvTagTest"/>
  <testcase name="test730_RECV_CC1_CC2_POS_PA" time="22.563" classname="com.oatsystems.test.mv.outoforder.OOO07AtSameLocNonAuthCCRecvTagTest"/>
  <testcase name="test738_RECV_CC2_POS_CC1_PA" time="21.946" classname="com.oatsystems.test.mv.outoforder.OOO07AtSameLocNonAuthCCRecvTagTest"/>
  <testcase name="test762_PA_CC2_POS_CC1_RECV" time="22.539" classname="com.oatsystems.test.mv.outoforder.OOO07AtSameLocNonAuthCCRecvTagTest"/>
  <testcase name="test787_CC1_POS_RECV_PA_CC2" time="20.528" classname="com.oatsystems.test.mv.outoforder.OOO07AtSameLocNonAuthCCRecvTagTest"/>
  <testcase name="test801_CC2_PA_CC1_RECV_POS" time="20.789" classname="com.oatsystems.test.mv.outoforder.OOO07AtSameLocNonAuthCCRecvTagTest"/>
  <testcase name="test793_CC2_RECV_PA_CC1_POS" time="20.421" classname="com.oatsystems.test.mv.outoforder.OOO07AtSameLocNonAuthCCRecvTagTest"/>
  <testcase name="test804_CC2_PA_POS_CC1_RECV" time="20.708" classname="com.oatsystems.test.mv.outoforder.OOO07AtSameLocNonAuthCCRecvTagTest"/>
  <testcase name="test817_POS_RECV_PA_CC1_CC2" time="22.697" classname="com.oatsystems.test.mv.outoforder.OOO07AtSameLocNonAuthCCRecvTagTest"/>
  <testcase name="test815_CC2_POS_CC1_RECV_PA" time="21.349" classname="com.oatsystems.test.mv.outoforder.OOO07AtSameLocNonAuthCCRecvTagTest"/>
  <testcase name="test782_CC1_CC2_RECV_POS_PA" time="22.017" classname="com.oatsystems.test.mv.outoforder.OOO07AtSameLocNonAuthCCRecvTagTest"/>
  <testcase name="test792_CC1_POS_CC2_PA_RECV" time="21.339" classname="com.oatsystems.test.mv.outoforder.OOO07AtSameLocNonAuthCCRecvTagTest"/>
  <testcase name="test734_RECV_CC2_PA_POS_CC1" time="21.419" classname="com.oatsystems.test.mv.outoforder.OOO07AtSameLocNonAuthCCRecvTagTest"/>
  <testcase name="test766_PA_POS_CC1_CC2_RECV" time="22.390" classname="com.oatsystems.test.mv.outoforder.OOO07AtSameLocNonAuthCCRecvTagTest"/>
  <testcase name="test758_PA_CC2_RECV_POS_CC1" time="21.512" classname="com.oatsystems.test.mv.outoforder.OOO07AtSameLocNonAuthCCRecvTagTest"/>
  <testcase name="test831_POS_CC1_PA_RECV_CC2" time="38.753" classname="com.oatsystems.test.mv.outoforder.OOO07AtSameLocNonAuthCCRecvTagTest"/>
  <testcase name="test823_POS_PA_RECV_CC1_CC2" time="22.187" classname="com.oatsystems.test.mv.outoforder.OOO07AtSameLocNonAuthCCRecvTagTest"/>
  <testcase name="test759_PA_CC2_CC1_RECV_POS" time="25.838" classname="com.oatsystems.test.mv.outoforder.OOO07AtSameLocNonAuthCCRecvTagTest"/>
  <testcase name="test772_CC1_RECV_CC2_POS_PA" time="21.325" classname="com.oatsystems.test.mv.outoforder.OOO07AtSameLocNonAuthCCRecvTagTest"/>
  <testcase name="test726_RECV_PA_POS_CC2_CC1" time="22.572" classname="com.oatsystems.test.mv.outoforder.OOO07AtSameLocNonAuthCCRecvTagTest"/>
  <testcase name="test769_CC1_RECV_PA_CC2_POS" time="20.191" classname="com.oatsystems.test.mv.outoforder.OOO07AtSameLocNonAuthCCRecvTagTest"/>
  <testcase name="test749_PA_RECV_POS_CC1_CC2" time="21.932" classname="com.oatsystems.test.mv.outoforder.OOO07AtSameLocNonAuthCCRecvTagTest"/>
  <testcase name="test814_CC2_POS_PA_CC1_RECV" time="20.902" classname="com.oatsystems.test.mv.outoforder.OOO07AtSameLocNonAuthCCRecvTagTest"/>
  <testcase name="test809_CC2_CC1_POS_RECV_PA" time="20.117" classname="com.oatsystems.test.mv.outoforder.OOO07AtSameLocNonAuthCCRecvTagTest"/>
  <testcase name="test825_POS_PA_CC1_RECV_CC2" time="22.819" classname="com.oatsystems.test.mv.outoforder.OOO07AtSameLocNonAuthCCRecvTagTest"/>
  <testcase name="test798_CC2_RECV_POS_CC1_PA" time="22.180" classname="com.oatsystems.test.mv.outoforder.OOO07AtSameLocNonAuthCCRecvTagTest"/>
  <testcase name="test747_PA_RECV_CC2_CC1_POS" time="22.212" classname="com.oatsystems.test.mv.outoforder.OOO07AtSameLocNonAuthCCRecvTagTest"/>
  <testcase name="test770_CC1_RECV_PA_POS_CC2" time="21.753" classname="com.oatsystems.test.mv.outoforder.OOO07AtSameLocNonAuthCCRecvTagTest"/>
  <testcase name="test748_PA_RECV_CC2_POS_CC1" time="21.528" classname="com.oatsystems.test.mv.outoforder.OOO07AtSameLocNonAuthCCRecvTagTest"/>
  <testcase name="test840_POS_CC2_CC1_PA_RECV" time="21.681" classname="com.oatsystems.test.mv.outoforder.OOO07AtSameLocNonAuthCCRecvTagTest"/>
  <testcase name="test808_CC2_CC1_PA_POS_RECV" time="21.078" classname="com.oatsystems.test.mv.outoforder.OOO07AtSameLocNonAuthCCRecvTagTest"/>
  <testcase name="test786_CC1_CC2_POS_PA_RECV" time="21.193" classname="com.oatsystems.test.mv.outoforder.OOO07AtSameLocNonAuthCCRecvTagTest"/>
  <testcase name="test830_POS_CC1_RECV_CC2_PA" time="20.941" classname="com.oatsystems.test.mv.outoforder.OOO07AtSameLocNonAuthCCRecvTagTest"/>
  <testcase name="test775_CC1_PA_RECV_CC2_POS" time="19.936" classname="com.oatsystems.test.mv.outoforder.OOO07AtSameLocNonAuthCCRecvTagTest"/>
  <testcase name="test774_CC1_RECV_POS_CC2_PA" time="21.125" classname="com.oatsystems.test.mv.outoforder.OOO07AtSameLocNonAuthCCRecvTagTest"/>
  <testcase name="test784_CC1_CC2_PA_POS_RECV" time="21.775" classname="com.oatsystems.test.mv.outoforder.OOO07AtSameLocNonAuthCCRecvTagTest"/>
  <testcase name="test729_RECV_CC1_CC2_PA_POS" time="21.708" classname="com.oatsystems.test.mv.outoforder.OOO07AtSameLocNonAuthCCRecvTagTest"/>
  <testcase name="test746_PA_RECV_CC1_POS_CC2" time="21.814" classname="com.oatsystems.test.mv.outoforder.OOO07AtSameLocNonAuthCCRecvTagTest"/>
  <testcase name="test783_CC1_CC2_PA_RECV_POS" time="19.794" classname="com.oatsystems.test.mv.outoforder.OOO07AtSameLocNonAuthCCRecvTagTest"/>
  <testcase name="test745_PA_RECV_CC1_CC2_POS" time="22.168" classname="com.oatsystems.test.mv.outoforder.OOO07AtSameLocNonAuthCCRecvTagTest"/>
  <testcase name="test764_PA_POS_RECV_CC2_CC1" time="22.242" classname="com.oatsystems.test.mv.outoforder.OOO07AtSameLocNonAuthCCRecvTagTest"/>
  <testcase name="test733_RECV_CC2_PA_CC1_POS" time="20.717" classname="com.oatsystems.test.mv.outoforder.OOO07AtSameLocNonAuthCCRecvTagTest"/>
  <testcase name="test723_RECV_PA_CC2_CC1_POS" time="25.688" classname="com.oatsystems.test.mv.outoforder.OOO07AtSameLocNonAuthCCRecvTagTest"/>
  <testcase name="test800_CC2_PA_RECV_POS_CC1" time="21.874" classname="com.oatsystems.test.mv.outoforder.OOO07AtSameLocNonAuthCCRecvTagTest"/>
  <testcase name="test824_POS_PA_RECV_CC2_CC1" time="21.930" classname="com.oatsystems.test.mv.outoforder.OOO07AtSameLocNonAuthCCRecvTagTest"/>
  <testcase name="test828_POS_PA_CC2_CC1_RECV" time="21.151" classname="com.oatsystems.test.mv.outoforder.OOO07AtSameLocNonAuthCCRecvTagTest"/>
  <testcase name="test778_CC1_PA_CC2_POS_RECV" time="21.927" classname="com.oatsystems.test.mv.outoforder.OOO07AtSameLocNonAuthCCRecvTagTest"/>
  <testcase name="test767_PA_POS_CC2_RECV_CC1" time="20.962" classname="com.oatsystems.test.mv.outoforder.OOO07AtSameLocNonAuthCCRecvTagTest"/>
  <testcase name="test760_PA_CC2_CC1_POS_RECV" time="22.031" classname="com.oatsystems.test.mv.outoforder.OOO07AtSameLocNonAuthCCRecvTagTest"/>
  <testcase name="test731_RECV_CC1_POS_PA_CC2" time="21.363" classname="com.oatsystems.test.mv.outoforder.OOO07AtSameLocNonAuthCCRecvTagTest"/>
  <testcase name="test826_POS_PA_CC1_CC2_RECV" time="20.535" classname="com.oatsystems.test.mv.outoforder.OOO07AtSameLocNonAuthCCRecvTagTest"/>
  <testcase name="test838_POS_CC2_PA_CC1_RECV" time="20.651" classname="com.oatsystems.test.mv.outoforder.OOO07AtSameLocNonAuthCCRecvTagTest"/>
  <testcase name="test739_RECV_POS_PA_CC1_CC2" time="22.306" classname="com.oatsystems.test.mv.outoforder.OOO07AtSameLocNonAuthCCRecvTagTest"/>
  <testcase name="test811_CC2_POS_RECV_PA_CC1" time="20.253" classname="com.oatsystems.test.mv.outoforder.OOO07AtSameLocNonAuthCCRecvTagTest"/>
  <testcase name="test752_PA_CC1_RECV_POS_CC2" time="21.507" classname="com.oatsystems.test.mv.outoforder.OOO07AtSameLocNonAuthCCRecvTagTest"/>
  <testcase name="test765_PA_POS_CC1_RECV_CC2" time="21.919" classname="com.oatsystems.test.mv.outoforder.OOO07AtSameLocNonAuthCCRecvTagTest"/>
  <testcase name="test722_RECV_PA_CC1_POS_CC2" time="21.983" classname="com.oatsystems.test.mv.outoforder.OOO07AtSameLocNonAuthCCRecvTagTest"/>
  <testcase name="test810_CC2_CC1_POS_PA_RECV" time="21.167" classname="com.oatsystems.test.mv.outoforder.OOO07AtSameLocNonAuthCCRecvTagTest"/>
  <testcase name="test791_CC1_POS_CC2_RECV_PA" time="20.334" classname="com.oatsystems.test.mv.outoforder.OOO07AtSameLocNonAuthCCRecvTagTest"/>
</testsuite> <!-- com.oatsystems.test.mv.outoforder.OOO07AtSameLocNonAuthCCRecvTagTest -->
