<?xml version="1.0" encoding="UTF-8"?>
<!-- Generated by org.testng.reporters.JUnitReportReporter -->
<testsuite skipped="0" hostname="INBANGNBLENO10" name="com.oatsystems.test.mv.outoforder.OOO06AtDifferentLocNonAuthCCTest" tests="120" failures="0" timestamp="23 Oct 2018 20:35:24 GMT" time="2647.962" errors="0">
  <testcase name="test627_PA_RECV_CC2_CC1_POS" time="21.762" classname="com.oatsystems.test.mv.outoforder.OOO06AtDifferentLocNonAuthCCTest"/>
  <testcase name="test700_POS_RECV_CC1_CC2_PA" time="23.165" classname="com.oatsystems.test.mv.outoforder.OOO06AtDifferentLocNonAuthCCTest"/>
  <testcase name="test687_CC2_CC1_PA_RECV_POS" time="21.294" classname="com.oatsystems.test.mv.outoforder.OOO06AtDifferentLocNonAuthCCTest"/>
  <testcase name="test646_PA_POS_CC1_CC2_RECV" time="22.619" classname="com.oatsystems.test.mv.outoforder.OOO06AtDifferentLocNonAuthCCTest"/>
  <testcase name="test663_CC1_CC2_PA_RECV_POS" time="21.116" classname="com.oatsystems.test.mv.outoforder.OOO06AtDifferentLocNonAuthCCTest"/>
  <testcase name="test641_PA_CC2_POS_RECV_CC1" time="21.896" classname="com.oatsystems.test.mv.outoforder.OOO06AtDifferentLocNonAuthCCTest"/>
  <testcase name="test648_PA_POS_CC2_CC1_RECV" time="22.203" classname="com.oatsystems.test.mv.outoforder.OOO06AtDifferentLocNonAuthCCTest"/>
  <testcase name="test604_RECV_PA_CC2_POS_CC1" time="22.939" classname="com.oatsystems.test.mv.outoforder.OOO06AtDifferentLocNonAuthCCTest"/>
  <testcase name="test602_RECV_PA_CC1_POS_CC2" time="22.042" classname="com.oatsystems.test.mv.outoforder.OOO06AtDifferentLocNonAuthCCTest"/>
  <testcase name="test670_CC1_POS_PA_CC2_RECV" time="21.835" classname="com.oatsystems.test.mv.outoforder.OOO06AtDifferentLocNonAuthCCTest"/>
  <testcase name="test703_POS_PA_RECV_CC1_CC2" time="22.908" classname="com.oatsystems.test.mv.outoforder.OOO06AtDifferentLocNonAuthCCTest"/>
  <testcase name="test716_POS_CC2_RECV_CC1_PA" time="21.511" classname="com.oatsystems.test.mv.outoforder.OOO06AtDifferentLocNonAuthCCTest"/>
  <testcase name="test674_CC2_RECV_PA_POS_CC1" time="22.478" classname="com.oatsystems.test.mv.outoforder.OOO06AtDifferentLocNonAuthCCTest"/>
  <testcase name="test634_PA_CC1_CC2_POS_RECV" time="22.350" classname="com.oatsystems.test.mv.outoforder.OOO06AtDifferentLocNonAuthCCTest"/>
  <testcase name="test691_CC2_POS_RECV_PA_CC1" time="22.464" classname="com.oatsystems.test.mv.outoforder.OOO06AtDifferentLocNonAuthCCTest"/>
  <testcase name="test666_CC1_CC2_POS_PA_RECV" time="21.973" classname="com.oatsystems.test.mv.outoforder.OOO06AtDifferentLocNonAuthCCTest"/>
  <testcase name="test689_CC2_CC1_POS_RECV_PA" time="21.812" classname="com.oatsystems.test.mv.outoforder.OOO06AtDifferentLocNonAuthCCTest"/>
  <testcase name="test650_CC1_RECV_PA_POS_CC2" time="22.047" classname="com.oatsystems.test.mv.outoforder.OOO06AtDifferentLocNonAuthCCTest"/>
  <testcase name="test603_RECV_PA_CC2_CC1_POS" time="22.798" classname="com.oatsystems.test.mv.outoforder.OOO06AtDifferentLocNonAuthCCTest"/>
  <testcase name="test699_POS_RECV_CC1_PA_CC2" time="22.457" classname="com.oatsystems.test.mv.outoforder.OOO06AtDifferentLocNonAuthCCTest"/>
  <testcase name="test702_POS_RECV_CC2_CC1_PA" time="22.249" classname="com.oatsystems.test.mv.outoforder.OOO06AtDifferentLocNonAuthCCTest"/>
  <testcase name="test629_PA_RECV_POS_CC1_CC2" time="21.776" classname="com.oatsystems.test.mv.outoforder.OOO06AtDifferentLocNonAuthCCTest"/>
  <testcase name="test621_RECV_POS_CC1_PA_CC2" time="22.184" classname="com.oatsystems.test.mv.outoforder.OOO06AtDifferentLocNonAuthCCTest"/>
  <testcase name="test664_CC1_CC2_PA_POS_RECV" time="22.423" classname="com.oatsystems.test.mv.outoforder.OOO06AtDifferentLocNonAuthCCTest"/>
  <testcase name="test675_CC2_RECV_CC1_PA_POS" time="21.113" classname="com.oatsystems.test.mv.outoforder.OOO06AtDifferentLocNonAuthCCTest"/>
  <testcase name="test685_CC2_CC1_RECV_PA_POS" time="21.983" classname="com.oatsystems.test.mv.outoforder.OOO06AtDifferentLocNonAuthCCTest"/>
  <testcase name="test713_POS_CC1_CC2_RECV_PA" time="21.970" classname="com.oatsystems.test.mv.outoforder.OOO06AtDifferentLocNonAuthCCTest"/>
  <testcase name="test625_PA_RECV_CC1_CC2_POS" time="21.483" classname="com.oatsystems.test.mv.outoforder.OOO06AtDifferentLocNonAuthCCTest"/>
  <testcase name="test695_CC2_POS_CC1_RECV_PA" time="22.202" classname="com.oatsystems.test.mv.outoforder.OOO06AtDifferentLocNonAuthCCTest"/>
  <testcase name="test614_RECV_CC2_PA_POS_CC1" time="21.214" classname="com.oatsystems.test.mv.outoforder.OOO06AtDifferentLocNonAuthCCTest"/>
  <testcase name="test652_CC1_RECV_CC2_POS_PA" time="21.526" classname="com.oatsystems.test.mv.outoforder.OOO06AtDifferentLocNonAuthCCTest"/>
  <testcase name="test635_PA_CC1_POS_RECV_CC2" time="21.839" classname="com.oatsystems.test.mv.outoforder.OOO06AtDifferentLocNonAuthCCTest"/>
  <testcase name="test637_PA_CC2_RECV_CC1_POS" time="21.402" classname="com.oatsystems.test.mv.outoforder.OOO06AtDifferentLocNonAuthCCTest"/>
  <testcase name="test694_CC2_POS_PA_CC1_RECV" time="21.057" classname="com.oatsystems.test.mv.outoforder.OOO06AtDifferentLocNonAuthCCTest"/>
  <testcase name="test709_POS_CC1_RECV_PA_CC2" time="22.712" classname="com.oatsystems.test.mv.outoforder.OOO06AtDifferentLocNonAuthCCTest"/>
  <testcase name="test708_POS_PA_CC2_CC1_RECV" time="22.274" classname="com.oatsystems.test.mv.outoforder.OOO06AtDifferentLocNonAuthCCTest"/>
  <testcase name="test657_CC1_PA_CC2_RECV_POS" time="20.370" classname="com.oatsystems.test.mv.outoforder.OOO06AtDifferentLocNonAuthCCTest"/>
  <testcase name="test610_RECV_CC1_CC2_POS_PA" time="21.989" classname="com.oatsystems.test.mv.outoforder.OOO06AtDifferentLocNonAuthCCTest"/>
  <testcase name="test613_RECV_CC2_PA_CC1_POS" time="23.342" classname="com.oatsystems.test.mv.outoforder.OOO06AtDifferentLocNonAuthCCTest"/>
  <testcase name="test710_POS_CC1_RECV_CC2_PA" time="20.856" classname="com.oatsystems.test.mv.outoforder.OOO06AtDifferentLocNonAuthCCTest"/>
  <testcase name="test655_CC1_PA_RECV_CC2_POS" time="20.195" classname="com.oatsystems.test.mv.outoforder.OOO06AtDifferentLocNonAuthCCTest"/>
  <testcase name="test672_CC1_POS_CC2_PA_RECV" time="22.429" classname="com.oatsystems.test.mv.outoforder.OOO06AtDifferentLocNonAuthCCTest"/>
  <testcase name="test671_CC1_POS_CC2_RECV_PA" time="20.841" classname="com.oatsystems.test.mv.outoforder.OOO06AtDifferentLocNonAuthCCTest"/>
  <testcase name="test606_RECV_PA_POS_CC2_CC1" time="22.039" classname="com.oatsystems.test.mv.outoforder.OOO06AtDifferentLocNonAuthCCTest"/>
  <testcase name="test611_RECV_CC1_POS_PA_CC2" time="23.430" classname="com.oatsystems.test.mv.outoforder.OOO06AtDifferentLocNonAuthCCTest"/>
  <testcase name="test712_POS_CC1_PA_CC2_RECV" time="21.132" classname="com.oatsystems.test.mv.outoforder.OOO06AtDifferentLocNonAuthCCTest"/>
  <testcase name="test681_CC2_PA_CC1_RECV_POS" time="23.779" classname="com.oatsystems.test.mv.outoforder.OOO06AtDifferentLocNonAuthCCTest"/>
  <testcase name="test647_PA_POS_CC2_RECV_CC1" time="22.307" classname="com.oatsystems.test.mv.outoforder.OOO06AtDifferentLocNonAuthCCTest"/>
  <testcase name="test609_RECV_CC1_CC2_PA_POS" time="22.619" classname="com.oatsystems.test.mv.outoforder.OOO06AtDifferentLocNonAuthCCTest"/>
  <testcase name="test651_CC1_RECV_CC2_PA_POS" time="20.198" classname="com.oatsystems.test.mv.outoforder.OOO06AtDifferentLocNonAuthCCTest"/>
  <testcase name="test696_CC2_POS_CC1_PA_RECV" time="21.345" classname="com.oatsystems.test.mv.outoforder.OOO06AtDifferentLocNonAuthCCTest"/>
  <testcase name="test615_RECV_CC2_CC1_PA_POS" time="21.999" classname="com.oatsystems.test.mv.outoforder.OOO06AtDifferentLocNonAuthCCTest"/>
  <testcase name="test662_CC1_CC2_RECV_POS_PA" time="21.839" classname="com.oatsystems.test.mv.outoforder.OOO06AtDifferentLocNonAuthCCTest"/>
  <testcase name="test677_CC2_RECV_POS_PA_CC1" time="21.245" classname="com.oatsystems.test.mv.outoforder.OOO06AtDifferentLocNonAuthCCTest"/>
  <testcase name="test688_CC2_CC1_PA_POS_RECV" time="20.652" classname="com.oatsystems.test.mv.outoforder.OOO06AtDifferentLocNonAuthCCTest"/>
  <testcase name="test719_POS_CC2_CC1_RECV_PA" time="21.935" classname="com.oatsystems.test.mv.outoforder.OOO06AtDifferentLocNonAuthCCTest"/>
  <testcase name="test649_CC1_RECV_PA_CC2_POS" time="20.420" classname="com.oatsystems.test.mv.outoforder.OOO06AtDifferentLocNonAuthCCTest"/>
  <testcase name="test693_CC2_POS_PA_RECV_CC1" time="22.350" classname="com.oatsystems.test.mv.outoforder.OOO06AtDifferentLocNonAuthCCTest"/>
  <testcase name="test644_PA_POS_RECV_CC2_CC1" time="22.842" classname="com.oatsystems.test.mv.outoforder.OOO06AtDifferentLocNonAuthCCTest"/>
  <testcase name="test618_RECV_CC2_POS_CC1_PA" time="21.389" classname="com.oatsystems.test.mv.outoforder.OOO06AtDifferentLocNonAuthCCTest"/>
  <testcase name="test686_CC2_CC1_RECV_POS_PA" time="20.829" classname="com.oatsystems.test.mv.outoforder.OOO06AtDifferentLocNonAuthCCTest"/>
  <testcase name="test711_POS_CC1_PA_RECV_CC2" time="21.982" classname="com.oatsystems.test.mv.outoforder.OOO06AtDifferentLocNonAuthCCTest"/>
  <testcase name="test658_CC1_PA_CC2_POS_RECV" time="21.890" classname="com.oatsystems.test.mv.outoforder.OOO06AtDifferentLocNonAuthCCTest"/>
  <testcase name="test617_RECV_CC2_POS_PA_CC1" time="22.683" classname="com.oatsystems.test.mv.outoforder.OOO06AtDifferentLocNonAuthCCTest"/>
  <testcase name="test705_POS_PA_CC1_RECV_CC2" time="23.272" classname="com.oatsystems.test.mv.outoforder.OOO06AtDifferentLocNonAuthCCTest"/>
  <testcase name="test624_RECV_POS_CC2_CC1_PA" time="22.728" classname="com.oatsystems.test.mv.outoforder.OOO06AtDifferentLocNonAuthCCTest"/>
  <testcase name="test656_CC1_PA_RECV_POS_CC2" time="21.624" classname="com.oatsystems.test.mv.outoforder.OOO06AtDifferentLocNonAuthCCTest"/>
  <testcase name="test661_CC1_CC2_RECV_PA_POS" time="20.933" classname="com.oatsystems.test.mv.outoforder.OOO06AtDifferentLocNonAuthCCTest"/>
  <testcase name="test608_RECV_CC1_PA_POS_CC2" time="21.613" classname="com.oatsystems.test.mv.outoforder.OOO06AtDifferentLocNonAuthCCTest"/>
  <testcase name="test626_PA_RECV_CC1_POS_CC2" time="23.113" classname="com.oatsystems.test.mv.outoforder.OOO06AtDifferentLocNonAuthCCTest"/>
  <testcase name="test653_CC1_RECV_POS_PA_CC2" time="21.841" classname="com.oatsystems.test.mv.outoforder.OOO06AtDifferentLocNonAuthCCTest"/>
  <testcase name="test683_CC2_PA_POS_RECV_CC1" time="22.569" classname="com.oatsystems.test.mv.outoforder.OOO06AtDifferentLocNonAuthCCTest"/>
  <testcase name="test717_POS_CC2_PA_RECV_CC1" time="22.509" classname="com.oatsystems.test.mv.outoforder.OOO06AtDifferentLocNonAuthCCTest"/>
  <testcase name="test654_CC1_RECV_POS_CC2_PA" time="21.539" classname="com.oatsystems.test.mv.outoforder.OOO06AtDifferentLocNonAuthCCTest"/>
  <testcase name="test659_CC1_PA_POS_RECV_CC2" time="21.184" classname="com.oatsystems.test.mv.outoforder.OOO06AtDifferentLocNonAuthCCTest"/>
  <testcase name="test680_CC2_PA_RECV_POS_CC1" time="22.673" classname="com.oatsystems.test.mv.outoforder.OOO06AtDifferentLocNonAuthCCTest"/>
  <testcase name="test630_PA_RECV_POS_CC2_CC1" time="23.222" classname="com.oatsystems.test.mv.outoforder.OOO06AtDifferentLocNonAuthCCTest"/>
  <testcase name="test678_CC2_RECV_POS_CC1_PA" time="21.971" classname="com.oatsystems.test.mv.outoforder.OOO06AtDifferentLocNonAuthCCTest"/>
  <testcase name="test643_PA_POS_RECV_CC1_CC2" time="21.982" classname="com.oatsystems.test.mv.outoforder.OOO06AtDifferentLocNonAuthCCTest"/>
  <testcase name="test616_RECV_CC2_CC1_POS_PA" time="20.794" classname="com.oatsystems.test.mv.outoforder.OOO06AtDifferentLocNonAuthCCTest"/>
  <testcase name="test628_PA_RECV_CC2_POS_CC1" time="23.055" classname="com.oatsystems.test.mv.outoforder.OOO06AtDifferentLocNonAuthCCTest"/>
  <testcase name="test607_RECV_CC1_PA_CC2_POS" time="22.477" classname="com.oatsystems.test.mv.outoforder.OOO06AtDifferentLocNonAuthCCTest"/>
  <testcase name="test640_PA_CC2_CC1_POS_RECV" time="22.418" classname="com.oatsystems.test.mv.outoforder.OOO06AtDifferentLocNonAuthCCTest"/>
  <testcase name="test684_CC2_PA_POS_CC1_RECV" time="21.105" classname="com.oatsystems.test.mv.outoforder.OOO06AtDifferentLocNonAuthCCTest"/>
  <testcase name="test605_RECV_PA_POS_CC1_CC2" time="23.992" classname="com.oatsystems.test.mv.outoforder.OOO06AtDifferentLocNonAuthCCTest"/>
  <testcase name="test631_PA_CC1_RECV_CC2_POS" time="21.660" classname="com.oatsystems.test.mv.outoforder.OOO06AtDifferentLocNonAuthCCTest"/>
  <testcase name="test697_POS_RECV_PA_CC1_CC2" time="23.831" classname="com.oatsystems.test.mv.outoforder.OOO06AtDifferentLocNonAuthCCTest"/>
  <testcase name="test720_POS_CC2_CC1_PA_RECV" time="21.184" classname="com.oatsystems.test.mv.outoforder.OOO06AtDifferentLocNonAuthCCTest"/>
  <testcase name="test619_RECV_POS_PA_CC1_CC2" time="23.890" classname="com.oatsystems.test.mv.outoforder.OOO06AtDifferentLocNonAuthCCTest"/>
  <testcase name="test682_CC2_PA_CC1_POS_RECV" time="21.649" classname="com.oatsystems.test.mv.outoforder.OOO06AtDifferentLocNonAuthCCTest"/>
  <testcase name="test623_RECV_POS_CC2_PA_CC1" time="21.404" classname="com.oatsystems.test.mv.outoforder.OOO06AtDifferentLocNonAuthCCTest"/>
  <testcase name="test620_RECV_POS_PA_CC2_CC1" time="23.588" classname="com.oatsystems.test.mv.outoforder.OOO06AtDifferentLocNonAuthCCTest"/>
  <testcase name="test636_PA_CC1_POS_CC2_RECV" time="22.557" classname="com.oatsystems.test.mv.outoforder.OOO06AtDifferentLocNonAuthCCTest"/>
  <testcase name="test673_CC2_RECV_PA_CC1_POS" time="21.137" classname="com.oatsystems.test.mv.outoforder.OOO06AtDifferentLocNonAuthCCTest"/>
  <testcase name="test667_CC1_POS_RECV_PA_CC2" time="21.442" classname="com.oatsystems.test.mv.outoforder.OOO06AtDifferentLocNonAuthCCTest"/>
  <testcase name="test601_RECV_PA_CC1_CC2_POS" time="23.509" classname="com.oatsystems.test.mv.outoforder.OOO06AtDifferentLocNonAuthCCTest"/>
  <testcase name="test633_PA_CC1_CC2_RECV_POS" time="21.546" classname="com.oatsystems.test.mv.outoforder.OOO06AtDifferentLocNonAuthCCTest"/>
  <testcase name="test692_CC2_POS_RECV_CC1_PA" time="21.418" classname="com.oatsystems.test.mv.outoforder.OOO06AtDifferentLocNonAuthCCTest"/>
  <testcase name="test679_CC2_PA_RECV_CC1_POS" time="21.377" classname="com.oatsystems.test.mv.outoforder.OOO06AtDifferentLocNonAuthCCTest"/>
  <testcase name="test707_POS_PA_CC2_RECV_CC1" time="22.923" classname="com.oatsystems.test.mv.outoforder.OOO06AtDifferentLocNonAuthCCTest"/>
  <testcase name="test690_CC2_CC1_POS_PA_RECV" time="21.598" classname="com.oatsystems.test.mv.outoforder.OOO06AtDifferentLocNonAuthCCTest"/>
  <testcase name="test665_CC1_CC2_POS_RECV_PA" time="21.082" classname="com.oatsystems.test.mv.outoforder.OOO06AtDifferentLocNonAuthCCTest"/>
  <testcase name="test714_POS_CC1_CC2_PA_RECV" time="20.451" classname="com.oatsystems.test.mv.outoforder.OOO06AtDifferentLocNonAuthCCTest"/>
  <testcase name="test706_POS_PA_CC1_CC2_RECV" time="21.403" classname="com.oatsystems.test.mv.outoforder.OOO06AtDifferentLocNonAuthCCTest"/>
  <testcase name="test660_CC1_PA_POS_CC2_RECV" time="21.824" classname="com.oatsystems.test.mv.outoforder.OOO06AtDifferentLocNonAuthCCTest"/>
  <testcase name="test669_CC1_POS_PA_RECV_CC2" time="21.587" classname="com.oatsystems.test.mv.outoforder.OOO06AtDifferentLocNonAuthCCTest"/>
  <testcase name="test639_PA_CC2_CC1_RECV_POS" time="21.612" classname="com.oatsystems.test.mv.outoforder.OOO06AtDifferentLocNonAuthCCTest"/>
  <testcase name="test668_CC1_POS_RECV_CC2_PA" time="21.302" classname="com.oatsystems.test.mv.outoforder.OOO06AtDifferentLocNonAuthCCTest"/>
  <testcase name="test632_PA_CC1_RECV_POS_CC2" time="23.137" classname="com.oatsystems.test.mv.outoforder.OOO06AtDifferentLocNonAuthCCTest"/>
  <testcase name="test638_PA_CC2_RECV_POS_CC1" time="22.511" classname="com.oatsystems.test.mv.outoforder.OOO06AtDifferentLocNonAuthCCTest"/>
  <testcase name="test645_PA_POS_CC1_RECV_CC2" time="27.928" classname="com.oatsystems.test.mv.outoforder.OOO06AtDifferentLocNonAuthCCTest"/>
  <testcase name="test704_POS_PA_RECV_CC2_CC1" time="23.422" classname="com.oatsystems.test.mv.outoforder.OOO06AtDifferentLocNonAuthCCTest"/>
  <testcase name="test701_POS_RECV_CC2_PA_CC1" time="21.917" classname="com.oatsystems.test.mv.outoforder.OOO06AtDifferentLocNonAuthCCTest"/>
  <testcase name="test718_POS_CC2_PA_CC1_RECV" time="20.748" classname="com.oatsystems.test.mv.outoforder.OOO06AtDifferentLocNonAuthCCTest"/>
  <testcase name="test612_RECV_CC1_POS_CC2_PA" time="21.645" classname="com.oatsystems.test.mv.outoforder.OOO06AtDifferentLocNonAuthCCTest"/>
  <testcase name="test676_CC2_RECV_CC1_POS_PA" time="21.947" classname="com.oatsystems.test.mv.outoforder.OOO06AtDifferentLocNonAuthCCTest"/>
  <testcase name="test698_POS_RECV_PA_CC2_CC1" time="24.432" classname="com.oatsystems.test.mv.outoforder.OOO06AtDifferentLocNonAuthCCTest"/>
  <testcase name="test642_PA_CC2_POS_CC1_RECV" time="22.237" classname="com.oatsystems.test.mv.outoforder.OOO06AtDifferentLocNonAuthCCTest"/>
  <testcase name="test622_RECV_POS_CC1_CC2_PA" time="22.508" classname="com.oatsystems.test.mv.outoforder.OOO06AtDifferentLocNonAuthCCTest"/>
  <testcase name="test715_POS_CC2_RECV_PA_CC1" time="22.940" classname="com.oatsystems.test.mv.outoforder.OOO06AtDifferentLocNonAuthCCTest"/>
</testsuite> <!-- com.oatsystems.test.mv.outoforder.OOO06AtDifferentLocNonAuthCCTest -->
