<?xml version="1.0" encoding="UTF-8"?>
<!-- Generated by org.testng.reporters.JUnitReportReporter -->
<testsuite skipped="0" hostname="INBANGNBLENO10" name="com.oatsystems.test.mv.outoforder.OOO02AtDifferentLocationTest" tests="120" failures="0" timestamp="23 Oct 2018 20:35:24 GMT" time="2704.883" errors="0">
  <testcase name="test146_PA_RECV_CC1_POS_CC2" time="22.115" classname="com.oatsystems.test.mv.outoforder.OOO02AtDifferentLocationTest"/>
  <testcase name="test149_PA_RECV_POS_CC1_CC2" time="23.036" classname="com.oatsystems.test.mv.outoforder.OOO02AtDifferentLocationTest"/>
  <testcase name="test174_CC1_RECV_POS_CC2_PA" time="22.878" classname="com.oatsystems.test.mv.outoforder.OOO02AtDifferentLocationTest"/>
  <testcase name="test168_PA_POS_CC2_CC1_RECV" time="23.013" classname="com.oatsystems.test.mv.outoforder.OOO02AtDifferentLocationTest"/>
  <testcase name="test178_CC1_PA_CC2_POS_RECV" time="21.346" classname="com.oatsystems.test.mv.outoforder.OOO02AtDifferentLocationTest"/>
  <testcase name="test165_PA_POS_CC1_RECV_CC2" time="22.910" classname="com.oatsystems.test.mv.outoforder.OOO02AtDifferentLocationTest"/>
  <testcase name="test218_POS_RECV_PA_CC2_CC1" time="22.548" classname="com.oatsystems.test.mv.outoforder.OOO02AtDifferentLocationTest"/>
  <testcase name="test193_CC2_RECV_PA_CC1_POS" time="22.234" classname="com.oatsystems.test.mv.outoforder.OOO02AtDifferentLocationTest"/>
  <testcase name="test166_PA_POS_CC1_CC2_RECV" time="22.082" classname="com.oatsystems.test.mv.outoforder.OOO02AtDifferentLocationTest"/>
  <testcase name="test180_CC1_PA_POS_CC2_RECV" time="21.718" classname="com.oatsystems.test.mv.outoforder.OOO02AtDifferentLocationTest"/>
  <testcase name="test142_RECV_POS_CC1_CC2_PA" time="22.360" classname="com.oatsystems.test.mv.outoforder.OOO02AtDifferentLocationTest"/>
  <testcase name="test209_CC2_CC1_POS_RECV_PA" time="21.509" classname="com.oatsystems.test.mv.outoforder.OOO02AtDifferentLocationTest"/>
  <testcase name="test156_PA_CC1_POS_CC2_RECV" time="23.309" classname="com.oatsystems.test.mv.outoforder.OOO02AtDifferentLocationTest"/>
  <testcase name="test225_POS_PA_CC1_RECV_CC2" time="24.033" classname="com.oatsystems.test.mv.outoforder.OOO02AtDifferentLocationTest"/>
  <testcase name="test153_PA_CC1_CC2_RECV_POS" time="23.628" classname="com.oatsystems.test.mv.outoforder.OOO02AtDifferentLocationTest"/>
  <testcase name="test197_CC2_RECV_POS_PA_CC1" time="21.832" classname="com.oatsystems.test.mv.outoforder.OOO02AtDifferentLocationTest"/>
  <testcase name="test234_POS_CC1_CC2_PA_RECV" time="21.865" classname="com.oatsystems.test.mv.outoforder.OOO02AtDifferentLocationTest"/>
  <testcase name="test155_PA_CC1_POS_RECV_CC2" time="21.941" classname="com.oatsystems.test.mv.outoforder.OOO02AtDifferentLocationTest"/>
  <testcase name="test164_PA_POS_RECV_CC2_CC1" time="22.761" classname="com.oatsystems.test.mv.outoforder.OOO02AtDifferentLocationTest"/>
  <testcase name="test219_POS_RECV_CC1_PA_CC2" time="23.665" classname="com.oatsystems.test.mv.outoforder.OOO02AtDifferentLocationTest"/>
  <testcase name="test238_POS_CC2_PA_CC1_RECV" time="22.020" classname="com.oatsystems.test.mv.outoforder.OOO02AtDifferentLocationTest"/>
  <testcase name="test133_RECV_CC2_PA_CC1_POS" time="24.024" classname="com.oatsystems.test.mv.outoforder.OOO02AtDifferentLocationTest"/>
  <testcase name="test194_CC2_RECV_PA_POS_CC1" time="21.879" classname="com.oatsystems.test.mv.outoforder.OOO02AtDifferentLocationTest"/>
  <testcase name="test173_CC1_RECV_POS_PA_CC2" time="21.150" classname="com.oatsystems.test.mv.outoforder.OOO02AtDifferentLocationTest"/>
  <testcase name="test182_CC1_CC2_RECV_POS_PA" time="21.181" classname="com.oatsystems.test.mv.outoforder.OOO02AtDifferentLocationTest"/>
  <testcase name="test228_POS_PA_CC2_CC1_RECV" time="22.526" classname="com.oatsystems.test.mv.outoforder.OOO02AtDifferentLocationTest"/>
  <testcase name="test179_CC1_PA_POS_RECV_CC2" time="22.262" classname="com.oatsystems.test.mv.outoforder.OOO02AtDifferentLocationTest"/>
  <testcase name="test126_RECV_PA_POS_CC2_CC1" time="23.781" classname="com.oatsystems.test.mv.outoforder.OOO02AtDifferentLocationTest"/>
  <testcase name="test137_RECV_CC2_POS_PA_CC1" time="21.686" classname="com.oatsystems.test.mv.outoforder.OOO02AtDifferentLocationTest"/>
  <testcase name="test143_RECV_POS_CC2_PA_CC1" time="23.164" classname="com.oatsystems.test.mv.outoforder.OOO02AtDifferentLocationTest"/>
  <testcase name="test213_CC2_POS_PA_RECV_CC1" time="22.900" classname="com.oatsystems.test.mv.outoforder.OOO02AtDifferentLocationTest"/>
  <testcase name="test186_CC1_CC2_POS_PA_RECV" time="20.959" classname="com.oatsystems.test.mv.outoforder.OOO02AtDifferentLocationTest"/>
  <testcase name="test202_CC2_PA_CC1_POS_RECV" time="20.910" classname="com.oatsystems.test.mv.outoforder.OOO02AtDifferentLocationTest"/>
  <testcase name="test223_POS_PA_RECV_CC1_CC2" time="24.010" classname="com.oatsystems.test.mv.outoforder.OOO02AtDifferentLocationTest"/>
  <testcase name="test187_CC1_POS_RECV_PA_CC2" time="23.081" classname="com.oatsystems.test.mv.outoforder.OOO02AtDifferentLocationTest"/>
  <testcase name="test160_PA_CC2_CC1_POS_RECV" time="21.583" classname="com.oatsystems.test.mv.outoforder.OOO02AtDifferentLocationTest"/>
  <testcase name="test134_RECV_CC2_PA_POS_CC1" time="22.477" classname="com.oatsystems.test.mv.outoforder.OOO02AtDifferentLocationTest"/>
  <testcase name="test124_RECV_PA_CC2_POS_CC1" time="23.751" classname="com.oatsystems.test.mv.outoforder.OOO02AtDifferentLocationTest"/>
  <testcase name="test240_POS_CC2_CC1_PA_RECV" time="22.454" classname="com.oatsystems.test.mv.outoforder.OOO02AtDifferentLocationTest"/>
  <testcase name="test230_POS_CC1_RECV_CC2_PA" time="22.464" classname="com.oatsystems.test.mv.outoforder.OOO02AtDifferentLocationTest"/>
  <testcase name="test172_CC1_RECV_CC2_POS_PA" time="22.495" classname="com.oatsystems.test.mv.outoforder.OOO02AtDifferentLocationTest"/>
  <testcase name="test141_RECV_POS_CC1_PA_CC2" time="22.976" classname="com.oatsystems.test.mv.outoforder.OOO02AtDifferentLocationTest"/>
  <testcase name="test136_RECV_CC2_CC1_POS_PA" time="23.498" classname="com.oatsystems.test.mv.outoforder.OOO02AtDifferentLocationTest"/>
  <testcase name="test192_CC1_POS_CC2_PA_RECV" time="21.643" classname="com.oatsystems.test.mv.outoforder.OOO02AtDifferentLocationTest"/>
  <testcase name="test199_CC2_PA_RECV_CC1_POS" time="21.602" classname="com.oatsystems.test.mv.outoforder.OOO02AtDifferentLocationTest"/>
  <testcase name="test189_CC1_POS_PA_RECV_CC2" time="22.170" classname="com.oatsystems.test.mv.outoforder.OOO02AtDifferentLocationTest"/>
  <testcase name="test154_PA_CC1_CC2_POS_RECV" time="23.099" classname="com.oatsystems.test.mv.outoforder.OOO02AtDifferentLocationTest"/>
  <testcase name="test200_CC2_PA_RECV_POS_CC1" time="22.109" classname="com.oatsystems.test.mv.outoforder.OOO02AtDifferentLocationTest"/>
  <testcase name="test232_POS_CC1_PA_CC2_RECV" time="22.218" classname="com.oatsystems.test.mv.outoforder.OOO02AtDifferentLocationTest"/>
  <testcase name="test221_POS_RECV_CC2_PA_CC1" time="21.904" classname="com.oatsystems.test.mv.outoforder.OOO02AtDifferentLocationTest"/>
  <testcase name="test152_PA_CC1_RECV_POS_CC2" time="22.047" classname="com.oatsystems.test.mv.outoforder.OOO02AtDifferentLocationTest"/>
  <testcase name="test239_POS_CC2_CC1_RECV_PA" time="21.638" classname="com.oatsystems.test.mv.outoforder.OOO02AtDifferentLocationTest"/>
  <testcase name="test207_CC2_CC1_PA_RECV_POS" time="22.104" classname="com.oatsystems.test.mv.outoforder.OOO02AtDifferentLocationTest"/>
  <testcase name="test211_CC2_POS_RECV_PA_CC1" time="23.001" classname="com.oatsystems.test.mv.outoforder.OOO02AtDifferentLocationTest"/>
  <testcase name="test231_POS_CC1_PA_RECV_CC2" time="21.252" classname="com.oatsystems.test.mv.outoforder.OOO02AtDifferentLocationTest"/>
  <testcase name="test236_POS_CC2_RECV_CC1_PA" time="22.625" classname="com.oatsystems.test.mv.outoforder.OOO02AtDifferentLocationTest"/>
  <testcase name="test216_CC2_POS_CC1_PA_RECV" time="30.452" classname="com.oatsystems.test.mv.outoforder.OOO02AtDifferentLocationTest"/>
  <testcase name="test226_POS_PA_CC1_CC2_RECV" time="23.467" classname="com.oatsystems.test.mv.outoforder.OOO02AtDifferentLocationTest"/>
  <testcase name="test220_POS_RECV_CC1_CC2_PA" time="22.863" classname="com.oatsystems.test.mv.outoforder.OOO02AtDifferentLocationTest"/>
  <testcase name="test227_POS_PA_CC2_RECV_CC1" time="22.667" classname="com.oatsystems.test.mv.outoforder.OOO02AtDifferentLocationTest"/>
  <testcase name="test217_POS_RECV_PA_CC1_CC2" time="23.560" classname="com.oatsystems.test.mv.outoforder.OOO02AtDifferentLocationTest"/>
  <testcase name="test163_PA_POS_RECV_CC1_CC2" time="21.706" classname="com.oatsystems.test.mv.outoforder.OOO02AtDifferentLocationTest"/>
  <testcase name="test135_RECV_CC2_CC1_PA_POS" time="23.419" classname="com.oatsystems.test.mv.outoforder.OOO02AtDifferentLocationTest"/>
  <testcase name="test185_CC1_CC2_POS_RECV_PA" time="22.546" classname="com.oatsystems.test.mv.outoforder.OOO02AtDifferentLocationTest"/>
  <testcase name="test131_RECV_CC1_POS_PA_CC2" time="21.899" classname="com.oatsystems.test.mv.outoforder.OOO02AtDifferentLocationTest"/>
  <testcase name="test132_RECV_CC1_POS_CC2_PA" time="22.946" classname="com.oatsystems.test.mv.outoforder.OOO02AtDifferentLocationTest"/>
  <testcase name="test169_CC1_RECV_PA_CC2_POS" time="21.263" classname="com.oatsystems.test.mv.outoforder.OOO02AtDifferentLocationTest"/>
  <testcase name="test148_PA_RECV_CC2_POS_CC1" time="21.671" classname="com.oatsystems.test.mv.outoforder.OOO02AtDifferentLocationTest"/>
  <testcase name="test183_CC1_CC2_PA_RECV_POS" time="21.892" classname="com.oatsystems.test.mv.outoforder.OOO02AtDifferentLocationTest"/>
  <testcase name="test127_RECV_CC1_PA_CC2_POS" time="23.540" classname="com.oatsystems.test.mv.outoforder.OOO02AtDifferentLocationTest"/>
  <testcase name="test140_RECV_POS_PA_CC2_CC1" time="24.706" classname="com.oatsystems.test.mv.outoforder.OOO02AtDifferentLocationTest"/>
  <testcase name="test201_CC2_PA_CC1_RECV_POS" time="22.360" classname="com.oatsystems.test.mv.outoforder.OOO02AtDifferentLocationTest"/>
  <testcase name="test150_PA_RECV_POS_CC2_CC1" time="21.958" classname="com.oatsystems.test.mv.outoforder.OOO02AtDifferentLocationTest"/>
  <testcase name="test181_CC1_CC2_RECV_PA_POS" time="21.900" classname="com.oatsystems.test.mv.outoforder.OOO02AtDifferentLocationTest"/>
  <testcase name="test161_PA_CC2_POS_RECV_CC1" time="22.920" classname="com.oatsystems.test.mv.outoforder.OOO02AtDifferentLocationTest"/>
  <testcase name="test147_PA_RECV_CC2_CC1_POS" time="23.066" classname="com.oatsystems.test.mv.outoforder.OOO02AtDifferentLocationTest"/>
  <testcase name="test188_CC1_POS_RECV_CC2_PA" time="20.815" classname="com.oatsystems.test.mv.outoforder.OOO02AtDifferentLocationTest"/>
  <testcase name="test214_CC2_POS_PA_CC1_RECV" time="21.160" classname="com.oatsystems.test.mv.outoforder.OOO02AtDifferentLocationTest"/>
  <testcase name="test222_POS_RECV_CC2_CC1_PA" time="23.874" classname="com.oatsystems.test.mv.outoforder.OOO02AtDifferentLocationTest"/>
  <testcase name="test157_PA_CC2_RECV_CC1_POS" time="23.046" classname="com.oatsystems.test.mv.outoforder.OOO02AtDifferentLocationTest"/>
  <testcase name="test198_CC2_RECV_POS_CC1_PA" time="20.718" classname="com.oatsystems.test.mv.outoforder.OOO02AtDifferentLocationTest"/>
  <testcase name="test184_CC1_CC2_PA_POS_RECV" time="20.924" classname="com.oatsystems.test.mv.outoforder.OOO02AtDifferentLocationTest"/>
  <testcase name="test237_POS_CC2_PA_RECV_CC1" time="21.255" classname="com.oatsystems.test.mv.outoforder.OOO02AtDifferentLocationTest"/>
  <testcase name="test215_CC2_POS_CC1_RECV_PA" time="22.510" classname="com.oatsystems.test.mv.outoforder.OOO02AtDifferentLocationTest"/>
  <testcase name="test159_PA_CC2_CC1_RECV_POS" time="22.497" classname="com.oatsystems.test.mv.outoforder.OOO02AtDifferentLocationTest"/>
  <testcase name="test212_CC2_POS_RECV_CC1_PA" time="21.644" classname="com.oatsystems.test.mv.outoforder.OOO02AtDifferentLocationTest"/>
  <testcase name="test123_RECV_PA_CC2_CC1_POS" time="22.511" classname="com.oatsystems.test.mv.outoforder.OOO02AtDifferentLocationTest"/>
  <testcase name="test121_RECV_PA_CC1_CC2_POS" time="24.033" classname="com.oatsystems.test.mv.outoforder.OOO02AtDifferentLocationTest"/>
  <testcase name="test139_RECV_POS_PA_CC1_CC2" time="22.248" classname="com.oatsystems.test.mv.outoforder.OOO02AtDifferentLocationTest"/>
  <testcase name="test191_CC1_POS_CC2_RECV_PA" time="22.372" classname="com.oatsystems.test.mv.outoforder.OOO02AtDifferentLocationTest"/>
  <testcase name="test130_RECV_CC1_CC2_POS_PA" time="22.869" classname="com.oatsystems.test.mv.outoforder.OOO02AtDifferentLocationTest"/>
  <testcase name="test171_CC1_RECV_CC2_PA_POS" time="21.422" classname="com.oatsystems.test.mv.outoforder.OOO02AtDifferentLocationTest"/>
  <testcase name="test145_PA_RECV_CC1_CC2_POS" time="22.170" classname="com.oatsystems.test.mv.outoforder.OOO02AtDifferentLocationTest"/>
  <testcase name="test208_CC2_CC1_PA_POS_RECV" time="20.699" classname="com.oatsystems.test.mv.outoforder.OOO02AtDifferentLocationTest"/>
  <testcase name="test138_RECV_CC2_POS_CC1_PA" time="22.578" classname="com.oatsystems.test.mv.outoforder.OOO02AtDifferentLocationTest"/>
  <testcase name="test162_PA_CC2_POS_CC1_RECV" time="24.423" classname="com.oatsystems.test.mv.outoforder.OOO02AtDifferentLocationTest"/>
  <testcase name="test210_CC2_CC1_POS_PA_RECV" time="23.224" classname="com.oatsystems.test.mv.outoforder.OOO02AtDifferentLocationTest"/>
  <testcase name="test175_CC1_PA_RECV_CC2_POS" time="21.931" classname="com.oatsystems.test.mv.outoforder.OOO02AtDifferentLocationTest"/>
  <testcase name="test170_CC1_RECV_PA_POS_CC2" time="22.327" classname="com.oatsystems.test.mv.outoforder.OOO02AtDifferentLocationTest"/>
  <testcase name="test144_RECV_POS_CC2_CC1_PA" time="21.503" classname="com.oatsystems.test.mv.outoforder.OOO02AtDifferentLocationTest"/>
  <testcase name="test158_PA_CC2_RECV_POS_CC1" time="21.757" classname="com.oatsystems.test.mv.outoforder.OOO02AtDifferentLocationTest"/>
  <testcase name="test206_CC2_CC1_RECV_POS_PA" time="20.540" classname="com.oatsystems.test.mv.outoforder.OOO02AtDifferentLocationTest"/>
  <testcase name="test190_CC1_POS_PA_CC2_RECV" time="21.297" classname="com.oatsystems.test.mv.outoforder.OOO02AtDifferentLocationTest"/>
  <testcase name="test167_PA_POS_CC2_RECV_CC1" time="23.808" classname="com.oatsystems.test.mv.outoforder.OOO02AtDifferentLocationTest"/>
  <testcase name="test129_RECV_CC1_CC2_PA_POS" time="22.267" classname="com.oatsystems.test.mv.outoforder.OOO02AtDifferentLocationTest"/>
  <testcase name="test196_CC2_RECV_CC1_POS_PA" time="21.155" classname="com.oatsystems.test.mv.outoforder.OOO02AtDifferentLocationTest"/>
  <testcase name="test176_CC1_PA_RECV_POS_CC2" time="23.087" classname="com.oatsystems.test.mv.outoforder.OOO02AtDifferentLocationTest"/>
  <testcase name="test151_PA_CC1_RECV_CC2_POS" time="23.139" classname="com.oatsystems.test.mv.outoforder.OOO02AtDifferentLocationTest"/>
  <testcase name="test195_CC2_RECV_CC1_PA_POS" time="21.479" classname="com.oatsystems.test.mv.outoforder.OOO02AtDifferentLocationTest"/>
  <testcase name="test204_CC2_PA_POS_CC1_RECV" time="20.782" classname="com.oatsystems.test.mv.outoforder.OOO02AtDifferentLocationTest"/>
  <testcase name="test177_CC1_PA_CC2_RECV_POS" time="22.517" classname="com.oatsystems.test.mv.outoforder.OOO02AtDifferentLocationTest"/>
  <testcase name="test229_POS_CC1_RECV_PA_CC2" time="22.051" classname="com.oatsystems.test.mv.outoforder.OOO02AtDifferentLocationTest"/>
  <testcase name="test205_CC2_CC1_RECV_PA_POS" time="22.587" classname="com.oatsystems.test.mv.outoforder.OOO02AtDifferentLocationTest"/>
  <testcase name="test203_CC2_PA_POS_RECV_CC1" time="22.423" classname="com.oatsystems.test.mv.outoforder.OOO02AtDifferentLocationTest"/>
  <testcase name="test224_POS_PA_RECV_CC2_CC1" time="22.843" classname="com.oatsystems.test.mv.outoforder.OOO02AtDifferentLocationTest"/>
  <testcase name="test125_RECV_PA_POS_CC1_CC2" time="23.890" classname="com.oatsystems.test.mv.outoforder.OOO02AtDifferentLocationTest"/>
  <testcase name="test233_POS_CC1_CC2_RECV_PA" time="26.550" classname="com.oatsystems.test.mv.outoforder.OOO02AtDifferentLocationTest"/>
  <testcase name="test128_RECV_CC1_PA_POS_CC2" time="23.581" classname="com.oatsystems.test.mv.outoforder.OOO02AtDifferentLocationTest"/>
  <testcase name="test122_RECV_PA_CC1_POS_CC2" time="27.938" classname="com.oatsystems.test.mv.outoforder.OOO02AtDifferentLocationTest"/>
  <testcase name="test235_POS_CC2_RECV_PA_CC1" time="22.212" classname="com.oatsystems.test.mv.outoforder.OOO02AtDifferentLocationTest"/>
</testsuite> <!-- com.oatsystems.test.mv.outoforder.OOO02AtDifferentLocationTest -->
