<?xml version="1.0" encoding="UTF-8"?>
<!-- Generated by org.testng.reporters.JUnitReportReporter -->
<testsuite skipped="0" hostname="INBANGNBLENO10" name="com.oatsystems.test.mv.outoforder.OOO01AtSameLocationTest" tests="120" failures="0" timestamp="23 Oct 2018 20:35:25 GMT" time="2655.484" errors="0">
  <testcase name="test076_CC2_RECV_CC1_POS_PA" time="20.542" classname="com.oatsystems.test.mv.outoforder.OOO01AtSameLocationTest"/>
  <testcase name="test099_POS_RECV_CC1_PA_CC2" time="23.168" classname="com.oatsystems.test.mv.outoforder.OOO01AtSameLocationTest"/>
  <testcase name="test044_PA_POS_RECV_CC2_CC1" time="22.503" classname="com.oatsystems.test.mv.outoforder.OOO01AtSameLocationTest"/>
  <testcase name="test116_POS_CC2_RECV_CC1_PA" time="20.336" classname="com.oatsystems.test.mv.outoforder.OOO01AtSameLocationTest"/>
  <testcase name="test084_CC2_PA_POS_CC1_RECV" time="20.096" classname="com.oatsystems.test.mv.outoforder.OOO01AtSameLocationTest"/>
  <testcase name="test077_CC2_RECV_POS_PA_CC1" time="21.620" classname="com.oatsystems.test.mv.outoforder.OOO01AtSameLocationTest"/>
  <testcase name="test002_RECV_PA_CC1_POS_CC2" time="23.920" classname="com.oatsystems.test.mv.outoforder.OOO01AtSameLocationTest"/>
  <testcase name="test074_CC2_RECV_PA_POS_CC1" time="20.891" classname="com.oatsystems.test.mv.outoforder.OOO01AtSameLocationTest"/>
  <testcase name="test097_POS_RECV_PA_CC1_CC2" time="22.345" classname="com.oatsystems.test.mv.outoforder.OOO01AtSameLocationTest"/>
  <testcase name="test081_CC2_PA_CC1_RECV_POS" time="21.377" classname="com.oatsystems.test.mv.outoforder.OOO01AtSameLocationTest"/>
  <testcase name="test103_POS_PA_RECV_CC1_CC2" time="22.807" classname="com.oatsystems.test.mv.outoforder.OOO01AtSameLocationTest"/>
  <testcase name="test019_RECV_POS_PA_CC1_CC2" time="23.727" classname="com.oatsystems.test.mv.outoforder.OOO01AtSameLocationTest"/>
  <testcase name="test043_PA_POS_RECV_CC1_CC2" time="20.800" classname="com.oatsystems.test.mv.outoforder.OOO01AtSameLocationTest"/>
  <testcase name="test088_CC2_CC1_PA_POS_RECV" time="22.228" classname="com.oatsystems.test.mv.outoforder.OOO01AtSameLocationTest"/>
  <testcase name="test033_PA_CC1_CC2_RECV_POS" time="22.549" classname="com.oatsystems.test.mv.outoforder.OOO01AtSameLocationTest"/>
  <testcase name="test117_POS_CC2_PA_RECV_CC1" time="21.263" classname="com.oatsystems.test.mv.outoforder.OOO01AtSameLocationTest"/>
  <testcase name="test014_RECV_CC2_PA_POS_CC1" time="22.757" classname="com.oatsystems.test.mv.outoforder.OOO01AtSameLocationTest"/>
  <testcase name="test006_RECV_PA_POS_CC2_CC1" time="22.665" classname="com.oatsystems.test.mv.outoforder.OOO01AtSameLocationTest"/>
  <testcase name="test051_CC1_RECV_CC2_PA_POS" time="20.462" classname="com.oatsystems.test.mv.outoforder.OOO01AtSameLocationTest"/>
  <testcase name="test106_POS_PA_CC1_CC2_RECV" time="21.117" classname="com.oatsystems.test.mv.outoforder.OOO01AtSameLocationTest"/>
  <testcase name="test036_PA_CC1_POS_CC2_RECV" time="23.036" classname="com.oatsystems.test.mv.outoforder.OOO01AtSameLocationTest"/>
  <testcase name="test015_RECV_CC2_CC1_PA_POS" time="21.672" classname="com.oatsystems.test.mv.outoforder.OOO01AtSameLocationTest"/>
  <testcase name="test082_CC2_PA_CC1_POS_RECV" time="19.911" classname="com.oatsystems.test.mv.outoforder.OOO01AtSameLocationTest"/>
  <testcase name="test011_RECV_CC1_POS_PA_CC2" time="22.387" classname="com.oatsystems.test.mv.outoforder.OOO01AtSameLocationTest"/>
  <testcase name="test062_CC1_CC2_RECV_POS_PA" time="20.795" classname="com.oatsystems.test.mv.outoforder.OOO01AtSameLocationTest"/>
  <testcase name="test050_CC1_RECV_PA_POS_CC2" time="21.887" classname="com.oatsystems.test.mv.outoforder.OOO01AtSameLocationTest"/>
  <testcase name="test032_PA_CC1_RECV_POS_CC2" time="21.900" classname="com.oatsystems.test.mv.outoforder.OOO01AtSameLocationTest"/>
  <testcase name="test094_CC2_POS_PA_CC1_RECV" time="21.818" classname="com.oatsystems.test.mv.outoforder.OOO01AtSameLocationTest"/>
  <testcase name="test009_RECV_CC1_CC2_PA_POS" time="20.962" classname="com.oatsystems.test.mv.outoforder.OOO01AtSameLocationTest"/>
  <testcase name="test119_POS_CC2_CC1_RECV_PA" time="21.322" classname="com.oatsystems.test.mv.outoforder.OOO01AtSameLocationTest"/>
  <testcase name="test028_PA_RECV_CC2_POS_CC1" time="20.775" classname="com.oatsystems.test.mv.outoforder.OOO01AtSameLocationTest"/>
  <testcase name="test038_PA_CC2_RECV_POS_CC1" time="23.012" classname="com.oatsystems.test.mv.outoforder.OOO01AtSameLocationTest"/>
  <testcase name="test045_PA_POS_CC1_RECV_CC2" time="21.047" classname="com.oatsystems.test.mv.outoforder.OOO01AtSameLocationTest"/>
  <testcase name="test022_RECV_POS_CC1_CC2_PA" time="23.250" classname="com.oatsystems.test.mv.outoforder.OOO01AtSameLocationTest"/>
  <testcase name="test118_POS_CC2_PA_CC1_RECV" time="20.318" classname="com.oatsystems.test.mv.outoforder.OOO01AtSameLocationTest"/>
  <testcase name="test120_POS_CC2_CC1_PA_RECV" time="20.592" classname="com.oatsystems.test.mv.outoforder.OOO01AtSameLocationTest"/>
  <testcase name="test004_RECV_PA_CC2_POS_CC1" time="24.412" classname="com.oatsystems.test.mv.outoforder.OOO01AtSameLocationTest"/>
  <testcase name="test072_CC1_POS_CC2_PA_RECV" time="20.764" classname="com.oatsystems.test.mv.outoforder.OOO01AtSameLocationTest"/>
  <testcase name="test005_RECV_PA_POS_CC1_CC2" time="24.136" classname="com.oatsystems.test.mv.outoforder.OOO01AtSameLocationTest"/>
  <testcase name="test069_CC1_POS_PA_RECV_CC2" time="22.480" classname="com.oatsystems.test.mv.outoforder.OOO01AtSameLocationTest"/>
  <testcase name="test053_CC1_RECV_POS_PA_CC2" time="21.077" classname="com.oatsystems.test.mv.outoforder.OOO01AtSameLocationTest"/>
  <testcase name="test001_RECV_PA_CC1_CC2_POS" time="23.048" classname="com.oatsystems.test.mv.outoforder.OOO01AtSameLocationTest"/>
  <testcase name="test059_CC1_PA_POS_RECV_CC2" time="20.937" classname="com.oatsystems.test.mv.outoforder.OOO01AtSameLocationTest"/>
  <testcase name="test016_RECV_CC2_CC1_POS_PA" time="22.489" classname="com.oatsystems.test.mv.outoforder.OOO01AtSameLocationTest"/>
  <testcase name="test105_POS_PA_CC1_RECV_CC2" time="22.491" classname="com.oatsystems.test.mv.outoforder.OOO01AtSameLocationTest"/>
  <testcase name="test091_CC2_POS_RECV_PA_CC1" time="21.231" classname="com.oatsystems.test.mv.outoforder.OOO01AtSameLocationTest"/>
  <testcase name="test112_POS_CC1_PA_CC2_RECV" time="20.549" classname="com.oatsystems.test.mv.outoforder.OOO01AtSameLocationTest"/>
  <testcase name="test017_RECV_CC2_POS_PA_CC1" time="24.353" classname="com.oatsystems.test.mv.outoforder.OOO01AtSameLocationTest"/>
  <testcase name="test048_PA_POS_CC2_CC1_RECV" time="22.066" classname="com.oatsystems.test.mv.outoforder.OOO01AtSameLocationTest"/>
  <testcase name="test087_CC2_CC1_PA_RECV_POS" time="20.945" classname="com.oatsystems.test.mv.outoforder.OOO01AtSameLocationTest"/>
  <testcase name="test114_POS_CC1_CC2_PA_RECV" time="20.522" classname="com.oatsystems.test.mv.outoforder.OOO01AtSameLocationTest"/>
  <testcase name="test078_CC2_RECV_POS_CC1_PA" time="20.993" classname="com.oatsystems.test.mv.outoforder.OOO01AtSameLocationTest"/>
  <testcase name="test007_RECV_CC1_PA_CC2_POS" time="23.204" classname="com.oatsystems.test.mv.outoforder.OOO01AtSameLocationTest"/>
  <testcase name="test023_RECV_POS_CC2_PA_CC1" time="23.058" classname="com.oatsystems.test.mv.outoforder.OOO01AtSameLocationTest"/>
  <testcase name="test115_POS_CC2_RECV_PA_CC1" time="21.440" classname="com.oatsystems.test.mv.outoforder.OOO01AtSameLocationTest"/>
  <testcase name="test040_PA_CC2_CC1_POS_RECV" time="22.775" classname="com.oatsystems.test.mv.outoforder.OOO01AtSameLocationTest"/>
  <testcase name="test102_POS_RECV_CC2_CC1_PA" time="21.523" classname="com.oatsystems.test.mv.outoforder.OOO01AtSameLocationTest"/>
  <testcase name="test111_POS_CC1_PA_RECV_CC2" time="22.305" classname="com.oatsystems.test.mv.outoforder.OOO01AtSameLocationTest"/>
  <testcase name="test083_CC2_PA_POS_RECV_CC1" time="22.040" classname="com.oatsystems.test.mv.outoforder.OOO01AtSameLocationTest"/>
  <testcase name="test047_PA_POS_CC2_RECV_CC1" time="21.393" classname="com.oatsystems.test.mv.outoforder.OOO01AtSameLocationTest"/>
  <testcase name="test095_CC2_POS_CC1_RECV_PA" time="20.907" classname="com.oatsystems.test.mv.outoforder.OOO01AtSameLocationTest"/>
  <testcase name="test107_POS_PA_CC2_RECV_CC1" time="22.194" classname="com.oatsystems.test.mv.outoforder.OOO01AtSameLocationTest"/>
  <testcase name="test008_RECV_CC1_PA_POS_CC2" time="23.180" classname="com.oatsystems.test.mv.outoforder.OOO01AtSameLocationTest"/>
  <testcase name="test060_CC1_PA_POS_CC2_RECV" time="21.034" classname="com.oatsystems.test.mv.outoforder.OOO01AtSameLocationTest"/>
  <testcase name="test070_CC1_POS_PA_CC2_RECV" time="20.791" classname="com.oatsystems.test.mv.outoforder.OOO01AtSameLocationTest"/>
  <testcase name="test101_POS_RECV_CC2_PA_CC1" time="22.395" classname="com.oatsystems.test.mv.outoforder.OOO01AtSameLocationTest"/>
  <testcase name="test041_PA_CC2_POS_RECV_CC1" time="21.847" classname="com.oatsystems.test.mv.outoforder.OOO01AtSameLocationTest"/>
  <testcase name="test057_CC1_PA_CC2_RECV_POS" time="21.069" classname="com.oatsystems.test.mv.outoforder.OOO01AtSameLocationTest"/>
  <testcase name="test110_POS_CC1_RECV_CC2_PA" time="20.687" classname="com.oatsystems.test.mv.outoforder.OOO01AtSameLocationTest"/>
  <testcase name="test054_CC1_RECV_POS_CC2_PA" time="21.779" classname="com.oatsystems.test.mv.outoforder.OOO01AtSameLocationTest"/>
  <testcase name="test104_POS_PA_RECV_CC2_CC1" time="28.829" classname="com.oatsystems.test.mv.outoforder.OOO01AtSameLocationTest"/>
  <testcase name="test027_PA_RECV_CC2_CC1_POS" time="22.292" classname="com.oatsystems.test.mv.outoforder.OOO01AtSameLocationTest"/>
  <testcase name="test085_CC2_CC1_RECV_PA_POS" time="36.146" classname="com.oatsystems.test.mv.outoforder.OOO01AtSameLocationTest"/>
  <testcase name="test037_PA_CC2_RECV_CC1_POS" time="21.413" classname="com.oatsystems.test.mv.outoforder.OOO01AtSameLocationTest"/>
  <testcase name="test092_CC2_POS_RECV_CC1_PA" time="22.301" classname="com.oatsystems.test.mv.outoforder.OOO01AtSameLocationTest"/>
  <testcase name="test079_CC2_PA_RECV_CC1_POS" time="21.325" classname="com.oatsystems.test.mv.outoforder.OOO01AtSameLocationTest"/>
  <testcase name="test067_CC1_POS_RECV_PA_CC2" time="22.759" classname="com.oatsystems.test.mv.outoforder.OOO01AtSameLocationTest"/>
  <testcase name="test056_CC1_PA_RECV_POS_CC2" time="21.927" classname="com.oatsystems.test.mv.outoforder.OOO01AtSameLocationTest"/>
  <testcase name="test039_PA_CC2_CC1_RECV_POS" time="21.039" classname="com.oatsystems.test.mv.outoforder.OOO01AtSameLocationTest"/>
  <testcase name="test108_POS_PA_CC2_CC1_RECV" time="21.251" classname="com.oatsystems.test.mv.outoforder.OOO01AtSameLocationTest"/>
  <testcase name="test055_CC1_PA_RECV_CC2_POS" time="20.912" classname="com.oatsystems.test.mv.outoforder.OOO01AtSameLocationTest"/>
  <testcase name="test063_CC1_CC2_PA_RECV_POS" time="20.169" classname="com.oatsystems.test.mv.outoforder.OOO01AtSameLocationTest"/>
  <testcase name="test026_PA_RECV_CC1_POS_CC2" time="21.799" classname="com.oatsystems.test.mv.outoforder.OOO01AtSameLocationTest"/>
  <testcase name="test058_CC1_PA_CC2_POS_RECV" time="21.846" classname="com.oatsystems.test.mv.outoforder.OOO01AtSameLocationTest"/>
  <testcase name="test024_RECV_POS_CC2_CC1_PA" time="22.113" classname="com.oatsystems.test.mv.outoforder.OOO01AtSameLocationTest"/>
  <testcase name="test030_PA_RECV_POS_CC2_CC1" time="21.609" classname="com.oatsystems.test.mv.outoforder.OOO01AtSameLocationTest"/>
  <testcase name="test089_CC2_CC1_POS_RECV_PA" time="21.137" classname="com.oatsystems.test.mv.outoforder.OOO01AtSameLocationTest"/>
  <testcase name="test073_CC2_RECV_PA_CC1_POS" time="21.678" classname="com.oatsystems.test.mv.outoforder.OOO01AtSameLocationTest"/>
  <testcase name="test034_PA_CC1_CC2_POS_RECV" time="21.294" classname="com.oatsystems.test.mv.outoforder.OOO01AtSameLocationTest"/>
  <testcase name="test013_RECV_CC2_PA_CC1_POS" time="21.710" classname="com.oatsystems.test.mv.outoforder.OOO01AtSameLocationTest"/>
  <testcase name="test029_PA_RECV_POS_CC1_CC2" time="23.116" classname="com.oatsystems.test.mv.outoforder.OOO01AtSameLocationTest"/>
  <testcase name="test031_PA_CC1_RECV_CC2_POS" time="22.753" classname="com.oatsystems.test.mv.outoforder.OOO01AtSameLocationTest"/>
  <testcase name="test042_PA_CC2_POS_CC1_RECV" time="22.701" classname="com.oatsystems.test.mv.outoforder.OOO01AtSameLocationTest"/>
  <testcase name="test003_RECV_PA_CC2_CC1_POS" time="23.531" classname="com.oatsystems.test.mv.outoforder.OOO01AtSameLocationTest"/>
  <testcase name="test086_CC2_CC1_RECV_POS_PA" time="22.345" classname="com.oatsystems.test.mv.outoforder.OOO01AtSameLocationTest"/>
  <testcase name="test025_PA_RECV_CC1_CC2_POS" time="22.726" classname="com.oatsystems.test.mv.outoforder.OOO01AtSameLocationTest"/>
  <testcase name="test071_CC1_POS_CC2_RECV_PA" time="21.657" classname="com.oatsystems.test.mv.outoforder.OOO01AtSameLocationTest"/>
  <testcase name="test061_CC1_CC2_RECV_PA_POS" time="20.401" classname="com.oatsystems.test.mv.outoforder.OOO01AtSameLocationTest"/>
  <testcase name="test020_RECV_POS_PA_CC2_CC1" time="23.141" classname="com.oatsystems.test.mv.outoforder.OOO01AtSameLocationTest"/>
  <testcase name="test066_CC1_CC2_POS_PA_RECV" time="21.528" classname="com.oatsystems.test.mv.outoforder.OOO01AtSameLocationTest"/>
  <testcase name="test098_POS_RECV_PA_CC2_CC1" time="23.397" classname="com.oatsystems.test.mv.outoforder.OOO01AtSameLocationTest"/>
  <testcase name="test096_CC2_POS_CC1_PA_RECV" time="21.610" classname="com.oatsystems.test.mv.outoforder.OOO01AtSameLocationTest"/>
  <testcase name="test090_CC2_CC1_POS_PA_RECV" time="22.050" classname="com.oatsystems.test.mv.outoforder.OOO01AtSameLocationTest"/>
  <testcase name="test052_CC1_RECV_CC2_POS_PA" time="21.852" classname="com.oatsystems.test.mv.outoforder.OOO01AtSameLocationTest"/>
  <testcase name="test080_CC2_PA_RECV_POS_CC1" time="20.495" classname="com.oatsystems.test.mv.outoforder.OOO01AtSameLocationTest"/>
  <testcase name="test065_CC1_CC2_POS_RECV_PA" time="20.134" classname="com.oatsystems.test.mv.outoforder.OOO01AtSameLocationTest"/>
  <testcase name="test068_CC1_POS_RECV_CC2_PA" time="20.368" classname="com.oatsystems.test.mv.outoforder.OOO01AtSameLocationTest"/>
  <testcase name="test021_RECV_POS_CC1_PA_CC2" time="24.201" classname="com.oatsystems.test.mv.outoforder.OOO01AtSameLocationTest"/>
  <testcase name="test075_CC2_RECV_CC1_PA_POS" time="21.914" classname="com.oatsystems.test.mv.outoforder.OOO01AtSameLocationTest"/>
  <testcase name="test018_RECV_CC2_POS_CC1_PA" time="33.097" classname="com.oatsystems.test.mv.outoforder.OOO01AtSameLocationTest"/>
  <testcase name="test012_RECV_CC1_POS_CC2_PA" time="22.898" classname="com.oatsystems.test.mv.outoforder.OOO01AtSameLocationTest"/>
  <testcase name="test010_RECV_CC1_CC2_POS_PA" time="22.325" classname="com.oatsystems.test.mv.outoforder.OOO01AtSameLocationTest"/>
  <testcase name="test035_PA_CC1_POS_RECV_CC2" time="23.226" classname="com.oatsystems.test.mv.outoforder.OOO01AtSameLocationTest"/>
  <testcase name="test064_CC1_CC2_PA_POS_RECV" time="21.650" classname="com.oatsystems.test.mv.outoforder.OOO01AtSameLocationTest"/>
  <testcase name="test093_CC2_POS_PA_RECV_CC1" time="20.778" classname="com.oatsystems.test.mv.outoforder.OOO01AtSameLocationTest"/>
  <testcase name="test049_CC1_RECV_PA_CC2_POS" time="21.413" classname="com.oatsystems.test.mv.outoforder.OOO01AtSameLocationTest"/>
  <testcase name="test100_POS_RECV_CC1_CC2_PA" time="22.521" classname="com.oatsystems.test.mv.outoforder.OOO01AtSameLocationTest"/>
  <testcase name="test109_POS_CC1_RECV_PA_CC2" time="22.367" classname="com.oatsystems.test.mv.outoforder.OOO01AtSameLocationTest"/>
  <testcase name="test046_PA_POS_CC1_CC2_RECV" time="22.575" classname="com.oatsystems.test.mv.outoforder.OOO01AtSameLocationTest"/>
  <testcase name="test113_POS_CC1_CC2_RECV_PA" time="21.194" classname="com.oatsystems.test.mv.outoforder.OOO01AtSameLocationTest"/>
</testsuite> <!-- com.oatsystems.test.mv.outoforder.OOO01AtSameLocationTest -->
