<?xml version="1.0" encoding="UTF-8"?>
<!-- Generated by org.testng.reporters.JUnitReportReporter -->
<testsuite skipped="0" hostname="INBANGNBLENO10" name="com.oatsystems.test.mv.outoforder.OOO05AtSameLocNonAuthCCTest" tests="120" failures="0" timestamp="23 Oct 2018 20:35:24 GMT" time="2608.192" errors="0">
  <testcase name="test535_CC1_PA_RECV_CC2_POS" time="20.390" classname="com.oatsystems.test.mv.outoforder.OOO05AtSameLocNonAuthCCTest"/>
  <testcase name="test520_PA_CC2_CC1_POS_RECV" time="22.100" classname="com.oatsystems.test.mv.outoforder.OOO05AtSameLocNonAuthCCTest"/>
  <testcase name="test547_CC1_POS_RECV_PA_CC2" time="21.480" classname="com.oatsystems.test.mv.outoforder.OOO05AtSameLocNonAuthCCTest"/>
  <testcase name="test511_PA_CC1_RECV_CC2_POS" time="21.001" classname="com.oatsystems.test.mv.outoforder.OOO05AtSameLocNonAuthCCTest"/>
  <testcase name="test560_CC2_PA_RECV_POS_CC1" time="22.289" classname="com.oatsystems.test.mv.outoforder.OOO05AtSameLocNonAuthCCTest"/>
  <testcase name="test556_CC2_RECV_CC1_POS_PA" time="21.483" classname="com.oatsystems.test.mv.outoforder.OOO05AtSameLocNonAuthCCTest"/>
  <testcase name="test513_PA_CC1_CC2_RECV_POS" time="22.910" classname="com.oatsystems.test.mv.outoforder.OOO05AtSameLocNonAuthCCTest"/>
  <testcase name="test570_CC2_CC1_POS_PA_RECV" time="21.974" classname="com.oatsystems.test.mv.outoforder.OOO05AtSameLocNonAuthCCTest"/>
  <testcase name="test558_CC2_RECV_POS_CC1_PA" time="22.101" classname="com.oatsystems.test.mv.outoforder.OOO05AtSameLocNonAuthCCTest"/>
  <testcase name="test532_CC1_RECV_CC2_POS_PA" time="21.534" classname="com.oatsystems.test.mv.outoforder.OOO05AtSameLocNonAuthCCTest"/>
  <testcase name="test519_PA_CC2_CC1_RECV_POS" time="21.611" classname="com.oatsystems.test.mv.outoforder.OOO05AtSameLocNonAuthCCTest"/>
  <testcase name="test553_CC2_RECV_PA_CC1_POS" time="20.400" classname="com.oatsystems.test.mv.outoforder.OOO05AtSameLocNonAuthCCTest"/>
  <testcase name="test587_POS_PA_CC2_RECV_CC1" time="20.894" classname="com.oatsystems.test.mv.outoforder.OOO05AtSameLocNonAuthCCTest"/>
  <testcase name="test527_PA_POS_CC2_RECV_CC1" time="21.740" classname="com.oatsystems.test.mv.outoforder.OOO05AtSameLocNonAuthCCTest"/>
  <testcase name="test482_RECV_PA_CC1_POS_CC2" time="21.828" classname="com.oatsystems.test.mv.outoforder.OOO05AtSameLocNonAuthCCTest"/>
  <testcase name="test568_CC2_CC1_PA_POS_RECV" time="21.716" classname="com.oatsystems.test.mv.outoforder.OOO05AtSameLocNonAuthCCTest"/>
  <testcase name="test581_POS_RECV_CC2_PA_CC1" time="21.244" classname="com.oatsystems.test.mv.outoforder.OOO05AtSameLocNonAuthCCTest"/>
  <testcase name="test485_RECV_PA_POS_CC1_CC2" time="23.291" classname="com.oatsystems.test.mv.outoforder.OOO05AtSameLocNonAuthCCTest"/>
  <testcase name="test537_CC1_PA_CC2_RECV_POS" time="20.662" classname="com.oatsystems.test.mv.outoforder.OOO05AtSameLocNonAuthCCTest"/>
  <testcase name="test490_RECV_CC1_CC2_POS_PA" time="22.175" classname="com.oatsystems.test.mv.outoforder.OOO05AtSameLocNonAuthCCTest"/>
  <testcase name="test566_CC2_CC1_RECV_POS_PA" time="20.769" classname="com.oatsystems.test.mv.outoforder.OOO05AtSameLocNonAuthCCTest"/>
  <testcase name="test486_RECV_PA_POS_CC2_CC1" time="23.452" classname="com.oatsystems.test.mv.outoforder.OOO05AtSameLocNonAuthCCTest"/>
  <testcase name="test488_RECV_CC1_PA_POS_CC2" time="21.972" classname="com.oatsystems.test.mv.outoforder.OOO05AtSameLocNonAuthCCTest"/>
  <testcase name="test516_PA_CC1_POS_CC2_RECV" time="21.604" classname="com.oatsystems.test.mv.outoforder.OOO05AtSameLocNonAuthCCTest"/>
  <testcase name="test579_POS_RECV_CC1_PA_CC2" time="21.832" classname="com.oatsystems.test.mv.outoforder.OOO05AtSameLocNonAuthCCTest"/>
  <testcase name="test510_PA_RECV_POS_CC2_CC1" time="23.003" classname="com.oatsystems.test.mv.outoforder.OOO05AtSameLocNonAuthCCTest"/>
  <testcase name="test589_POS_CC1_RECV_PA_CC2" time="23.120" classname="com.oatsystems.test.mv.outoforder.OOO05AtSameLocNonAuthCCTest"/>
  <testcase name="test524_PA_POS_RECV_CC2_CC1" time="22.913" classname="com.oatsystems.test.mv.outoforder.OOO05AtSameLocNonAuthCCTest"/>
  <testcase name="test595_POS_CC2_RECV_PA_CC1" time="20.983" classname="com.oatsystems.test.mv.outoforder.OOO05AtSameLocNonAuthCCTest"/>
  <testcase name="test501_RECV_POS_CC1_PA_CC2" time="21.371" classname="com.oatsystems.test.mv.outoforder.OOO05AtSameLocNonAuthCCTest"/>
  <testcase name="test561_CC2_PA_CC1_RECV_POS" time="20.940" classname="com.oatsystems.test.mv.outoforder.OOO05AtSameLocNonAuthCCTest"/>
  <testcase name="test523_PA_POS_RECV_CC1_CC2" time="21.799" classname="com.oatsystems.test.mv.outoforder.OOO05AtSameLocNonAuthCCTest"/>
  <testcase name="test594_POS_CC1_CC2_PA_RECV" time="21.609" classname="com.oatsystems.test.mv.outoforder.OOO05AtSameLocNonAuthCCTest"/>
  <testcase name="test500_RECV_POS_PA_CC2_CC1" time="23.129" classname="com.oatsystems.test.mv.outoforder.OOO05AtSameLocNonAuthCCTest"/>
  <testcase name="test529_CC1_RECV_PA_CC2_POS" time="20.905" classname="com.oatsystems.test.mv.outoforder.OOO05AtSameLocNonAuthCCTest"/>
  <testcase name="test597_POS_CC2_PA_RECV_CC1" time="20.968" classname="com.oatsystems.test.mv.outoforder.OOO05AtSameLocNonAuthCCTest"/>
  <testcase name="test573_CC2_POS_PA_RECV_CC1" time="20.090" classname="com.oatsystems.test.mv.outoforder.OOO05AtSameLocNonAuthCCTest"/>
  <testcase name="test521_PA_CC2_POS_RECV_CC1" time="21.211" classname="com.oatsystems.test.mv.outoforder.OOO05AtSameLocNonAuthCCTest"/>
  <testcase name="test557_CC2_RECV_POS_PA_CC1" time="20.351" classname="com.oatsystems.test.mv.outoforder.OOO05AtSameLocNonAuthCCTest"/>
  <testcase name="test591_POS_CC1_PA_RECV_CC2" time="21.063" classname="com.oatsystems.test.mv.outoforder.OOO05AtSameLocNonAuthCCTest"/>
  <testcase name="test506_PA_RECV_CC1_POS_CC2" time="22.807" classname="com.oatsystems.test.mv.outoforder.OOO05AtSameLocNonAuthCCTest"/>
  <testcase name="test586_POS_PA_CC1_CC2_RECV" time="22.221" classname="com.oatsystems.test.mv.outoforder.OOO05AtSameLocNonAuthCCTest"/>
  <testcase name="test489_RECV_CC1_CC2_PA_POS" time="21.271" classname="com.oatsystems.test.mv.outoforder.OOO05AtSameLocNonAuthCCTest"/>
  <testcase name="test580_POS_RECV_CC1_CC2_PA" time="22.478" classname="com.oatsystems.test.mv.outoforder.OOO05AtSameLocNonAuthCCTest"/>
  <testcase name="test497_RECV_CC2_POS_PA_CC1" time="21.646" classname="com.oatsystems.test.mv.outoforder.OOO05AtSameLocNonAuthCCTest"/>
  <testcase name="test528_PA_POS_CC2_CC1_RECV" time="22.345" classname="com.oatsystems.test.mv.outoforder.OOO05AtSameLocNonAuthCCTest"/>
  <testcase name="test545_CC1_CC2_POS_RECV_PA" time="20.891" classname="com.oatsystems.test.mv.outoforder.OOO05AtSameLocNonAuthCCTest"/>
  <testcase name="test536_CC1_PA_RECV_POS_CC2" time="21.800" classname="com.oatsystems.test.mv.outoforder.OOO05AtSameLocNonAuthCCTest"/>
  <testcase name="test550_CC1_POS_PA_CC2_RECV" time="21.725" classname="com.oatsystems.test.mv.outoforder.OOO05AtSameLocNonAuthCCTest"/>
  <testcase name="test584_POS_PA_RECV_CC2_CC1" time="22.773" classname="com.oatsystems.test.mv.outoforder.OOO05AtSameLocNonAuthCCTest"/>
  <testcase name="test592_POS_CC1_PA_CC2_RECV" time="21.473" classname="com.oatsystems.test.mv.outoforder.OOO05AtSameLocNonAuthCCTest"/>
  <testcase name="test531_CC1_RECV_CC2_PA_POS" time="20.842" classname="com.oatsystems.test.mv.outoforder.OOO05AtSameLocNonAuthCCTest"/>
  <testcase name="test548_CC1_POS_RECV_CC2_PA" time="21.965" classname="com.oatsystems.test.mv.outoforder.OOO05AtSameLocNonAuthCCTest"/>
  <testcase name="test565_CC2_CC1_RECV_PA_POS" time="20.563" classname="com.oatsystems.test.mv.outoforder.OOO05AtSameLocNonAuthCCTest"/>
  <testcase name="test525_PA_POS_CC1_RECV_CC2" time="21.283" classname="com.oatsystems.test.mv.outoforder.OOO05AtSameLocNonAuthCCTest"/>
  <testcase name="test534_CC1_RECV_POS_CC2_PA" time="21.529" classname="com.oatsystems.test.mv.outoforder.OOO05AtSameLocNonAuthCCTest"/>
  <testcase name="test502_RECV_POS_CC1_CC2_PA" time="21.900" classname="com.oatsystems.test.mv.outoforder.OOO05AtSameLocNonAuthCCTest"/>
  <testcase name="test509_PA_RECV_POS_CC1_CC2" time="21.379" classname="com.oatsystems.test.mv.outoforder.OOO05AtSameLocNonAuthCCTest"/>
  <testcase name="test481_RECV_PA_CC1_CC2_POS" time="22.601" classname="com.oatsystems.test.mv.outoforder.OOO05AtSameLocNonAuthCCTest"/>
  <testcase name="test569_CC2_CC1_POS_RECV_PA" time="21.436" classname="com.oatsystems.test.mv.outoforder.OOO05AtSameLocNonAuthCCTest"/>
  <testcase name="test563_CC2_PA_POS_RECV_CC1" time="21.180" classname="com.oatsystems.test.mv.outoforder.OOO05AtSameLocNonAuthCCTest"/>
  <testcase name="test493_RECV_CC2_PA_CC1_POS" time="21.176" classname="com.oatsystems.test.mv.outoforder.OOO05AtSameLocNonAuthCCTest"/>
  <testcase name="test498_RECV_CC2_POS_CC1_PA" time="23.213" classname="com.oatsystems.test.mv.outoforder.OOO05AtSameLocNonAuthCCTest"/>
  <testcase name="test555_CC2_RECV_CC1_PA_POS" time="19.912" classname="com.oatsystems.test.mv.outoforder.OOO05AtSameLocNonAuthCCTest"/>
  <testcase name="test576_CC2_POS_CC1_PA_RECV" time="21.914" classname="com.oatsystems.test.mv.outoforder.OOO05AtSameLocNonAuthCCTest"/>
  <testcase name="test503_RECV_POS_CC2_PA_CC1" time="21.656" classname="com.oatsystems.test.mv.outoforder.OOO05AtSameLocNonAuthCCTest"/>
  <testcase name="test538_CC1_PA_CC2_POS_RECV" time="21.303" classname="com.oatsystems.test.mv.outoforder.OOO05AtSameLocNonAuthCCTest"/>
  <testcase name="test530_CC1_RECV_PA_POS_CC2" time="22.523" classname="com.oatsystems.test.mv.outoforder.OOO05AtSameLocNonAuthCCTest"/>
  <testcase name="test596_POS_CC2_RECV_CC1_PA" time="22.465" classname="com.oatsystems.test.mv.outoforder.OOO05AtSameLocNonAuthCCTest"/>
  <testcase name="test600_POS_CC2_CC1_PA_RECV" time="21.813" classname="com.oatsystems.test.mv.outoforder.OOO05AtSameLocNonAuthCCTest"/>
  <testcase name="test575_CC2_POS_CC1_RECV_PA" time="20.210" classname="com.oatsystems.test.mv.outoforder.OOO05AtSameLocNonAuthCCTest"/>
  <testcase name="test526_PA_POS_CC1_CC2_RECV" time="21.840" classname="com.oatsystems.test.mv.outoforder.OOO05AtSameLocNonAuthCCTest"/>
  <testcase name="test574_CC2_POS_PA_CC1_RECV" time="21.751" classname="com.oatsystems.test.mv.outoforder.OOO05AtSameLocNonAuthCCTest"/>
  <testcase name="test539_CC1_PA_POS_RECV_CC2" time="21.219" classname="com.oatsystems.test.mv.outoforder.OOO05AtSameLocNonAuthCCTest"/>
  <testcase name="test593_POS_CC1_CC2_RECV_PA" time="20.595" classname="com.oatsystems.test.mv.outoforder.OOO05AtSameLocNonAuthCCTest"/>
  <testcase name="test517_PA_CC2_RECV_CC1_POS" time="22.369" classname="com.oatsystems.test.mv.outoforder.OOO05AtSameLocNonAuthCCTest"/>
  <testcase name="test572_CC2_POS_RECV_CC1_PA" time="21.655" classname="com.oatsystems.test.mv.outoforder.OOO05AtSameLocNonAuthCCTest"/>
  <testcase name="test549_CC1_POS_PA_RECV_CC2" time="20.274" classname="com.oatsystems.test.mv.outoforder.OOO05AtSameLocNonAuthCCTest"/>
  <testcase name="test487_RECV_CC1_PA_CC2_POS" time="21.477" classname="com.oatsystems.test.mv.outoforder.OOO05AtSameLocNonAuthCCTest"/>
  <testcase name="test505_PA_RECV_CC1_CC2_POS" time="20.950" classname="com.oatsystems.test.mv.outoforder.OOO05AtSameLocNonAuthCCTest"/>
  <testcase name="test541_CC1_CC2_RECV_PA_POS" time="20.841" classname="com.oatsystems.test.mv.outoforder.OOO05AtSameLocNonAuthCCTest"/>
  <testcase name="test495_RECV_CC2_CC1_PA_POS" time="21.405" classname="com.oatsystems.test.mv.outoforder.OOO05AtSameLocNonAuthCCTest"/>
  <testcase name="test522_PA_CC2_POS_CC1_RECV" time="21.871" classname="com.oatsystems.test.mv.outoforder.OOO05AtSameLocNonAuthCCTest"/>
  <testcase name="test583_POS_PA_RECV_CC1_CC2" time="22.087" classname="com.oatsystems.test.mv.outoforder.OOO05AtSameLocNonAuthCCTest"/>
  <testcase name="test512_PA_CC1_RECV_POS_CC2" time="23.034" classname="com.oatsystems.test.mv.outoforder.OOO05AtSameLocNonAuthCCTest"/>
  <testcase name="test590_POS_CC1_RECV_CC2_PA" time="21.249" classname="com.oatsystems.test.mv.outoforder.OOO05AtSameLocNonAuthCCTest"/>
  <testcase name="test588_POS_PA_CC2_CC1_RECV" time="22.668" classname="com.oatsystems.test.mv.outoforder.OOO05AtSameLocNonAuthCCTest"/>
  <testcase name="test508_PA_RECV_CC2_POS_CC1" time="22.489" classname="com.oatsystems.test.mv.outoforder.OOO05AtSameLocNonAuthCCTest"/>
  <testcase name="test562_CC2_PA_CC1_POS_RECV" time="21.158" classname="com.oatsystems.test.mv.outoforder.OOO05AtSameLocNonAuthCCTest"/>
  <testcase name="test599_POS_CC2_CC1_RECV_PA" time="20.839" classname="com.oatsystems.test.mv.outoforder.OOO05AtSameLocNonAuthCCTest"/>
  <testcase name="test582_POS_RECV_CC2_CC1_PA" time="22.400" classname="com.oatsystems.test.mv.outoforder.OOO05AtSameLocNonAuthCCTest"/>
  <testcase name="test540_CC1_PA_POS_CC2_RECV" time="21.306" classname="com.oatsystems.test.mv.outoforder.OOO05AtSameLocNonAuthCCTest"/>
  <testcase name="test499_RECV_POS_PA_CC1_CC2" time="22.174" classname="com.oatsystems.test.mv.outoforder.OOO05AtSameLocNonAuthCCTest"/>
  <testcase name="test542_CC1_CC2_RECV_POS_PA" time="20.961" classname="com.oatsystems.test.mv.outoforder.OOO05AtSameLocNonAuthCCTest"/>
  <testcase name="test543_CC1_CC2_PA_RECV_POS" time="20.779" classname="com.oatsystems.test.mv.outoforder.OOO05AtSameLocNonAuthCCTest"/>
  <testcase name="test507_PA_RECV_CC2_CC1_POS" time="20.784" classname="com.oatsystems.test.mv.outoforder.OOO05AtSameLocNonAuthCCTest"/>
  <testcase name="test484_RECV_PA_CC2_POS_CC1" time="21.799" classname="com.oatsystems.test.mv.outoforder.OOO05AtSameLocNonAuthCCTest"/>
  <testcase name="test544_CC1_CC2_PA_POS_RECV" time="21.500" classname="com.oatsystems.test.mv.outoforder.OOO05AtSameLocNonAuthCCTest"/>
  <testcase name="test585_POS_PA_CC1_RECV_CC2" time="21.854" classname="com.oatsystems.test.mv.outoforder.OOO05AtSameLocNonAuthCCTest"/>
  <testcase name="test518_PA_CC2_RECV_POS_CC1" time="31.807" classname="com.oatsystems.test.mv.outoforder.OOO05AtSameLocNonAuthCCTest"/>
  <testcase name="test551_CC1_POS_CC2_RECV_PA" time="20.590" classname="com.oatsystems.test.mv.outoforder.OOO05AtSameLocNonAuthCCTest"/>
  <testcase name="test533_CC1_RECV_POS_PA_CC2" time="20.649" classname="com.oatsystems.test.mv.outoforder.OOO05AtSameLocNonAuthCCTest"/>
  <testcase name="test514_PA_CC1_CC2_POS_RECV" time="21.452" classname="com.oatsystems.test.mv.outoforder.OOO05AtSameLocNonAuthCCTest"/>
  <testcase name="test483_RECV_PA_CC2_CC1_POS" time="22.969" classname="com.oatsystems.test.mv.outoforder.OOO05AtSameLocNonAuthCCTest"/>
  <testcase name="test504_RECV_POS_CC2_CC1_PA" time="22.328" classname="com.oatsystems.test.mv.outoforder.OOO05AtSameLocNonAuthCCTest"/>
  <testcase name="test515_PA_CC1_POS_RECV_CC2" time="22.694" classname="com.oatsystems.test.mv.outoforder.OOO05AtSameLocNonAuthCCTest"/>
  <testcase name="test546_CC1_CC2_POS_PA_RECV" time="22.149" classname="com.oatsystems.test.mv.outoforder.OOO05AtSameLocNonAuthCCTest"/>
  <testcase name="test496_RECV_CC2_CC1_POS_PA" time="22.406" classname="com.oatsystems.test.mv.outoforder.OOO05AtSameLocNonAuthCCTest"/>
  <testcase name="test494_RECV_CC2_PA_POS_CC1" time="22.632" classname="com.oatsystems.test.mv.outoforder.OOO05AtSameLocNonAuthCCTest"/>
  <testcase name="test552_CC1_POS_CC2_PA_RECV" time="21.617" classname="com.oatsystems.test.mv.outoforder.OOO05AtSameLocNonAuthCCTest"/>
  <testcase name="test491_RECV_CC1_POS_PA_CC2" time="21.763" classname="com.oatsystems.test.mv.outoforder.OOO05AtSameLocNonAuthCCTest"/>
  <testcase name="test564_CC2_PA_POS_CC1_RECV" time="21.488" classname="com.oatsystems.test.mv.outoforder.OOO05AtSameLocNonAuthCCTest"/>
  <testcase name="test492_RECV_CC1_POS_CC2_PA" time="22.347" classname="com.oatsystems.test.mv.outoforder.OOO05AtSameLocNonAuthCCTest"/>
  <testcase name="test571_CC2_POS_RECV_PA_CC1" time="20.242" classname="com.oatsystems.test.mv.outoforder.OOO05AtSameLocNonAuthCCTest"/>
  <testcase name="test567_CC2_CC1_PA_RECV_POS" time="20.816" classname="com.oatsystems.test.mv.outoforder.OOO05AtSameLocNonAuthCCTest"/>
  <testcase name="test559_CC2_PA_RECV_CC1_POS" time="20.295" classname="com.oatsystems.test.mv.outoforder.OOO05AtSameLocNonAuthCCTest"/>
  <testcase name="test598_POS_CC2_PA_CC1_RECV" time="22.176" classname="com.oatsystems.test.mv.outoforder.OOO05AtSameLocNonAuthCCTest"/>
  <testcase name="test577_POS_RECV_PA_CC1_CC2" time="22.022" classname="com.oatsystems.test.mv.outoforder.OOO05AtSameLocNonAuthCCTest"/>
  <testcase name="test554_CC2_RECV_PA_POS_CC1" time="21.415" classname="com.oatsystems.test.mv.outoforder.OOO05AtSameLocNonAuthCCTest"/>
  <testcase name="test578_POS_RECV_PA_CC2_CC1" time="22.807" classname="com.oatsystems.test.mv.outoforder.OOO05AtSameLocNonAuthCCTest"/>
</testsuite> <!-- com.oatsystems.test.mv.outoforder.OOO05AtSameLocNonAuthCCTest -->
