<?xml version="1.0" encoding="UTF-8"?>
<!-- Generated by org.testng.reporters.JUnitReportReporter -->
<testsuite hostname="INBANGNBLENO10" name="com.chkpoint.jaytest1.Inventory_Test" tests="4" failures="0" timestamp="31 Oct 2018 04:46:50 GMT" time="193.980" errors="0">
  <testcase name="Test03ReceiveRetireThenReturnAtSameLocation" time="46.195" classname="com.chkpoint.jaytest1.Inventory_Test"/>
  <testcase name="Test02ReceiveRetireThenPutawayAtSameLocation" time="47.002" classname="com.chkpoint.jaytest1.Inventory_Test"/>
  <testcase name="Test01ReceiveRetireThenCycleCountAtSameLocation" time="52.897" classname="com.chkpoint.jaytest1.Inventory_Test"/>
  <testcase name="Test04ReceiveRetireThenRetireAtSameLocation" time="47.886" classname="com.chkpoint.jaytest1.Inventory_Test"/>
</testsuite> <!-- com.chkpoint.jaytest1.Inventory_Test -->
