<?xml version="1.0" encoding="UTF-8"?>
<!-- Generated by org.testng.reporters.JUnitReportReporter -->
<testsuite hostname="INBANGNBLENO10" name="com.chkpoint.TestLifeCycleKnownValid" tests="7" failures="0" timestamp="31 Oct 2018 04:34:23 GMT" time="114.791" errors="0">
  <testcase name="Test06RetireItems" time="14.150" classname="com.chkpoint.TestLifeCycleKnownValid"/>
  <testcase name="Test04PutawayItems" time="20.090" classname="com.chkpoint.TestLifeCycleKnownValid"/>
  <testcase name="Test07ReturnItems" time="11.814" classname="com.chkpoint.TestLifeCycleKnownValid"/>
  <testcase name="Test01ReceiveUnTagItems" time="19.300" classname="com.chkpoint.TestLifeCycleKnownValid"/>
  <testcase name="Test02EncodeItems" time="21.080" classname="com.chkpoint.TestLifeCycleKnownValid"/>
  <testcase name="Test05NormalCycleCountItems" time="19.746" classname="com.chkpoint.TestLifeCycleKnownValid"/>
  <testcase name="Test03ReceiveItems" time="8.611" classname="com.chkpoint.TestLifeCycleKnownValid"/>
</testsuite> <!-- com.chkpoint.TestLifeCycleKnownValid -->
