<?xml version="1.0" encoding="UTF-8"?>
<!-- Generated by org.testng.reporters.JUnitReportReporter -->
<testsuite hostname="INBANGNBLENO10" name="com.chkpoint.TestLifecycleUnknownInvalid" tests="7" failures="0" timestamp="24 Oct 2018 11:07:36 GMT" time="107.837" errors="0">
  <testcase name="Test02EncodeItems" time="14.158" classname="com.chkpoint.TestLifecycleUnknownInvalid"/>
  <testcase name="Test01ReceiveUnTagItems" time="21.673" classname="com.chkpoint.TestLifecycleUnknownInvalid"/>
  <testcase name="Test05NormalCycleCountItems" time="21.984" classname="com.chkpoint.TestLifecycleUnknownInvalid"/>
  <testcase name="Test03ReceiveItems" time="8.486" classname="com.chkpoint.TestLifecycleUnknownInvalid"/>
  <testcase name="Test06RetireItems" time="12.168" classname="com.chkpoint.TestLifecycleUnknownInvalid"/>
  <testcase name="Test04PutawayItems" time="17.572" classname="com.chkpoint.TestLifecycleUnknownInvalid"/>
  <testcase name="Test07ReturnItems" time="11.796" classname="com.chkpoint.TestLifecycleUnknownInvalid"/>
</testsuite> <!-- com.chkpoint.TestLifecycleUnknownInvalid -->
